==> Cloning from https://github.com/Baijack-star/my-autogen-agent
==> Syncing Git submodules
==> Checking out commit 9732e3edeb54b542e763bf428a707b96aa8e87ef in branch main
#1 [internal] load build definition from Dockerfile
#1 transferring dockerfile: 2.39kB done
#1 DONE 0.0s
#2 [internal] load metadata for docker.io/library/python:3.11.10-slim-bookworm
#2 ...
#3 [auth] library/python:pull render-prod/docker-mirror-repository/library/python:pull token for us-west1-docker.pkg.dev
#3 DONE 0.0s
#2 [internal] load metadata for docker.io/library/python:3.11.10-slim-bookworm
#2 DONE 0.6s
#4 [internal] load .dockerignore
#4 transferring context: 1.70kB done
#4 DONE 0.0s
#5 [server_dependencies  1/12] FROM docker.io/library/python:3.11.10-slim-bookworm@sha256:840e180ebcc6e5c8efab209c43f5e40fd2af98cb49db5c7103c90539c56bb30e
#5 resolve docker.io/library/python:3.11.10-slim-bookworm@sha256:840e180ebcc6e5c8efab209c43f5e40fd2af98cb49db5c7103c90539c56bb30e done
#5 ...
#6 [internal] load build context
#6 transferring context: 3.12MB 0.1s done
#6 DONE 0.2s
#5 [server_dependencies  1/12] FROM docker.io/library/python:3.11.10-slim-bookworm@sha256:840e180ebcc6e5c8efab209c43f5e40fd2af98cb49db5c7103c90539c56bb30e
#5 extracting sha256:bc0965b23a04fe7f2d9fb20f597008fcf89891de1c705ffc1c80483a1f098e4f
#5 extracting sha256:bc0965b23a04fe7f2d9fb20f597008fcf89891de1c705ffc1c80483a1f098e4f 1.1s done
#5 extracting sha256:c58b365c3bcb57c930511e3fef962d15491ef2daba1e111fb5a6b41dbdecfc6b
#5 extracting sha256:c58b365c3bcb57c930511e3fef962d15491ef2daba1e111fb5a6b41dbdecfc6b 3.5s done
#5 extracting sha256:3bc3f72291794502343f023ab10455e459897b13a73f38b6b56cf266dccb7ec5
#5 extracting sha256:3bc3f72291794502343f023ab10455e459897b13a73f38b6b56cf266dccb7ec5 1.3s done
#5 extracting sha256:42dacf6a4601de71542906f1be2bca5a78b8f430479b260a7097b9870498af69 0.0s done
#5 DONE 6.8s
#7 [server_dependencies  2/12] WORKDIR /app
#7 DONE 0.0s
#8 [server_dependencies  3/12] RUN pip3 install --upgrade pip setuptools
#8 ...
#9 [builder  3/17] RUN echo 'Acquire::http::Pipeline-Depth 0;\nAcquire::http::No-Cache true;\nAcquire::BrokenProxy true;\n' > /etc/apt/apt.conf.d/99fixbadproxy
#9 DONE 0.2s
#10 [builder  4/17] RUN apt-get update --allow-releaseinfo-change --fix-missing
#10 0.414 Get:1 http://deb.debian.org/debian bookworm InRelease [151 kB]
#10 0.444 Get:2 http://deb.debian.org/debian bookworm-updates InRelease [55.4 kB]
#10 0.455 Get:3 http://deb.debian.org/debian-security bookworm-security InRelease [48.0 kB]
#10 0.545 Get:4 http://deb.debian.org/debian bookworm/main amd64 Packages [8793 kB]
#10 0.674 Get:5 http://deb.debian.org/debian bookworm-updates/main amd64 Packages [756 B]
#10 0.718 Get:6 http://deb.debian.org/debian-security bookworm-security/main amd64 Packages [270 kB]
#10 1.623 Fetched 9318 kB in 1s (7516 kB/s)
#10 1.623 Reading package lists...
#10 DONE 2.3s
#8 [server_dependencies  3/12] RUN pip3 install --upgrade pip setuptools
#8 2.706 Requirement already satisfied: pip in /usr/local/lib/python3.11/site-packages (24.0)
#8 2.861 Collecting pip
#8 2.945   Downloading pip-25.1.1-py3-none-any.whl.metadata (3.6 kB)
#8 2.961 Requirement already satisfied: setuptools in /usr/local/lib/python3.11/site-packages (65.5.1)
#8 3.190 Collecting setuptools
#8 3.199   Downloading setuptools-80.9.0-py3-none-any.whl.metadata (6.6 kB)
#8 3.281 Downloading pip-25.1.1-py3-none-any.whl (1.8 MB)
#8 3.443    ━━━━━━━━━━━━━━━━━━━━━━━━━━━━━━━━━━━━━━━━ 1.8/1.8 MB 11.7 MB/s eta 0:00:00
#8 3.453 Downloading setuptools-80.9.0-py3-none-any.whl (1.2 MB)
#8 3.625    ━━━━━━━━━━━━━━━━━━━━━━━━━━━━━━━━━━━━━━━━ 1.2/1.2 MB 7.2 MB/s eta 0:00:00
#8 3.757 Installing collected packages: setuptools, pip
#8 3.757   Attempting uninstall: setuptools
#8 3.760     Found existing installation: setuptools 65.5.1
#8 3.778     Uninstalling setuptools-65.5.1:
#8 3.943       Successfully uninstalled setuptools-65.5.1
#8 4.733   Attempting uninstall: pip
#8 4.738     Found existing installation: pip 24.0
#8 4.796     Uninstalling pip-24.0:
#8 5.178       Successfully uninstalled pip-24.0
#8 6.260 Successfully installed pip-25.1.1 setuptools-80.9.0
#8 6.260 WARNING: Running pip as the 'root' user can result in broken permissions and conflicting behaviour with the system package manager. It is recommended to use a virtual environment instead: https://pip.pypa.io/warnings/venv
#8 DONE 7.8s
#11 [builder  5/17] RUN apt-get install -y build-essential
#11 0.079 Reading package lists...
#11 0.725 Building dependency tree...
#11 0.928 Reading state information...
#11 1.145 The following additional packages will be installed:
#11 1.145   binutils binutils-common binutils-x86-64-linux-gnu bzip2 cpp cpp-12 dirmngr
#11 1.145   dpkg-dev fakeroot fontconfig-config fonts-dejavu-core g++ g++-12 gcc gcc-12
#11 1.145   gcc-12-base gnupg gnupg-l10n gnupg-utils gpg gpg-agent gpg-wks-client
#11 1.145   gpg-wks-server gpgconf gpgsm libabsl20220623 libalgorithm-diff-perl
#11 1.145   libalgorithm-diff-xs-perl libalgorithm-merge-perl libaom3 libasan8
#11 1.145   libassuan0 libatomic1 libavif15 libbinutils libbrotli1 libbsd0 libc-bin
#11 1.145   libc-dev-bin libc-devtools libc6 libc6-dev libcc1-0 libcrypt-dev
#11 1.145   libctf-nobfd0 libctf0 libdav1d6 libde265-0 libdeflate0 libdpkg-perl
#11 1.145   libexpat1 libfakeroot libfile-fcntllock-perl libfontconfig1 libfreetype6
#11 1.145   libgav1-1 libgcc-12-dev libgcc-s1 libgd3 libgdbm-compat4 libgomp1
#11 1.145   libgprofng0 libheif1 libisl23 libitm1 libjansson4 libjbig0 libjpeg62-turbo
#11 1.145   libksba8 libldap-2.5-0 libldap-common liblerc4 liblocale-gettext-perl
#11 1.146   liblsan0 liblzma5 libmpc3 libmpfr6 libnpth0 libnsl-dev libnuma1 libperl5.36
#11 1.146   libpng16-16 libquadmath0 librav1e0 libsasl2-2 libsasl2-modules
#11 1.146   libsasl2-modules-db libstdc++-12-dev libstdc++6 libsvtav1enc1 libtiff6
#11 1.146   libtirpc-dev libtsan2 libubsan1 libwebp7 libx11-6 libx11-data libx265-199
#11 1.146   libxau6 libxcb1 libxdmcp6 libxpm4 libyuv0 linux-libc-dev make manpages
#11 1.146   manpages-dev patch perl perl-base perl-modules-5.36 pinentry-curses
#11 1.146   rpcsvc-proto xz-utils
#11 1.147 Suggested packages:
#11 1.147   binutils-doc bzip2-doc cpp-doc gcc-12-locales cpp-12-doc dbus-user-session
#11 1.147   libpam-systemd pinentry-gnome3 tor debian-keyring g++-multilib
#11 1.147   g++-12-multilib gcc-12-doc gcc-multilib autoconf automake libtool flex bison
#11 1.147   gdb gcc-doc gcc-12-multilib parcimonie xloadimage scdaemon glibc-doc
#11 1.147   libc-l10n locales libnss-nis libnss-nisplus sensible-utils git bzr
#11 1.147   libgd-tools libsasl2-modules-gssapi-mit | libsasl2-modules-gssapi-heimdal
#11 1.147   libsasl2-modules-ldap libsasl2-modules-otp libsasl2-modules-sql
#11 1.147   libstdc++-12-doc make-doc man-browser ed diffutils-doc perl-doc
#11 1.147   libterm-readline-gnu-perl | libterm-readline-perl-perl
#11 1.147   libtap-harness-archive-perl pinentry-doc
#11 1.743 The following NEW packages will be installed:
#11 1.743   binutils binutils-common binutils-x86-64-linux-gnu build-essential bzip2 cpp
#11 1.743   cpp-12 dirmngr dpkg-dev fakeroot fontconfig-config fonts-dejavu-core g++
#11 1.743   g++-12 gcc gcc-12 gnupg gnupg-l10n gnupg-utils gpg gpg-agent gpg-wks-client
#11 1.744   gpg-wks-server gpgconf gpgsm libabsl20220623 libalgorithm-diff-perl
#11 1.744   libalgorithm-diff-xs-perl libalgorithm-merge-perl libaom3 libasan8
#11 1.744   libassuan0 libatomic1 libavif15 libbinutils libbrotli1 libbsd0 libc-dev-bin
#11 1.744   libc-devtools libc6-dev libcc1-0 libcrypt-dev libctf-nobfd0 libctf0
#11 1.744   libdav1d6 libde265-0 libdeflate0 libdpkg-perl libexpat1 libfakeroot
#11 1.744   libfile-fcntllock-perl libfontconfig1 libfreetype6 libgav1-1 libgcc-12-dev
#11 1.744   libgd3 libgdbm-compat4 libgomp1 libgprofng0 libheif1 libisl23 libitm1
#11 1.744   libjansson4 libjbig0 libjpeg62-turbo libksba8 libldap-2.5-0 libldap-common
#11 1.744   liblerc4 liblocale-gettext-perl liblsan0 libmpc3 libmpfr6 libnpth0
#11 1.744   libnsl-dev libnuma1 libperl5.36 libpng16-16 libquadmath0 librav1e0
#11 1.744   libsasl2-2 libsasl2-modules libsasl2-modules-db libstdc++-12-dev
#11 1.744   libsvtav1enc1 libtiff6 libtirpc-dev libtsan2 libubsan1 libwebp7 libx11-6
#11 1.744   libx11-data libx265-199 libxau6 libxcb1 libxdmcp6 libxpm4 libyuv0
#11 1.744   linux-libc-dev make manpages manpages-dev patch perl perl-modules-5.36
#11 1.745   pinentry-curses rpcsvc-proto xz-utils
#11 1.746 The following packages will be upgraded:
#11 1.747   gcc-12-base libc-bin libc6 libgcc-s1 liblzma5 libstdc++6 perl-base
#11 1.803 7 upgraded, 108 newly installed, 0 to remove and 26 not upgraded.
#11 1.803 Need to get 104 MB of archives.
#11 1.803 After this operation, 390 MB of additional disk space will be used.
#11 1.803 Get:1 http://deb.debian.org/debian bookworm/main amd64 perl-base amd64 5.36.0-7+deb12u2 [1609 kB]
#11 1.863 Get:2 http://deb.debian.org/debian bookworm/main amd64 gcc-12-base amd64 12.2.0-14+deb12u1 [37.6 kB]
#11 1.869 Get:3 http://deb.debian.org/debian bookworm/main amd64 libgcc-s1 amd64 12.2.0-14+deb12u1 [49.9 kB]
#11 1.878 Get:4 http://deb.debian.org/debian bookworm/main amd64 libstdc++6 amd64 12.2.0-14+deb12u1 [613 kB]
#11 1.891 Get:5 http://deb.debian.org/debian bookworm/main amd64 libc6 amd64 2.36-9+deb12u10 [2757 kB]
#11 1.928 Get:6 http://deb.debian.org/debian bookworm/main amd64 libc-bin amd64 2.36-9+deb12u10 [608 kB]
#11 1.941 Get:7 http://deb.debian.org/debian bookworm/main amd64 perl-modules-5.36 all 5.36.0-7+deb12u2 [2815 kB]
#11 1.977 Get:8 http://deb.debian.org/debian bookworm/main amd64 libgdbm-compat4 amd64 1.23-3 [48.2 kB]
#11 1.985 Get:9 http://deb.debian.org/debian bookworm/main amd64 libperl5.36 amd64 5.36.0-7+deb12u2 [4207 kB]
#11 2.026 Get:10 http://deb.debian.org/debian bookworm/main amd64 perl amd64 5.36.0-7+deb12u2 [239 kB]
#11 2.037 Get:11 http://deb.debian.org/debian bookworm/main amd64 liblocale-gettext-perl amd64 1.07-5 [15.4 kB]
#11 2.046 Get:12 http://deb.debian.org/debian bookworm/main amd64 liblzma5 amd64 5.4.1-1 [205 kB]
#11 2.063 Get:13 http://deb.debian.org/debian bookworm/main amd64 bzip2 amd64 1.0.8-5+b1 [49.8 kB]
#11 2.070 Get:14 http://deb.debian.org/debian bookworm/main amd64 manpages all 6.03-2 [1332 kB]
#11 2.090 Get:15 http://deb.debian.org/debian bookworm/main amd64 xz-utils amd64 5.4.1-1 [471 kB]
#11 2.104 Get:16 http://deb.debian.org/debian bookworm/main amd64 binutils-common amd64 2.40-2 [2487 kB]
#11 2.134 Get:17 http://deb.debian.org/debian bookworm/main amd64 libbinutils amd64 2.40-2 [572 kB]
#11 2.146 Get:18 http://deb.debian.org/debian bookworm/main amd64 libctf-nobfd0 amd64 2.40-2 [153 kB]
#11 2.166 Get:19 http://deb.debian.org/debian bookworm/main amd64 libctf0 amd64 2.40-2 [89.8 kB]
#11 2.175 Get:20 http://deb.debian.org/debian bookworm/main amd64 libgprofng0 amd64 2.40-2 [812 kB]
#11 2.193 Get:21 http://deb.debian.org/debian bookworm/main amd64 libjansson4 amd64 2.14-2 [40.8 kB]
#11 2.202 Get:22 http://deb.debian.org/debian bookworm/main amd64 binutils-x86-64-linux-gnu amd64 2.40-2 [2246 kB]
#11 2.244 Get:23 http://deb.debian.org/debian bookworm/main amd64 binutils amd64 2.40-2 [65.0 kB]
#11 2.253 Get:24 http://deb.debian.org/debian bookworm/main amd64 libc-dev-bin amd64 2.36-9+deb12u10 [47.1 kB]
#11 2.265 Get:25 http://deb.debian.org/debian-security bookworm-security/main amd64 linux-libc-dev amd64 6.1.140-1 [2145 kB]
#11 2.300 Get:26 http://deb.debian.org/debian bookworm/main amd64 libcrypt-dev amd64 1:4.4.33-2 [118 kB]
#11 2.311 Get:27 http://deb.debian.org/debian bookworm/main amd64 libtirpc-dev amd64 1.3.3+ds-1 [191 kB]
#11 2.322 Get:28 http://deb.debian.org/debian bookworm/main amd64 libnsl-dev amd64 1.3.0-2 [66.4 kB]
#11 2.341 Get:29 http://deb.debian.org/debian bookworm/main amd64 rpcsvc-proto amd64 1.4.3-1 [63.3 kB]
#11 2.350 Get:30 http://deb.debian.org/debian bookworm/main amd64 libc6-dev amd64 2.36-9+deb12u10 [1903 kB]
#11 2.475 Get:31 http://deb.debian.org/debian bookworm/main amd64 libisl23 amd64 0.25-1.1 [683 kB]
#11 2.499 Get:32 http://deb.debian.org/debian bookworm/main amd64 libmpfr6 amd64 4.2.0-1 [701 kB]
#11 2.517 Get:33 http://deb.debian.org/debian bookworm/main amd64 libmpc3 amd64 1.3.1-1 [51.5 kB]
#11 2.526 Get:34 http://deb.debian.org/debian bookworm/main amd64 cpp-12 amd64 12.2.0-14+deb12u1 [9768 kB]
#11 2.832 Get:35 http://deb.debian.org/debian bookworm/main amd64 cpp amd64 4:12.2.0-3 [6836 B]
#11 2.842 Get:36 http://deb.debian.org/debian bookworm/main amd64 libcc1-0 amd64 12.2.0-14+deb12u1 [41.7 kB]
#11 2.852 Get:37 http://deb.debian.org/debian bookworm/main amd64 libgomp1 amd64 12.2.0-14+deb12u1 [116 kB]
#11 2.873 Get:38 http://deb.debian.org/debian bookworm/main amd64 libitm1 amd64 12.2.0-14+deb12u1 [26.1 kB]
#11 2.877 Get:39 http://deb.debian.org/debian bookworm/main amd64 libatomic1 amd64 12.2.0-14+deb12u1 [9376 B]
#11 2.885 Get:40 http://deb.debian.org/debian bookworm/main amd64 libasan8 amd64 12.2.0-14+deb12u1 [2193 kB]
#11 3.033 Get:41 http://deb.debian.org/debian bookworm/main amd64 liblsan0 amd64 12.2.0-14+deb12u1 [969 kB]
#11 3.127 Get:42 http://deb.debian.org/debian bookworm/main amd64 libtsan2 amd64 12.2.0-14+deb12u1 [2197 kB]
#11 3.309 Get:43 http://deb.debian.org/debian bookworm/main amd64 libubsan1 amd64 12.2.0-14+deb12u1 [883 kB]
#11 3.379 Get:44 http://deb.debian.org/debian bookworm/main amd64 libquadmath0 amd64 12.2.0-14+deb12u1 [145 kB]
#11 3.407 Get:45 http://deb.debian.org/debian bookworm/main amd64 libgcc-12-dev amd64 12.2.0-14+deb12u1 [2437 kB]
#11 3.579 Get:46 http://deb.debian.org/debian bookworm/main amd64 gcc-12 amd64 12.2.0-14+deb12u1 [19.3 MB]
#11 6.276 Get:47 http://deb.debian.org/debian bookworm/main amd64 gcc amd64 4:12.2.0-3 [5216 B]
#11 6.284 Get:48 http://deb.debian.org/debian bookworm/main amd64 libstdc++-12-dev amd64 12.2.0-14+deb12u1 [2047 kB]
#11 6.530 Get:49 http://deb.debian.org/debian bookworm/main amd64 g++-12 amd64 12.2.0-14+deb12u1 [10.7 MB]
#11 7.518 Get:50 http://deb.debian.org/debian bookworm/main amd64 g++ amd64 4:12.2.0-3 [1356 B]
#11 7.527 Get:51 http://deb.debian.org/debian bookworm/main amd64 make amd64 4.3-4.1 [396 kB]
#11 7.574 Get:52 http://deb.debian.org/debian bookworm/main amd64 libdpkg-perl all 1.21.22 [603 kB]
#11 7.628 Get:53 http://deb.debian.org/debian bookworm/main amd64 patch amd64 2.7.6-7 [128 kB]
#11 7.645 Get:54 http://deb.debian.org/debian bookworm/main amd64 dpkg-dev all 1.21.22 [1353 kB]
#11 7.752 Get:55 http://deb.debian.org/debian bookworm/main amd64 build-essential amd64 12.9 [7704 B]
#11 7.763 Get:56 http://deb.debian.org/debian bookworm/main amd64 libassuan0 amd64 2.5.5-5 [48.5 kB]
#11 7.773 Get:57 http://deb.debian.org/debian bookworm/main amd64 gpgconf amd64 2.2.40-1.1 [564 kB]
#11 7.804 Get:58 http://deb.debian.org/debian bookworm/main amd64 libksba8 amd64 1.6.3-2 [128 kB]
#11 7.816 Get:59 http://deb.debian.org/debian bookworm/main amd64 libsasl2-modules-db amd64 2.1.28+dfsg-10 [20.3 kB]
#11 7.825 Get:60 http://deb.debian.org/debian bookworm/main amd64 libsasl2-2 amd64 2.1.28+dfsg-10 [59.7 kB]
#11 7.835 Get:61 http://deb.debian.org/debian bookworm/main amd64 libldap-2.5-0 amd64 2.5.13+dfsg-5 [183 kB]
#11 7.848 Get:62 http://deb.debian.org/debian bookworm/main amd64 libnpth0 amd64 1.6-3 [19.0 kB]
#11 7.863 Get:63 http://deb.debian.org/debian bookworm/main amd64 dirmngr amd64 2.2.40-1.1 [792 kB]
#11 7.896 Get:64 http://deb.debian.org/debian bookworm/main amd64 libfakeroot amd64 1.31-1.2 [28.3 kB]
#11 7.904 Get:65 http://deb.debian.org/debian bookworm/main amd64 fakeroot amd64 1.31-1.2 [66.9 kB]
#11 7.914 Get:66 http://deb.debian.org/debian bookworm/main amd64 fonts-dejavu-core all 2.37-6 [1068 kB]
#11 7.962 Get:67 http://deb.debian.org/debian bookworm/main amd64 fontconfig-config amd64 2.14.1-4 [315 kB]
#11 7.980 Get:68 http://deb.debian.org/debian bookworm/main amd64 gnupg-l10n all 2.2.40-1.1 [1093 kB]
#11 8.016 Get:69 http://deb.debian.org/debian bookworm/main amd64 gnupg-utils amd64 2.2.40-1.1 [927 kB]
#11 8.046 Get:70 http://deb.debian.org/debian bookworm/main amd64 gpg amd64 2.2.40-1.1 [949 kB]
#11 8.085 Get:71 http://deb.debian.org/debian bookworm/main amd64 pinentry-curses amd64 1.2.1-1 [77.4 kB]
#11 8.095 Get:72 http://deb.debian.org/debian bookworm/main amd64 gpg-agent amd64 2.2.40-1.1 [695 kB]
#11 8.124 Get:73 http://deb.debian.org/debian bookworm/main amd64 gpg-wks-client amd64 2.2.40-1.1 [541 kB]
#11 8.149 Get:74 http://deb.debian.org/debian bookworm/main amd64 gpg-wks-server amd64 2.2.40-1.1 [531 kB]
#11 8.173 Get:75 http://deb.debian.org/debian bookworm/main amd64 gpgsm amd64 2.2.40-1.1 [671 kB]
#11 8.201 Get:76 http://deb.debian.org/debian bookworm/main amd64 gnupg all 2.2.40-1.1 [846 kB]
#11 8.234 Get:77 http://deb.debian.org/debian bookworm/main amd64 libabsl20220623 amd64 20220623.1-1+deb12u2 [391 kB]
#11 8.253 Get:78 http://deb.debian.org/debian bookworm/main amd64 libalgorithm-diff-perl all 1.201-1 [43.3 kB]
#11 8.266 Get:79 http://deb.debian.org/debian bookworm/main amd64 libalgorithm-diff-xs-perl amd64 0.04-8+b1 [11.4 kB]
#11 8.272 Get:80 http://deb.debian.org/debian bookworm/main amd64 libalgorithm-merge-perl all 0.08-5 [11.8 kB]
#11 8.281 Get:81 http://deb.debian.org/debian bookworm/main amd64 libaom3 amd64 3.6.0-1+deb12u1 [1851 kB]
#11 8.362 Get:82 http://deb.debian.org/debian bookworm/main amd64 libdav1d6 amd64 1.0.0-2+deb12u1 [513 kB]
#11 8.408 Get:83 http://deb.debian.org/debian bookworm/main amd64 libgav1-1 amd64 0.18.0-1+b1 [332 kB]
#11 8.449 Get:84 http://deb.debian.org/debian bookworm/main amd64 librav1e0 amd64 0.5.1-6 [763 kB]
#11 8.546 Get:85 http://deb.debian.org/debian bookworm/main amd64 libsvtav1enc1 amd64 1.4.1+dfsg-1 [2121 kB]
#11 8.769 Get:86 http://deb.debian.org/debian bookworm/main amd64 libjpeg62-turbo amd64 1:2.1.5-2 [166 kB]
#11 8.789 Get:87 http://deb.debian.org/debian bookworm/main amd64 libyuv0 amd64 0.0~git20230123.b2528b0-1 [168 kB]
#11 8.810 Get:88 http://deb.debian.org/debian-security bookworm-security/main amd64 libavif15 amd64 0.11.1-1+deb12u1 [94.4 kB]
#11 8.833 Get:89 http://deb.debian.org/debian bookworm/main amd64 libbrotli1 amd64 1.0.9-2+b6 [275 kB]
#11 8.868 Get:90 http://deb.debian.org/debian bookworm/main amd64 libbsd0 amd64 0.11.7-2 [117 kB]
#11 8.882 Get:91 http://deb.debian.org/debian bookworm/main amd64 libexpat1 amd64 2.5.0-1+deb12u1 [98.9 kB]
#11 8.900 Get:92 http://deb.debian.org/debian bookworm/main amd64 libpng16-16 amd64 1.6.39-2 [276 kB]
#11 8.930 Get:93 http://deb.debian.org/debian bookworm/main amd64 libfreetype6 amd64 2.12.1+dfsg-5+deb12u4 [398 kB]
#11 8.971 Get:94 http://deb.debian.org/debian bookworm/main amd64 libfontconfig1 amd64 2.14.1-4 [386 kB]
#11 9.021 Get:95 http://deb.debian.org/debian bookworm/main amd64 libde265-0 amd64 1.0.11-1+deb12u2 [185 kB]
#11 9.049 Get:96 http://deb.debian.org/debian bookworm/main amd64 libnuma1 amd64 2.0.16-1 [21.0 kB]
#11 9.064 Get:97 http://deb.debian.org/debian bookworm/main amd64 libx265-199 amd64 3.5-2+b1 [1150 kB]
#11 9.191 Get:98 http://deb.debian.org/debian bookworm/main amd64 libheif1 amd64 1.15.1-1+deb12u1 [215 kB]
#11 9.218 Get:99 http://deb.debian.org/debian bookworm/main amd64 libdeflate0 amd64 1.14-1 [61.4 kB]
#11 9.231 Get:100 http://deb.debian.org/debian bookworm/main amd64 libjbig0 amd64 2.1-6.1 [31.7 kB]
#11 9.241 Get:101 http://deb.debian.org/debian bookworm/main amd64 liblerc4 amd64 4.0.0+ds-2 [170 kB]
#11 9.263 Get:102 http://deb.debian.org/debian bookworm/main amd64 libwebp7 amd64 1.2.4-0.2+deb12u1 [286 kB]
#11 9.300 Get:103 http://deb.debian.org/debian bookworm/main amd64 libtiff6 amd64 4.5.0-6+deb12u2 [316 kB]
#11 9.336 Get:104 http://deb.debian.org/debian bookworm/main amd64 libxau6 amd64 1:1.0.9-1 [19.7 kB]
#11 9.346 Get:105 http://deb.debian.org/debian bookworm/main amd64 libxdmcp6 amd64 1:1.1.2-3 [26.3 kB]
#11 9.359 Get:106 http://deb.debian.org/debian bookworm/main amd64 libxcb1 amd64 1.15-1 [144 kB]
#11 9.376 Get:107 http://deb.debian.org/debian bookworm/main amd64 libx11-data all 2:1.8.4-2+deb12u2 [292 kB]
#11 9.409 Get:108 http://deb.debian.org/debian bookworm/main amd64 libx11-6 amd64 2:1.8.4-2+deb12u2 [760 kB]
#11 9.498 Get:109 http://deb.debian.org/debian bookworm/main amd64 libxpm4 amd64 1:3.5.12-1.1+deb12u1 [48.6 kB]
#11 9.509 Get:110 http://deb.debian.org/debian bookworm/main amd64 libgd3 amd64 2.3.3-9 [124 kB]
#11 9.540 Get:111 http://deb.debian.org/debian bookworm/main amd64 libc-devtools amd64 2.36-9+deb12u10 [54.7 kB]
#11 9.553 Get:112 http://deb.debian.org/debian bookworm/main amd64 libfile-fcntllock-perl amd64 0.22-4+b1 [34.8 kB]
#11 9.568 Get:113 http://deb.debian.org/debian bookworm/main amd64 libldap-common all 2.5.13+dfsg-5 [29.3 kB]
#11 9.576 Get:114 http://deb.debian.org/debian bookworm/main amd64 libsasl2-modules amd64 2.1.28+dfsg-10 [66.6 kB]
#11 9.591 Get:115 http://deb.debian.org/debian bookworm/main amd64 manpages-dev all 6.03-2 [2030 kB]
#11 9.953 debconf: delaying package configuration, since apt-utils is not installed
#11 9.999 Fetched 104 MB in 8s (13.0 MB/s)
#11 10.02 (Reading database ... 
(Reading database ... 5%
(Reading database ... 10%
(Reading database ... 15%
(Reading database ... 20%
(Reading database ... 25%
(Reading database ... 30%
(Reading database ... 35%
(Reading database ... 40%
(Reading database ... 45%
(Reading database ... 50%
(Reading database ... 55%
(Reading database ... 60%
(Reading database ... 65%
(Reading database ... 70%
(Reading database ... 75%
(Reading database ... 80%
(Reading database ... 85%
(Reading database ... 90%
(Reading database ... 95%
(Reading database ... 100%
(Reading database ... 6686 files and directories currently installed.)
#11 10.03 Preparing to unpack .../perl-base_5.36.0-7+deb12u2_amd64.deb ...
#11 10.05 Unpacking perl-base (5.36.0-7+deb12u2) over (5.36.0-7+deb12u1) ...
#11 13.24 Setting up perl-base (5.36.0-7+deb12u2) ...
#11 13.49 (Reading database ... 
(Reading database ... 5%
(Reading database ... 10%
(Reading database ... 15%
(Reading database ... 20%
(Reading database ... 25%
(Reading database ... 30%
(Reading database ... 35%
(Reading database ... 40%
(Reading database ... 45%
(Reading database ... 50%
(Reading database ... 55%
(Reading database ... 60%
(Reading database ... 65%
(Reading database ... 70%
(Reading database ... 75%
(Reading database ... 80%
(Reading database ... 85%
(Reading database ... 90%
(Reading database ... 95%
(Reading database ... 100%
(Reading database ... 6687 files and directories currently installed.)
#11 13.50 Preparing to unpack .../gcc-12-base_12.2.0-14+deb12u1_amd64.deb ...
#11 13.52 Unpacking gcc-12-base:amd64 (12.2.0-14+deb12u1) over (12.2.0-14) ...
#11 13.58 Setting up gcc-12-base:amd64 (12.2.0-14+deb12u1) ...
#11 13.64 (Reading database ... 
(Reading database ... 5%
(Reading database ... 10%
(Reading database ... 15%
(Reading database ... 20%
(Reading database ... 25%
(Reading database ... 30%
(Reading database ... 35%
(Reading database ... 40%
(Reading database ... 45%
(Reading database ... 50%
(Reading database ... 55%
(Reading database ... 60%
(Reading database ... 65%
(Reading database ... 70%
(Reading database ... 75%
(Reading database ... 80%
(Reading database ... 85%
(Reading database ... 90%
(Reading database ... 95%
(Reading database ... 100%
(Reading database ... 6687 files and directories currently installed.)
#11 13.64 Preparing to unpack .../libgcc-s1_12.2.0-14+deb12u1_amd64.deb ...
#11 13.67 Unpacking libgcc-s1:amd64 (12.2.0-14+deb12u1) over (12.2.0-14) ...
#11 13.90 Setting up libgcc-s1:amd64 (12.2.0-14+deb12u1) ...
#11 13.97 (Reading database ... 
(Reading database ... 5%
(Reading database ... 10%
(Reading database ... 15%
(Reading database ... 20%
(Reading database ... 25%
(Reading database ... 30%
(Reading database ... 35%
(Reading database ... 40%
(Reading database ... 45%
(Reading database ... 50%
(Reading database ... 55%
(Reading database ... 60%
(Reading database ... 65%
(Reading database ... 70%
(Reading database ... 75%
(Reading database ... 80%
(Reading database ... 85%
(Reading database ... 90%
(Reading database ... 95%
(Reading database ... 100%
(Reading database ... 6687 files and directories currently installed.)
#11 13.98 Preparing to unpack .../libstdc++6_12.2.0-14+deb12u1_amd64.deb ...
#11 14.01 Unpacking libstdc++6:amd64 (12.2.0-14+deb12u1) over (12.2.0-14) ...
#11 14.14 Setting up libstdc++6:amd64 (12.2.0-14+deb12u1) ...
#11 14.39 (Reading database ... 
(Reading database ... 5%
(Reading database ... 10%
(Reading database ... 15%
(Reading database ... 20%
(Reading database ... 25%
(Reading database ... 30%
(Reading database ... 35%
(Reading database ... 40%
(Reading database ... 45%
(Reading database ... 50%
(Reading database ... 55%
(Reading database ... 60%
(Reading database ... 65%
(Reading database ... 70%
(Reading database ... 75%
(Reading database ... 80%
(Reading database ... 85%
(Reading database ... 90%
(Reading database ... 95%
(Reading database ... 100%
(Reading database ... 6687 files and directories currently installed.)
#11 14.40 Preparing to unpack .../libc6_2.36-9+deb12u10_amd64.deb ...
#11 14.50 debconf: unable to initialize frontend: Dialog
#11 14.50 debconf: (TERM is not set, so the dialog frontend is not usable.)
#11 14.50 debconf: falling back to frontend: Readline
#11 14.50 debconf: unable to initialize frontend: Readline
#11 14.50 debconf: (Can't locate Term/ReadLine.pm in @INC (you may need to install the Term::ReadLine module) (@INC contains: /etc/perl /usr/local/lib/x86_64-linux-gnu/perl/5.36.0 /usr/local/share/perl/5.36.0 /usr/lib/x86_64-linux-gnu/perl5/5.36 /usr/share/perl5 /usr/lib/x86_64-linux-gnu/perl-base /usr/lib/x86_64-linux-gnu/perl/5.36 /usr/share/perl/5.36 /usr/local/lib/site_perl) at /usr/share/perl5/Debconf/FrontEnd/Readline.pm line 7.)
#11 14.50 debconf: falling back to frontend: Teletype
#11 14.68 Unpacking libc6:amd64 (2.36-9+deb12u10) over (2.36-9+deb12u9) ...
#11 16.16 Setting up libc6:amd64 (2.36-9+deb12u10) ...
#11 16.25 debconf: unable to initialize frontend: Dialog
#11 16.25 debconf: (TERM is not set, so the dialog frontend is not usable.)
#11 16.25 debconf: falling back to frontend: Readline
#11 16.25 debconf: unable to initialize frontend: Readline
#11 16.25 debconf: (Can't locate Term/ReadLine.pm in @INC (you may need to install the Term::ReadLine module) (@INC contains: /etc/perl /usr/local/lib/x86_64-linux-gnu/perl/5.36.0 /usr/local/share/perl/5.36.0 /usr/lib/x86_64-linux-gnu/perl5/5.36 /usr/share/perl5 /usr/lib/x86_64-linux-gnu/perl-base /usr/lib/x86_64-linux-gnu/perl/5.36 /usr/share/perl/5.36 /usr/local/lib/site_perl) at /usr/share/perl5/Debconf/FrontEnd/Readline.pm line 7.)
#11 16.25 debconf: falling back to frontend: Teletype
#11 16.35 (Reading database ... 
(Reading database ... 5%
(Reading database ... 10%
(Reading database ... 15%
(Reading database ... 20%
(Reading database ... 25%
(Reading database ... 30%
(Reading database ... 35%
(Reading database ... 40%
(Reading database ... 45%
(Reading database ... 50%
(Reading database ... 55%
(Reading database ... 60%
(Reading database ... 65%
(Reading database ... 70%
(Reading database ... 75%
(Reading database ... 80%
(Reading database ... 85%
(Reading database ... 90%
(Reading database ... 95%
(Reading database ... 100%
(Reading database ... 6687 files and directories currently installed.)
#11 16.36 Preparing to unpack .../libc-bin_2.36-9+deb12u10_amd64.deb ...
#11 16.39 Unpacking libc-bin (2.36-9+deb12u10) over (2.36-9+deb12u9) ...
#11 16.70 Setting up libc-bin (2.36-9+deb12u10) ...
#11 16.81 Selecting previously unselected package perl-modules-5.36.
#11 16.81 (Reading database ... 
(Reading database ... 5%
(Reading database ... 10%
(Reading database ... 15%
(Reading database ... 20%
(Reading database ... 25%
(Reading database ... 30%
(Reading database ... 35%
(Reading database ... 40%
(Reading database ... 45%
(Reading database ... 50%
(Reading database ... 55%
(Reading database ... 60%
(Reading database ... 65%
(Reading database ... 70%
(Reading database ... 75%
(Reading database ... 80%
(Reading database ... 85%
(Reading database ... 90%
(Reading database ... 95%
(Reading database ... 100%
(Reading database ... 6687 files and directories currently installed.)
#11 16.82 Preparing to unpack .../0-perl-modules-5.36_5.36.0-7+deb12u2_all.deb ...
#11 16.82 Unpacking perl-modules-5.36 (5.36.0-7+deb12u2) ...
#11 17.22 Selecting previously unselected package libgdbm-compat4:amd64.
#11 17.22 Preparing to unpack .../1-libgdbm-compat4_1.23-3_amd64.deb ...
#11 17.24 Unpacking libgdbm-compat4:amd64 (1.23-3) ...
#11 17.31 Selecting previously unselected package libperl5.36:amd64.
#11 17.31 Preparing to unpack .../2-libperl5.36_5.36.0-7+deb12u2_amd64.deb ...
#11 17.32 Unpacking libperl5.36:amd64 (5.36.0-7+deb12u2) ...
#11 18.72 Selecting previously unselected package perl.
#11 18.72 Preparing to unpack .../3-perl_5.36.0-7+deb12u2_amd64.deb ...
#11 18.73 Unpacking perl (5.36.0-7+deb12u2) ...
#11 18.78 Selecting previously unselected package liblocale-gettext-perl.
#11 18.78 Preparing to unpack .../4-liblocale-gettext-perl_1.07-5_amd64.deb ...
#11 18.79 Unpacking liblocale-gettext-perl (1.07-5) ...
#11 18.82 Preparing to unpack .../5-liblzma5_5.4.1-1_amd64.deb ...
#11 18.83 Unpacking liblzma5:amd64 (5.4.1-1) over (5.4.1-0.2) ...
#11 18.88 Setting up liblzma5:amd64 (5.4.1-1) ...
#11 19.01 Selecting previously unselected package bzip2.
#11 19.01 (Reading database ... 
(Reading database ... 5%
(Reading database ... 10%
(Reading database ... 15%
(Reading database ... 20%
(Reading database ... 25%
(Reading database ... 30%
(Reading database ... 35%
(Reading database ... 40%
(Reading database ... 45%
(Reading database ... 50%
(Reading database ... 55%
(Reading database ... 60%
(Reading database ... 65%
(Reading database ... 70%
(Reading database ... 75%
(Reading database ... 80%
(Reading database ... 85%
(Reading database ... 90%
(Reading database ... 95%
(Reading database ... 100%
(Reading database ... 8699 files and directories currently installed.)
#11 19.01 Preparing to unpack .../000-bzip2_1.0.8-5+b1_amd64.deb ...
#11 19.02 Unpacking bzip2 (1.0.8-5+b1) ...
#11 19.06 Selecting previously unselected package manpages.
#11 19.06 Preparing to unpack .../001-manpages_6.03-2_all.deb ...
#11 19.07 Unpacking manpages (6.03-2) ...
#11 19.18 Selecting previously unselected package xz-utils.
#11 19.18 Preparing to unpack .../002-xz-utils_5.4.1-1_amd64.deb ...
#11 19.18 Unpacking xz-utils (5.4.1-1) ...
#11 19.24 Selecting previously unselected package binutils-common:amd64.
#11 19.24 Preparing to unpack .../003-binutils-common_2.40-2_amd64.deb ...
#11 19.24 Unpacking binutils-common:amd64 (2.40-2) ...
#11 19.43 Selecting previously unselected package libbinutils:amd64.
#11 19.44 Preparing to unpack .../004-libbinutils_2.40-2_amd64.deb ...
#11 19.44 Unpacking libbinutils:amd64 (2.40-2) ...
#11 19.52 Selecting previously unselected package libctf-nobfd0:amd64.
#11 19.52 Preparing to unpack .../005-libctf-nobfd0_2.40-2_amd64.deb ...
#11 19.52 Unpacking libctf-nobfd0:amd64 (2.40-2) ...
#11 19.55 Selecting previously unselected package libctf0:amd64.
#11 19.56 Preparing to unpack .../006-libctf0_2.40-2_amd64.deb ...
#11 19.56 Unpacking libctf0:amd64 (2.40-2) ...
#11 19.61 Selecting previously unselected package libgprofng0:amd64.
#11 19.61 Preparing to unpack .../007-libgprofng0_2.40-2_amd64.deb ...
#11 19.61 Unpacking libgprofng0:amd64 (2.40-2) ...
#11 19.70 Selecting previously unselected package libjansson4:amd64.
#11 19.70 Preparing to unpack .../008-libjansson4_2.14-2_amd64.deb ...
#11 19.71 Unpacking libjansson4:amd64 (2.14-2) ...
#11 19.74 Selecting previously unselected package binutils-x86-64-linux-gnu.
#11 19.74 Preparing to unpack .../009-binutils-x86-64-linux-gnu_2.40-2_amd64.deb ...
#11 19.74 Unpacking binutils-x86-64-linux-gnu (2.40-2) ...
#11 19.95 Selecting previously unselected package binutils.
#11 19.95 Preparing to unpack .../010-binutils_2.40-2_amd64.deb ...
#11 19.97 Unpacking binutils (2.40-2) ...
#11 20.01 Selecting previously unselected package libc-dev-bin.
#11 20.01 Preparing to unpack .../011-libc-dev-bin_2.36-9+deb12u10_amd64.deb ...
#11 20.01 Unpacking libc-dev-bin (2.36-9+deb12u10) ...
#11 20.04 Selecting previously unselected package linux-libc-dev:amd64.
#11 20.04 Preparing to unpack .../012-linux-libc-dev_6.1.140-1_amd64.deb ...
#11 20.04 Unpacking linux-libc-dev:amd64 (6.1.140-1) ...
#11 20.32 Selecting previously unselected package libcrypt-dev:amd64.
#11 20.33 Preparing to unpack .../013-libcrypt-dev_1%3a4.4.33-2_amd64.deb ...
#11 20.35 Unpacking libcrypt-dev:amd64 (1:4.4.33-2) ...
#11 20.57 Selecting previously unselected package libtirpc-dev:amd64.
#11 20.57 Preparing to unpack .../014-libtirpc-dev_1.3.3+ds-1_amd64.deb ...
#11 20.66 Unpacking libtirpc-dev:amd64 (1.3.3+ds-1) ...
#11 20.91 Selecting previously unselected package libnsl-dev:amd64.
#11 20.91 Preparing to unpack .../015-libnsl-dev_1.3.0-2_amd64.deb ...
#11 20.94 Unpacking libnsl-dev:amd64 (1.3.0-2) ...
#11 21.10 Selecting previously unselected package rpcsvc-proto.
#11 21.10 Preparing to unpack .../016-rpcsvc-proto_1.4.3-1_amd64.deb ...
#11 21.11 Unpacking rpcsvc-proto (1.4.3-1) ...
#11 21.22 Selecting previously unselected package libc6-dev:amd64.
#11 21.23 Preparing to unpack .../017-libc6-dev_2.36-9+deb12u10_amd64.deb ...
#11 21.24 Unpacking libc6-dev:amd64 (2.36-9+deb12u10) ...
#11 21.77 Selecting previously unselected package libisl23:amd64.
#11 21.77 Preparing to unpack .../018-libisl23_0.25-1.1_amd64.deb ...
#11 21.77 Unpacking libisl23:amd64 (0.25-1.1) ...
#11 21.85 Selecting previously unselected package libmpfr6:amd64.
#11 21.85 Preparing to unpack .../019-libmpfr6_4.2.0-1_amd64.deb ...
#11 21.85 Unpacking libmpfr6:amd64 (4.2.0-1) ...
#11 21.92 Selecting previously unselected package libmpc3:amd64.
#11 21.92 Preparing to unpack .../020-libmpc3_1.3.1-1_amd64.deb ...
#11 21.93 Unpacking libmpc3:amd64 (1.3.1-1) ...
#11 21.97 Selecting previously unselected package cpp-12.
#11 21.98 Preparing to unpack .../021-cpp-12_12.2.0-14+deb12u1_amd64.deb ...
#11 22.07 Unpacking cpp-12 (12.2.0-14+deb12u1) ...
#11 22.90 Selecting previously unselected package cpp.
#11 22.90 Preparing to unpack .../022-cpp_4%3a12.2.0-3_amd64.deb ...
#11 22.93 Unpacking cpp (4:12.2.0-3) ...
#11 23.27 Selecting previously unselected package libcc1-0:amd64.
#11 23.28 Preparing to unpack .../023-libcc1-0_12.2.0-14+deb12u1_amd64.deb ...
#11 23.28 Unpacking libcc1-0:amd64 (12.2.0-14+deb12u1) ...
#11 23.33 Selecting previously unselected package libgomp1:amd64.
#11 23.33 Preparing to unpack .../024-libgomp1_12.2.0-14+deb12u1_amd64.deb ...
#11 23.33 Unpacking libgomp1:amd64 (12.2.0-14+deb12u1) ...
#11 23.38 Selecting previously unselected package libitm1:amd64.
#11 23.39 Preparing to unpack .../025-libitm1_12.2.0-14+deb12u1_amd64.deb ...
#11 23.39 Unpacking libitm1:amd64 (12.2.0-14+deb12u1) ...
#11 23.42 Selecting previously unselected package libatomic1:amd64.
#11 23.42 Preparing to unpack .../026-libatomic1_12.2.0-14+deb12u1_amd64.deb ...
#11 23.43 Unpacking libatomic1:amd64 (12.2.0-14+deb12u1) ...
#11 23.45 Selecting previously unselected package libasan8:amd64.
#11 23.45 Preparing to unpack .../027-libasan8_12.2.0-14+deb12u1_amd64.deb ...
#11 23.47 Unpacking libasan8:amd64 (12.2.0-14+deb12u1) ...
#11 23.67 Selecting previously unselected package liblsan0:amd64.
#11 23.67 Preparing to unpack .../028-liblsan0_12.2.0-14+deb12u1_amd64.deb ...
#11 23.67 Unpacking liblsan0:amd64 (12.2.0-14+deb12u1) ...
#11 23.77 Selecting previously unselected package libtsan2:amd64.
#11 23.78 Preparing to unpack .../029-libtsan2_12.2.0-14+deb12u1_amd64.deb ...
#11 23.78 Unpacking libtsan2:amd64 (12.2.0-14+deb12u1) ...
#11 24.04 Selecting previously unselected package libubsan1:amd64.
#11 24.04 Preparing to unpack .../030-libubsan1_12.2.0-14+deb12u1_amd64.deb ...
#11 24.04 Unpacking libubsan1:amd64 (12.2.0-14+deb12u1) ...
#11 24.16 Selecting previously unselected package libquadmath0:amd64.
#11 24.17 Preparing to unpack .../031-libquadmath0_12.2.0-14+deb12u1_amd64.deb ...
#11 24.17 Unpacking libquadmath0:amd64 (12.2.0-14+deb12u1) ...
#11 24.21 Selecting previously unselected package libgcc-12-dev:amd64.
#11 24.21 Preparing to unpack .../032-libgcc-12-dev_12.2.0-14+deb12u1_amd64.deb ...
#11 24.21 Unpacking libgcc-12-dev:amd64 (12.2.0-14+deb12u1) ...
#11 24.40 Selecting previously unselected package gcc-12.
#11 24.40 Preparing to unpack .../033-gcc-12_12.2.0-14+deb12u1_amd64.deb ...
#11 24.40 Unpacking gcc-12 (12.2.0-14+deb12u1) ...
#11 25.27 Selecting previously unselected package gcc.
#11 25.28 Preparing to unpack .../034-gcc_4%3a12.2.0-3_amd64.deb ...
#11 25.37 Unpacking gcc (4:12.2.0-3) ...
#11 25.40 Selecting previously unselected package libstdc++-12-dev:amd64.
#11 25.40 Preparing to unpack .../035-libstdc++-12-dev_12.2.0-14+deb12u1_amd64.deb ...
#11 25.40 Unpacking libstdc++-12-dev:amd64 (12.2.0-14+deb12u1) ...
#11 25.69 Selecting previously unselected package g++-12.
#11 25.69 Preparing to unpack .../036-g++-12_12.2.0-14+deb12u1_amd64.deb ...
#11 25.70 Unpacking g++-12 (12.2.0-14+deb12u1) ...
#11 26.34 Selecting previously unselected package g++.
#11 26.34 Preparing to unpack .../037-g++_4%3a12.2.0-3_amd64.deb ...
#11 26.34 Unpacking g++ (4:12.2.0-3) ...
#11 26.39 Selecting previously unselected package make.
#11 26.39 Preparing to unpack .../038-make_4.3-4.1_amd64.deb ...
#11 26.40 Unpacking make (4.3-4.1) ...
#11 26.45 Selecting previously unselected package libdpkg-perl.
#11 26.45 Preparing to unpack .../039-libdpkg-perl_1.21.22_all.deb ...
#11 26.45 Unpacking libdpkg-perl (1.21.22) ...
#11 26.53 Selecting previously unselected package patch.
#11 26.53 Preparing to unpack .../040-patch_2.7.6-7_amd64.deb ...
#11 26.53 Unpacking patch (2.7.6-7) ...
#11 26.58 Selecting previously unselected package dpkg-dev.
#11 26.58 Preparing to unpack .../041-dpkg-dev_1.21.22_all.deb ...
#11 26.58 Unpacking dpkg-dev (1.21.22) ...
#11 27.26 Selecting previously unselected package build-essential.
#11 27.26 Preparing to unpack .../042-build-essential_12.9_amd64.deb ...
#11 27.47 Unpacking build-essential (12.9) ...
#11 28.68 Selecting previously unselected package libassuan0:amd64.
#11 28.68 Preparing to unpack .../043-libassuan0_2.5.5-5_amd64.deb ...
#11 28.69 Unpacking libassuan0:amd64 (2.5.5-5) ...
#11 28.73 Selecting previously unselected package gpgconf.
#11 28.73 Preparing to unpack .../044-gpgconf_2.2.40-1.1_amd64.deb ...
#11 28.74 Unpacking gpgconf (2.2.40-1.1) ...
#11 28.81 Selecting previously unselected package libksba8:amd64.
#11 28.81 Preparing to unpack .../045-libksba8_1.6.3-2_amd64.deb ...
#11 28.82 Unpacking libksba8:amd64 (1.6.3-2) ...
#11 28.87 Selecting previously unselected package libsasl2-modules-db:amd64.
#11 28.87 Preparing to unpack .../046-libsasl2-modules-db_2.1.28+dfsg-10_amd64.deb ...
#11 28.88 Unpacking libsasl2-modules-db:amd64 (2.1.28+dfsg-10) ...
#11 28.92 Selecting previously unselected package libsasl2-2:amd64.
#11 28.93 Preparing to unpack .../047-libsasl2-2_2.1.28+dfsg-10_amd64.deb ...
#11 28.93 Unpacking libsasl2-2:amd64 (2.1.28+dfsg-10) ...
#11 29.00 Selecting previously unselected package libldap-2.5-0:amd64.
#11 29.00 Preparing to unpack .../048-libldap-2.5-0_2.5.13+dfsg-5_amd64.deb ...
#11 29.00 Unpacking libldap-2.5-0:amd64 (2.5.13+dfsg-5) ...
#11 29.07 Selecting previously unselected package libnpth0:amd64.
#11 29.07 Preparing to unpack .../049-libnpth0_1.6-3_amd64.deb ...
#11 29.17 Unpacking libnpth0:amd64 (1.6-3) ...
#11 29.22 Selecting previously unselected package dirmngr.
#11 29.22 Preparing to unpack .../050-dirmngr_2.2.40-1.1_amd64.deb ...
#11 29.24 Unpacking dirmngr (2.2.40-1.1) ...
#11 29.41 Selecting previously unselected package libfakeroot:amd64.
#11 29.41 Preparing to unpack .../051-libfakeroot_1.31-1.2_amd64.deb ...
#11 29.42 Unpacking libfakeroot:amd64 (1.31-1.2) ...
#11 29.56 Selecting previously unselected package fakeroot.
#11 29.57 Preparing to unpack .../052-fakeroot_1.31-1.2_amd64.deb ...
#11 29.67 Unpacking fakeroot (1.31-1.2) ...
#11 29.71 Selecting previously unselected package fonts-dejavu-core.
#11 29.71 Preparing to unpack .../053-fonts-dejavu-core_2.37-6_all.deb ...
#11 29.72 Unpacking fonts-dejavu-core (2.37-6) ...
#11 29.85 Selecting previously unselected package fontconfig-config.
#11 29.86 Preparing to unpack .../054-fontconfig-config_2.14.1-4_amd64.deb ...
#11 30.01 Unpacking fontconfig-config (2.14.1-4) ...
#11 30.07 Selecting previously unselected package gnupg-l10n.
#11 30.07 Preparing to unpack .../055-gnupg-l10n_2.2.40-1.1_all.deb ...
#11 30.07 Unpacking gnupg-l10n (2.2.40-1.1) ...
#11 30.16 Selecting previously unselected package gnupg-utils.
#11 30.17 Preparing to unpack .../056-gnupg-utils_2.2.40-1.1_amd64.deb ...
#11 30.17 Unpacking gnupg-utils (2.2.40-1.1) ...
#11 30.24 Selecting previously unselected package gpg.
#11 30.24 Preparing to unpack .../057-gpg_2.2.40-1.1_amd64.deb ...
#11 30.25 Unpacking gpg (2.2.40-1.1) ...
#11 30.33 Selecting previously unselected package pinentry-curses.
#11 30.33 Preparing to unpack .../058-pinentry-curses_1.2.1-1_amd64.deb ...
#11 30.34 Unpacking pinentry-curses (1.2.1-1) ...
#11 30.39 Selecting previously unselected package gpg-agent.
#11 30.40 Preparing to unpack .../059-gpg-agent_2.2.40-1.1_amd64.deb ...
#11 30.40 Unpacking gpg-agent (2.2.40-1.1) ...
#11 30.46 Selecting previously unselected package gpg-wks-client.
#11 30.46 Preparing to unpack .../060-gpg-wks-client_2.2.40-1.1_amd64.deb ...
#11 30.47 Unpacking gpg-wks-client (2.2.40-1.1) ...
#11 30.55 Selecting previously unselected package gpg-wks-server.
#11 30.55 Preparing to unpack .../061-gpg-wks-server_2.2.40-1.1_amd64.deb ...
#11 30.55 Unpacking gpg-wks-server (2.2.40-1.1) ...
#11 30.59 Selecting previously unselected package gpgsm.
#11 30.59 Preparing to unpack .../062-gpgsm_2.2.40-1.1_amd64.deb ...
#11 30.60 Unpacking gpgsm (2.2.40-1.1) ...
#11 30.64 Selecting previously unselected package gnupg.
#11 30.64 Preparing to unpack .../063-gnupg_2.2.40-1.1_all.deb ...
#11 30.64 Unpacking gnupg (2.2.40-1.1) ...
#11 30.70 Selecting previously unselected package libabsl20220623:amd64.
#11 30.70 Preparing to unpack .../064-libabsl20220623_20220623.1-1+deb12u2_amd64.deb ...
#11 30.70 Unpacking libabsl20220623:amd64 (20220623.1-1+deb12u2) ...
#11 30.78 Selecting previously unselected package libalgorithm-diff-perl.
#11 30.78 Preparing to unpack .../065-libalgorithm-diff-perl_1.201-1_all.deb ...
#11 30.78 Unpacking libalgorithm-diff-perl (1.201-1) ...
#11 30.81 Selecting previously unselected package libalgorithm-diff-xs-perl:amd64.
#11 30.81 Preparing to unpack .../066-libalgorithm-diff-xs-perl_0.04-8+b1_amd64.deb ...
#11 30.82 Unpacking libalgorithm-diff-xs-perl:amd64 (0.04-8+b1) ...
#11 30.85 Selecting previously unselected package libalgorithm-merge-perl.
#11 30.85 Preparing to unpack .../067-libalgorithm-merge-perl_0.08-5_all.deb ...
#11 30.85 Unpacking libalgorithm-merge-perl (0.08-5) ...
#11 31.06 Selecting previously unselected package libaom3:amd64.
#11 31.06 Preparing to unpack .../068-libaom3_3.6.0-1+deb12u1_amd64.deb ...
#11 31.07 Unpacking libaom3:amd64 (3.6.0-1+deb12u1) ...
#11 31.21 Selecting previously unselected package libdav1d6:amd64.
#11 31.21 Preparing to unpack .../069-libdav1d6_1.0.0-2+deb12u1_amd64.deb ...
#11 31.22 Unpacking libdav1d6:amd64 (1.0.0-2+deb12u1) ...
#11 31.28 Selecting previously unselected package libgav1-1:amd64.
#11 31.28 Preparing to unpack .../070-libgav1-1_0.18.0-1+b1_amd64.deb ...
#11 31.28 Unpacking libgav1-1:amd64 (0.18.0-1+b1) ...
#11 31.33 Selecting previously unselected package librav1e0:amd64.
#11 31.33 Preparing to unpack .../071-librav1e0_0.5.1-6_amd64.deb ...
#11 31.34 Unpacking librav1e0:amd64 (0.5.1-6) ...
#11 31.42 Selecting previously unselected package libsvtav1enc1:amd64.
#11 31.42 Preparing to unpack .../072-libsvtav1enc1_1.4.1+dfsg-1_amd64.deb ...
#11 31.43 Unpacking libsvtav1enc1:amd64 (1.4.1+dfsg-1) ...
#11 31.61 Selecting previously unselected package libjpeg62-turbo:amd64.
#11 31.61 Preparing to unpack .../073-libjpeg62-turbo_1%3a2.1.5-2_amd64.deb ...
#11 31.62 Unpacking libjpeg62-turbo:amd64 (1:2.1.5-2) ...
#11 31.69 Selecting previously unselected package libyuv0:amd64.
#11 31.69 Preparing to unpack .../074-libyuv0_0.0~git20230123.b2528b0-1_amd64.deb ...
#11 31.70 Unpacking libyuv0:amd64 (0.0~git20230123.b2528b0-1) ...
#11 31.77 Selecting previously unselected package libavif15:amd64.
#11 31.77 Preparing to unpack .../075-libavif15_0.11.1-1+deb12u1_amd64.deb ...
#11 31.86 Unpacking libavif15:amd64 (0.11.1-1+deb12u1) ...
#11 31.92 Selecting previously unselected package libbrotli1:amd64.
#11 31.92 Preparing to unpack .../076-libbrotli1_1.0.9-2+b6_amd64.deb ...
#11 31.93 Unpacking libbrotli1:amd64 (1.0.9-2+b6) ...
#11 32.00 Selecting previously unselected package libbsd0:amd64.
#11 32.01 Preparing to unpack .../077-libbsd0_0.11.7-2_amd64.deb ...
#11 32.01 Unpacking libbsd0:amd64 (0.11.7-2) ...
#11 32.16 Selecting previously unselected package libexpat1:amd64.
#11 32.17 Preparing to unpack .../078-libexpat1_2.5.0-1+deb12u1_amd64.deb ...
#11 32.27 Unpacking libexpat1:amd64 (2.5.0-1+deb12u1) ...
#11 32.32 Selecting previously unselected package libpng16-16:amd64.
#11 32.32 Preparing to unpack .../079-libpng16-16_1.6.39-2_amd64.deb ...
#11 32.33 Unpacking libpng16-16:amd64 (1.6.39-2) ...
#11 32.49 Selecting previously unselected package libfreetype6:amd64.
#11 32.49 Preparing to unpack .../080-libfreetype6_2.12.1+dfsg-5+deb12u4_amd64.deb ...
#11 32.50 Unpacking libfreetype6:amd64 (2.12.1+dfsg-5+deb12u4) ...
#11 32.58 Selecting previously unselected package libfontconfig1:amd64.
#11 32.58 Preparing to unpack .../081-libfontconfig1_2.14.1-4_amd64.deb ...
#11 32.58 Unpacking libfontconfig1:amd64 (2.14.1-4) ...
#11 32.64 Selecting previously unselected package libde265-0:amd64.
#11 32.64 Preparing to unpack .../082-libde265-0_1.0.11-1+deb12u2_amd64.deb ...
#11 32.65 Unpacking libde265-0:amd64 (1.0.11-1+deb12u2) ...
#11 32.72 Selecting previously unselected package libnuma1:amd64.
#11 32.72 Preparing to unpack .../083-libnuma1_2.0.16-1_amd64.deb ...
#11 32.72 Unpacking libnuma1:amd64 (2.0.16-1) ...
#11 32.81 Selecting previously unselected package libx265-199:amd64.
#11 32.81 Preparing to unpack .../084-libx265-199_3.5-2+b1_amd64.deb ...
#11 32.82 Unpacking libx265-199:amd64 (3.5-2+b1) ...
#11 32.98 Selecting previously unselected package libheif1:amd64.
#11 32.98 Preparing to unpack .../085-libheif1_1.15.1-1+deb12u1_amd64.deb ...
#11 32.99 Unpacking libheif1:amd64 (1.15.1-1+deb12u1) ...
#11 33.05 Selecting previously unselected package libdeflate0:amd64.
#11 33.06 Preparing to unpack .../086-libdeflate0_1.14-1_amd64.deb ...
#11 33.07 Unpacking libdeflate0:amd64 (1.14-1) ...
#11 33.13 Selecting previously unselected package libjbig0:amd64.
#11 33.13 Preparing to unpack .../087-libjbig0_2.1-6.1_amd64.deb ...
#11 33.14 Unpacking libjbig0:amd64 (2.1-6.1) ...
#11 33.20 Selecting previously unselected package liblerc4:amd64.
#11 33.20 Preparing to unpack .../088-liblerc4_4.0.0+ds-2_amd64.deb ...
#11 33.21 Unpacking liblerc4:amd64 (4.0.0+ds-2) ...
#11 33.36 Selecting previously unselected package libwebp7:amd64.
#11 33.36 Preparing to unpack .../089-libwebp7_1.2.4-0.2+deb12u1_amd64.deb ...
#11 33.37 Unpacking libwebp7:amd64 (1.2.4-0.2+deb12u1) ...
#11 33.44 Selecting previously unselected package libtiff6:amd64.
#11 33.44 Preparing to unpack .../090-libtiff6_4.5.0-6+deb12u2_amd64.deb ...
#11 33.45 Unpacking libtiff6:amd64 (4.5.0-6+deb12u2) ...
#11 33.52 Selecting previously unselected package libxau6:amd64.
#11 33.52 Preparing to unpack .../091-libxau6_1%3a1.0.9-1_amd64.deb ...
#11 33.53 Unpacking libxau6:amd64 (1:1.0.9-1) ...
#11 33.67 Selecting previously unselected package libxdmcp6:amd64.
#11 33.68 Preparing to unpack .../092-libxdmcp6_1%3a1.1.2-3_amd64.deb ...
#11 33.68 Unpacking libxdmcp6:amd64 (1:1.1.2-3) ...
#11 33.74 Selecting previously unselected package libxcb1:amd64.
#11 33.74 Preparing to unpack .../093-libxcb1_1.15-1_amd64.deb ...
#11 33.75 Unpacking libxcb1:amd64 (1.15-1) ...
#11 33.90 Selecting previously unselected package libx11-data.
#11 33.90 Preparing to unpack .../094-libx11-data_2%3a1.8.4-2+deb12u2_all.deb ...
#11 33.91 Unpacking libx11-data (2:1.8.4-2+deb12u2) ...
#11 34.02 Selecting previously unselected package libx11-6:amd64.
#11 34.02 Preparing to unpack .../095-libx11-6_2%3a1.8.4-2+deb12u2_amd64.deb ...
#11 34.02 Unpacking libx11-6:amd64 (2:1.8.4-2+deb12u2) ...
#11 34.30 Selecting previously unselected package libxpm4:amd64.
#11 34.30 Preparing to unpack .../096-libxpm4_1%3a3.5.12-1.1+deb12u1_amd64.deb ...
#11 34.30 Unpacking libxpm4:amd64 (1:3.5.12-1.1+deb12u1) ...
#11 34.37 Selecting previously unselected package libgd3:amd64.
#11 34.37 Preparing to unpack .../097-libgd3_2.3.3-9_amd64.deb ...
#11 34.38 Unpacking libgd3:amd64 (2.3.3-9) ...
#11 34.43 Selecting previously unselected package libc-devtools.
#11 34.44 Preparing to unpack .../098-libc-devtools_2.36-9+deb12u10_amd64.deb ...
#11 34.44 Unpacking libc-devtools (2.36-9+deb12u10) ...
#11 34.59 Selecting previously unselected package libfile-fcntllock-perl.
#11 34.59 Preparing to unpack .../099-libfile-fcntllock-perl_0.22-4+b1_amd64.deb ...
#11 34.60 Unpacking libfile-fcntllock-perl (0.22-4+b1) ...
#11 34.65 Selecting previously unselected package libldap-common.
#11 34.66 Preparing to unpack .../100-libldap-common_2.5.13+dfsg-5_all.deb ...
#11 34.67 Unpacking libldap-common (2.5.13+dfsg-5) ...
#11 35.01 Selecting previously unselected package libsasl2-modules:amd64.
#11 35.01 Preparing to unpack .../101-libsasl2-modules_2.1.28+dfsg-10_amd64.deb ...
#11 35.02 Unpacking libsasl2-modules:amd64 (2.1.28+dfsg-10) ...
#11 35.10 Selecting previously unselected package manpages-dev.
#11 35.10 Preparing to unpack .../102-manpages-dev_6.03-2_all.deb ...
#11 35.11 Unpacking manpages-dev (6.03-2) ...
#11 35.35 Setting up libksba8:amd64 (1.6.3-2) ...
#11 35.38 Setting up libexpat1:amd64 (2.5.0-1+deb12u1) ...
#11 35.39 Setting up libaom3:amd64 (3.6.0-1+deb12u1) ...
#11 35.41 Setting up libabsl20220623:amd64 (20220623.1-1+deb12u2) ...
#11 35.43 Setting up libxau6:amd64 (1:1.0.9-1) ...
#11 35.44 Setting up liblerc4:amd64 (4.0.0+ds-2) ...
#11 35.47 Setting up manpages (6.03-2) ...
#11 35.58 Setting up libbrotli1:amd64 (1.0.9-2+b6) ...
#11 35.60 Setting up libsasl2-modules:amd64 (2.1.28+dfsg-10) ...
#11 35.62 Setting up binutils-common:amd64 (2.40-2) ...
#11 35.64 Setting up libdeflate0:amd64 (1.14-1) ...
#11 35.66 Setting up linux-libc-dev:amd64 (6.1.140-1) ...
#11 35.68 Setting up libctf-nobfd0:amd64 (2.40-2) ...
#11 35.69 Setting up libnpth0:amd64 (1.6-3) ...
#11 35.71 Setting up libsvtav1enc1:amd64 (1.4.1+dfsg-1) ...
#11 35.73 Setting up libassuan0:amd64 (2.5.5-5) ...
#11 35.74 Setting up libgomp1:amd64 (12.2.0-14+deb12u1) ...
#11 35.76 Setting up bzip2 (1.0.8-5+b1) ...
#11 35.78 Setting up libldap-common (2.5.13+dfsg-5) ...
#11 35.80 Setting up libjbig0:amd64 (2.1-6.1) ...
#11 35.82 Setting up librav1e0:amd64 (0.5.1-6) ...
#11 35.84 Setting up libfakeroot:amd64 (1.31-1.2) ...
#11 35.87 Setting up libjansson4:amd64 (2.14-2) ...
#11 35.88 Setting up libsasl2-modules-db:amd64 (2.1.28+dfsg-10) ...
#11 35.90 Setting up fakeroot (1.31-1.2) ...
#11 35.91 update-alternatives: using /usr/bin/fakeroot-sysv to provide /usr/bin/fakeroot (fakeroot) in auto mode
#11 35.92 update-alternatives: warning: skip creation of /usr/share/man/man1/fakeroot.1.gz because associated file /usr/share/man/man1/fakeroot-sysv.1.gz (of link group fakeroot) doesn't exist
#11 35.92 update-alternatives: warning: skip creation of /usr/share/man/man1/faked.1.gz because associated file /usr/share/man/man1/faked-sysv.1.gz (of link group fakeroot) doesn't exist
#11 35.92 update-alternatives: warning: skip creation of /usr/share/man/es/man1/fakeroot.1.gz because associated file /usr/share/man/es/man1/fakeroot-sysv.1.gz (of link group fakeroot) doesn't exist
#11 35.92 update-alternatives: warning: skip creation of /usr/share/man/es/man1/faked.1.gz because associated file /usr/share/man/es/man1/faked-sysv.1.gz (of link group fakeroot) doesn't exist
#11 35.92 update-alternatives: warning: skip creation of /usr/share/man/fr/man1/fakeroot.1.gz because associated file /usr/share/man/fr/man1/fakeroot-sysv.1.gz (of link group fakeroot) doesn't exist
#11 35.92 update-alternatives: warning: skip creation of /usr/share/man/fr/man1/faked.1.gz because associated file /usr/share/man/fr/man1/faked-sysv.1.gz (of link group fakeroot) doesn't exist
#11 35.92 update-alternatives: warning: skip creation of /usr/share/man/sv/man1/fakeroot.1.gz because associated file /usr/share/man/sv/man1/fakeroot-sysv.1.gz (of link group fakeroot) doesn't exist
#11 35.92 update-alternatives: warning: skip creation of /usr/share/man/sv/man1/faked.1.gz because associated file /usr/share/man/sv/man1/faked-sysv.1.gz (of link group fakeroot) doesn't exist
#11 35.97 Setting up perl-modules-5.36 (5.36.0-7+deb12u2) ...
#11 36.04 Setting up libtirpc-dev:amd64 (1.3.3+ds-1) ...
#11 36.05 Setting up rpcsvc-proto (1.4.3-1) ...
#11 36.07 Setting up libjpeg62-turbo:amd64 (1:2.1.5-2) ...
#11 36.08 Setting up libx11-data (2:1.8.4-2+deb12u2) ...
#11 36.08 Setting up make (4.3-4.1) ...
#11 36.09 Setting up libmpfr6:amd64 (4.2.0-1) ...
#11 36.10 Setting up gnupg-l10n (2.2.40-1.1) ...
#11 36.10 Setting up xz-utils (5.4.1-1) ...
#11 36.11 update-alternatives: using /usr/bin/xz to provide /usr/bin/lzma (lzma) in auto mode
#11 36.11 update-alternatives: warning: skip creation of /usr/share/man/man1/lzma.1.gz because associated file /usr/share/man/man1/xz.1.gz (of link group lzma) doesn't exist
#11 36.11 update-alternatives: warning: skip creation of /usr/share/man/man1/unlzma.1.gz because associated file /usr/share/man/man1/unxz.1.gz (of link group lzma) doesn't exist
#11 36.11 update-alternatives: warning: skip creation of /usr/share/man/man1/lzcat.1.gz because associated file /usr/share/man/man1/xzcat.1.gz (of link group lzma) doesn't exist
#11 36.11 update-alternatives: warning: skip creation of /usr/share/man/man1/lzmore.1.gz because associated file /usr/share/man/man1/xzmore.1.gz (of link group lzma) doesn't exist
#11 36.11 update-alternatives: warning: skip creation of /usr/share/man/man1/lzless.1.gz because associated file /usr/share/man/man1/xzless.1.gz (of link group lzma) doesn't exist
#11 36.11 update-alternatives: warning: skip creation of /usr/share/man/man1/lzdiff.1.gz because associated file /usr/share/man/man1/xzdiff.1.gz (of link group lzma) doesn't exist
#11 36.11 update-alternatives: warning: skip creation of /usr/share/man/man1/lzcmp.1.gz because associated file /usr/share/man/man1/xzcmp.1.gz (of link group lzma) doesn't exist
#11 36.11 update-alternatives: warning: skip creation of /usr/share/man/man1/lzgrep.1.gz because associated file /usr/share/man/man1/xzgrep.1.gz (of link group lzma) doesn't exist
#11 36.11 update-alternatives: warning: skip creation of /usr/share/man/man1/lzegrep.1.gz because associated file /usr/share/man/man1/xzegrep.1.gz (of link group lzma) doesn't exist
#11 36.11 update-alternatives: warning: skip creation of /usr/share/man/man1/lzfgrep.1.gz because associated file /usr/share/man/man1/xzfgrep.1.gz (of link group lzma) doesn't exist
#11 36.12 Setting up libquadmath0:amd64 (12.2.0-14+deb12u1) ...
#11 36.12 Setting up libpng16-16:amd64 (1.6.39-2) ...
#11 36.13 Setting up libmpc3:amd64 (1.3.1-1) ...
#11 36.14 Setting up libatomic1:amd64 (12.2.0-14+deb12u1) ...
#11 36.14 Setting up patch (2.7.6-7) ...
#11 36.15 Setting up fonts-dejavu-core (2.37-6) ...
#11 36.19 Setting up libgdbm-compat4:amd64 (1.23-3) ...
#11 36.20 Setting up libgav1-1:amd64 (0.18.0-1+b1) ...
#11 36.20 Setting up libdav1d6:amd64 (1.0.0-2+deb12u1) ...
#11 36.21 Setting up libsasl2-2:amd64 (2.1.28+dfsg-10) ...
#11 36.22 Setting up libwebp7:amd64 (1.2.4-0.2+deb12u1) ...
#11 36.22 Setting up libubsan1:amd64 (12.2.0-14+deb12u1) ...
#11 36.23 Setting up libnuma1:amd64 (2.0.16-1) ...
#11 36.24 Setting up libnsl-dev:amd64 (1.3.0-2) ...
#11 36.24 Setting up libcrypt-dev:amd64 (1:4.4.33-2) ...
#11 36.26 Setting up libtiff6:amd64 (4.5.0-6+deb12u2) ...
#11 36.27 Setting up libasan8:amd64 (12.2.0-14+deb12u1) ...
#11 36.28 Setting up gpgconf (2.2.40-1.1) ...
#11 36.29 Setting up libtsan2:amd64 (12.2.0-14+deb12u1) ...
#11 36.29 Setting up libbinutils:amd64 (2.40-2) ...
#11 36.30 Setting up libisl23:amd64 (0.25-1.1) ...
#11 36.31 Setting up libde265-0:amd64 (1.0.11-1+deb12u2) ...
#11 36.31 Setting up libc-dev-bin (2.36-9+deb12u10) ...
#11 36.32 Setting up libbsd0:amd64 (0.11.7-2) ...
#11 36.33 Setting up libyuv0:amd64 (0.0~git20230123.b2528b0-1) ...
#11 36.34 Setting up libcc1-0:amd64 (12.2.0-14+deb12u1) ...
#11 36.34 Setting up libperl5.36:amd64 (5.36.0-7+deb12u2) ...
#11 36.35 Setting up liblocale-gettext-perl (1.07-5) ...
#11 36.36 Setting up gpg (2.2.40-1.1) ...
#11 36.37 Setting up liblsan0:amd64 (12.2.0-14+deb12u1) ...
#11 36.38 Setting up libitm1:amd64 (12.2.0-14+deb12u1) ...
#11 36.38 Setting up gnupg-utils (2.2.40-1.1) ...
#11 36.39 Setting up libctf0:amd64 (2.40-2) ...
#11 36.40 Setting up pinentry-curses (1.2.1-1) ...
#11 36.41 Setting up manpages-dev (6.03-2) ...
#11 36.41 Setting up libxdmcp6:amd64 (1:1.1.2-3) ...
#11 36.42 Setting up cpp-12 (12.2.0-14+deb12u1) ...
#11 36.43 Setting up libxcb1:amd64 (1.15-1) ...
#11 36.43 Setting up gpg-agent (2.2.40-1.1) ...
#11 36.90 Setting up libavif15:amd64 (0.11.1-1+deb12u1) ...
#11 36.91 Setting up fontconfig-config (2.14.1-4) ...
#11 37.00 debconf: unable to initialize frontend: Dialog
#11 37.00 debconf: (TERM is not set, so the dialog frontend is not usable.)
#11 37.00 debconf: falling back to frontend: Readline
#11 37.01 debconf: unable to initialize frontend: Readline
#11 37.01 debconf: (This frontend requires a controlling tty.)
#11 37.01 debconf: falling back to frontend: Teletype
#11 37.20 Setting up gpgsm (2.2.40-1.1) ...
#11 37.21 Setting up libldap-2.5-0:amd64 (2.5.13+dfsg-5) ...
#11 37.21 Setting up dirmngr (2.2.40-1.1) ...
#11 37.46 Setting up perl (5.36.0-7+deb12u2) ...
#11 37.95 Setting up libgprofng0:amd64 (2.40-2) ...
#11 37.97 Setting up libfreetype6:amd64 (2.12.1+dfsg-5+deb12u4) ...
#11 38.98 Setting up libgcc-12-dev:amd64 (12.2.0-14+deb12u1) ...
#11 39.44 Setting up libdpkg-perl (1.21.22) ...
#11 39.44 Setting up libx265-199:amd64 (3.5-2+b1) ...
#11 39.45 Setting up gpg-wks-server (2.2.40-1.1) ...
#11 39.69 Setting up cpp (4:12.2.0-3) ...
#11 40.60 Setting up libc6-dev:amd64 (2.36-9+deb12u10) ...
#11 41.37 Setting up libx11-6:amd64 (2:1.8.4-2+deb12u2) ...
#11 42.32 Setting up libfontconfig1:amd64 (2.14.1-4) ...
#11 42.87 Setting up binutils-x86-64-linux-gnu (2.40-2) ...
#11 43.35 Setting up libxpm4:amd64 (1:3.5.12-1.1+deb12u1) ...
#11 43.97 Setting up gpg-wks-client (2.2.40-1.1) ...
#11 44.57 Setting up libstdc++-12-dev:amd64 (12.2.0-14+deb12u1) ...
#11 45.68 Setting up libfile-fcntllock-perl (0.22-4+b1) ...
#11 46.09 Setting up libalgorithm-diff-perl (1.201-1) ...
#11 46.23 Setting up libheif1:amd64 (1.15.1-1+deb12u1) ...
#11 46.25 Setting up binutils (2.40-2) ...
#11 46.43 Setting up dpkg-dev (1.21.22) ...
#11 46.46 Setting up gcc-12 (12.2.0-14+deb12u1) ...
#11 46.99 Setting up libgd3:amd64 (2.3.3-9) ...
#11 47.51 Setting up gnupg (2.2.40-1.1) ...
#11 47.52 Setting up libalgorithm-diff-xs-perl:amd64 (0.04-8+b1) ...
#11 47.54 Setting up libc-devtools (2.36-9+deb12u10) ...
#11 47.56 Setting up libalgorithm-merge-perl (0.08-5) ...
#11 47.96 Setting up g++-12 (12.2.0-14+deb12u1) ...
#11 48.43 Setting up gcc (4:12.2.0-3) ...
#11 49.40 Setting up g++ (4:12.2.0-3) ...
#11 50.07 update-alternatives: using /usr/bin/g++ to provide /usr/bin/c++ (c++) in auto mode
#11 50.65 Setting up build-essential (12.9) ...
#11 51.25 Processing triggers for libc-bin (2.36-9+deb12u10) ...
#11 DONE 59.4s
#12 [builder  6/17] RUN apt-get install -y libpq5
#12 0.164 Reading package lists...
#12 0.695 Building dependency tree...
#12 0.832 Reading state information...
#12 1.017 The following NEW packages will be installed:
#12 1.018   libpq5
#12 1.062 0 upgraded, 1 newly installed, 0 to remove and 26 not upgraded.
#12 1.062 Need to get 192 kB of archives.
#12 1.062 After this operation, 879 kB of additional disk space will be used.
#12 1.062 Get:1 http://deb.debian.org/debian bookworm/main amd64 libpq5 amd64 15.13-0+deb12u1 [192 kB]
#12 1.214 debconf: delaying package configuration, since apt-utils is not installed
#12 1.260 Fetched 192 kB in 0s (3422 kB/s)
#12 1.306 Selecting previously unselected package libpq5:amd64.
#12 1.306 (Reading database ... 
(Reading database ... 5%
(Reading database ... 10%
(Reading database ... 15%
(Reading database ... 20%
(Reading database ... 25%
(Reading database ... 30%
(Reading database ... 35%
(Reading database ... 40%
(Reading database ... 45%
(Reading database ... 50%
(Reading database ... 55%
(Reading database ... 60%
(Reading database ... 65%
(Reading database ... 70%
(Reading database ... 75%
(Reading database ... 80%
(Reading database ... 85%
(Reading database ... 90%
(Reading database ... 95%
(Reading database ... 100%
(Reading database ... 16407 files and directories currently installed.)
#12 1.319 Preparing to unpack .../libpq5_15.13-0+deb12u1_amd64.deb ...
#12 1.330 Unpacking libpq5:amd64 (15.13-0+deb12u1) ...
#12 1.498 Setting up libpq5:amd64 (15.13-0+deb12u1) ...
#12 1.526 Processing triggers for libc-bin (2.36-9+deb12u10) ...
#12 DONE 1.8s
#13 [builder  7/17] RUN apt-get install -y libz-dev
#13 0.095 Reading package lists...
#13 0.672 Building dependency tree...
#13 0.828 Reading state information...
#13 1.134 The following NEW packages will be installed:
#13 1.134   zlib1g-dev
#13 1.176 0 upgraded, 1 newly installed, 0 to remove and 26 not upgraded.
#13 1.176 Need to get 916 kB of archives.
#13 1.176 After this operation, 1341 kB of additional disk space will be used.
#13 1.176 Get:1 http://deb.debian.org/debian bookworm/main amd64 zlib1g-dev amd64 1:1.2.13.dfsg-1 [916 kB]
#13 1.370 debconf: delaying package configuration, since apt-utils is not installed
#13 1.573 Fetched 916 kB in 0s (11.6 MB/s)
#13 1.608 Selecting previously unselected package zlib1g-dev:amd64.
#13 1.608 (Reading database ... 
(Reading database ... 5%
(Reading database ... 10%
(Reading database ... 15%
(Reading database ... 20%
(Reading database ... 25%
(Reading database ... 30%
(Reading database ... 35%
(Reading database ... 40%
(Reading database ... 45%
(Reading database ... 50%
(Reading database ... 55%
(Reading database ... 60%
(Reading database ... 65%
(Reading database ... 70%
(Reading database ... 75%
(Reading database ... 80%
(Reading database ... 85%
(Reading database ... 90%
(Reading database ... 95%
(Reading database ... 100%
(Reading database ... 16426 files and directories currently installed.)
#13 1.620 Preparing to unpack .../zlib1g-dev_1%3a1.2.13.dfsg-1_amd64.deb ...
#13 1.626 Unpacking zlib1g-dev:amd64 (1:1.2.13.dfsg-1) ...
#13 1.710 Setting up zlib1g-dev:amd64 (1:1.2.13.dfsg-1) ...
#13 DONE 1.8s
#14 [builder  8/17] RUN apt-get install -y libssl-dev
#14 0.089 Reading package lists...
#14 0.652 Building dependency tree...
#14 0.803 Reading state information...
#14 0.925 The following additional packages will be installed:
#14 0.925   libssl3 openssl
#14 0.925 Suggested packages:
#14 0.925   libssl-doc
#14 1.179 The following NEW packages will be installed:
#14 1.179   libssl-dev
#14 1.180 The following packages will be upgraded:
#14 1.180   libssl3 openssl
#14 1.213 2 upgraded, 1 newly installed, 0 to remove and 24 not upgraded.
#14 1.213 Need to get 5893 kB of archives.
#14 1.213 After this operation, 12.7 MB of additional disk space will be used.
#14 1.213 Get:1 http://deb.debian.org/debian bookworm/main amd64 libssl3 amd64 3.0.16-1~deb12u1 [2026 kB]
#14 1.267 Get:2 http://deb.debian.org/debian bookworm/main amd64 libssl-dev amd64 3.0.16-1~deb12u1 [2440 kB]
#14 1.288 Get:3 http://deb.debian.org/debian bookworm/main amd64 openssl amd64 3.0.16-1~deb12u1 [1427 kB]
#14 1.472 debconf: delaying package configuration, since apt-utils is not installed
#14 1.503 Fetched 5893 kB in 0s (51.1 MB/s)
#14 1.554 (Reading database ... 
(Reading database ... 5%
(Reading database ... 10%
(Reading database ... 15%
(Reading database ... 20%
(Reading database ... 25%
(Reading database ... 30%
(Reading database ... 35%
(Reading database ... 40%
(Reading database ... 45%
(Reading database ... 50%
(Reading database ... 55%
(Reading database ... 60%
(Reading database ... 65%
(Reading database ... 70%
(Reading database ... 75%
(Reading database ... 80%
(Reading database ... 85%
(Reading database ... 90%
(Reading database ... 95%
(Reading database ... 100%
(Reading database ... 16458 files and directories currently installed.)
#14 1.571 Preparing to unpack .../libssl3_3.0.16-1~deb12u1_amd64.deb ...
#14 1.593 Unpacking libssl3:amd64 (3.0.16-1~deb12u1) over (3.0.15-1~deb12u1) ...
#14 1.846 Selecting previously unselected package libssl-dev:amd64.
#14 1.848 Preparing to unpack .../libssl-dev_3.0.16-1~deb12u1_amd64.deb ...
#14 1.851 Unpacking libssl-dev:amd64 (3.0.16-1~deb12u1) ...
#14 2.051 Preparing to unpack .../openssl_3.0.16-1~deb12u1_amd64.deb ...
#14 2.065 Unpacking openssl (3.0.16-1~deb12u1) over (3.0.15-1~deb12u1) ...
#14 2.216 Setting up libssl3:amd64 (3.0.16-1~deb12u1) ...
#14 2.237 Setting up libssl-dev:amd64 (3.0.16-1~deb12u1) ...
#14 2.253 Setting up openssl (3.0.16-1~deb12u1) ...
#14 2.277 Processing triggers for libc-bin (2.36-9+deb12u10) ...
#14 DONE 2.4s
#15 [builder  9/17] RUN apt-get install -y postgresql-client
#15 0.080 Reading package lists...
#15 0.677 Building dependency tree...
#15 0.843 Reading state information...
#15 0.989 The following additional packages will be installed:
#15 0.989   postgresql-client-15 postgresql-client-common sensible-utils
#15 0.990 Suggested packages:
#15 0.990   postgresql-15 postgresql-doc-15
#15 1.070 The following NEW packages will be installed:
#15 1.070   postgresql-client postgresql-client-15 postgresql-client-common
#15 1.070   sensible-utils
#15 1.109 0 upgraded, 4 newly installed, 0 to remove and 24 not upgraded.
#15 1.109 Need to get 1790 kB of archives.
#15 1.109 After this operation, 8629 kB of additional disk space will be used.
#15 1.109 Get:1 http://deb.debian.org/debian bookworm/main amd64 sensible-utils all 0.0.17+nmu1 [19.0 kB]
#15 1.117 Get:2 http://deb.debian.org/debian bookworm/main amd64 postgresql-client-common all 248 [35.1 kB]
#15 1.129 Get:3 http://deb.debian.org/debian bookworm/main amd64 postgresql-client-15 amd64 15.13-0+deb12u1 [1725 kB]
#15 1.173 Get:4 http://deb.debian.org/debian bookworm/main amd64 postgresql-client all 15+248 [10.1 kB]
#15 1.320 debconf: delaying package configuration, since apt-utils is not installed
#15 1.350 Fetched 1790 kB in 0s (18.0 MB/s)
#15 1.372 Selecting previously unselected package sensible-utils.
#15 1.372 (Reading database ... 
(Reading database ... 5%
(Reading database ... 10%
(Reading database ... 15%
(Reading database ... 20%
(Reading database ... 25%
(Reading database ... 30%
(Reading database ... 35%
(Reading database ... 40%
(Reading database ... 45%
(Reading database ... 50%
(Reading database ... 55%
(Reading database ... 60%
(Reading database ... 65%
(Reading database ... 70%
(Reading database ... 75%
(Reading database ... 80%
(Reading database ... 85%
(Reading database ... 90%
(Reading database ... 95%
(Reading database ... 100%
(Reading database ... 16606 files and directories currently installed.)
#15 1.386 Preparing to unpack .../sensible-utils_0.0.17+nmu1_all.deb ...
#15 1.389 Unpacking sensible-utils (0.0.17+nmu1) ...
#15 1.436 Selecting previously unselected package postgresql-client-common.
#15 1.438 Preparing to unpack .../postgresql-client-common_248_all.deb ...
#15 1.441 Unpacking postgresql-client-common (248) ...
#15 1.477 Selecting previously unselected package postgresql-client-15.
#15 1.480 Preparing to unpack .../postgresql-client-15_15.13-0+deb12u1_amd64.deb ...
#15 1.483 Unpacking postgresql-client-15 (15.13-0+deb12u1) ...
#15 1.648 Selecting previously unselected package postgresql-client.
#15 1.651 Preparing to unpack .../postgresql-client_15+248_all.deb ...
#15 1.658 Unpacking postgresql-client (15+248) ...
#15 1.699 Setting up postgresql-client-common (248) ...
#15 1.717 Setting up sensible-utils (0.0.17+nmu1) ...
#15 1.723 Setting up postgresql-client-15 (15.13-0+deb12u1) ...
#15 2.462 update-alternatives: using /usr/share/postgresql/15/man/man1/psql.1.gz to provide /usr/share/man/man1/psql.1.gz (psql.1.gz) in auto mode
#15 2.523 Setting up postgresql-client (15+248) ...
#15 DONE 2.6s
#16 [builder 10/17] RUN pip3 install --upgrade pip setuptools
#16 1.497 Requirement already satisfied: pip in /usr/local/lib/python3.11/site-packages (24.0)
#16 1.642 Collecting pip
#16 1.704   Downloading pip-25.1.1-py3-none-any.whl.metadata (3.6 kB)
#16 1.716 Requirement already satisfied: setuptools in /usr/local/lib/python3.11/site-packages (65.5.1)
#16 1.930 Collecting setuptools
#16 1.942   Downloading setuptools-80.9.0-py3-none-any.whl.metadata (6.6 kB)
#16 2.016 Downloading pip-25.1.1-py3-none-any.whl (1.8 MB)
#16 2.082    ━━━━━━━━━━━━━━━━━━━━━━━━━━━━━━━━━━━━━━━━ 1.8/1.8 MB 29.0 MB/s eta 0:00:00
#16 2.095 Downloading setuptools-80.9.0-py3-none-any.whl (1.2 MB)
#16 2.118    ━━━━━━━━━━━━━━━━━━━━━━━━━━━━━━━━━━━━━━━━ 1.2/1.2 MB 59.5 MB/s eta 0:00:00
#16 2.244 Installing collected packages: setuptools, pip
#16 2.244   Attempting uninstall: setuptools
#16 2.247     Found existing installation: setuptools 65.5.1
#16 2.274     Uninstalling setuptools-65.5.1:
#16 2.540       Successfully uninstalled setuptools-65.5.1
#16 4.105   Attempting uninstall: pip
#16 4.109     Found existing installation: pip 24.0
#16 4.156     Uninstalling pip-24.0:
#16 11.89       Successfully uninstalled pip-24.0
#16 13.42 Successfully installed pip-25.1.1 setuptools-80.9.0
#16 13.42 WARNING: Running pip as the 'root' user can result in broken permissions and conflicting behaviour with the system package manager. It is recommended to use a virtual environment instead: https://pip.pypa.io/warnings/venv
#16 DONE 19.2s
#17 [builder 11/17] RUN pip3 install poetry
#17 1.175 Collecting poetry
#17 1.256   Downloading poetry-2.1.3-py3-none-any.whl.metadata (7.1 kB)
#17 1.299 Collecting build<2.0.0,>=1.2.1 (from poetry)
#17 1.315   Downloading build-1.2.2.post1-py3-none-any.whl.metadata (6.5 kB)
#17 1.362 Collecting cachecontrol<0.15.0,>=0.14.0 (from cachecontrol[filecache]<0.15.0,>=0.14.0->poetry)
#17 1.371   Downloading cachecontrol-0.14.3-py3-none-any.whl.metadata (3.1 kB)
#17 1.421 Collecting cleo<3.0.0,>=2.1.0 (from poetry)
#17 1.436   Downloading cleo-2.1.0-py3-none-any.whl.metadata (12 kB)
#17 1.620 Collecting dulwich<0.23.0,>=0.22.6 (from poetry)
#17 1.630   Downloading dulwich-0.22.8-cp311-cp311-manylinux_2_17_x86_64.manylinux2014_x86_64.whl.metadata (4.9 kB)
#17 1.666 Collecting fastjsonschema<3.0.0,>=2.18.0 (from poetry)
#17 1.676   Downloading fastjsonschema-2.21.1-py3-none-any.whl.metadata (2.2 kB)
#17 1.717 Collecting findpython<0.7.0,>=0.6.2 (from poetry)
#17 1.727   Downloading findpython-0.6.3-py3-none-any.whl.metadata (5.3 kB)
#17 1.765 Collecting installer<0.8.0,>=0.7.0 (from poetry)
#17 1.774   Downloading installer-0.7.0-py3-none-any.whl.metadata (936 bytes)
#17 1.845 Collecting keyring<26.0.0,>=25.1.0 (from poetry)
#17 1.861   Downloading keyring-25.6.0-py3-none-any.whl.metadata (20 kB)
#17 1.907 Collecting packaging>=24.0 (from poetry)
#17 1.920   Downloading packaging-25.0-py3-none-any.whl.metadata (3.3 kB)
#17 1.958 Collecting pbs-installer<2026.0.0,>=2025.1.6 (from pbs-installer[download,install]<2026.0.0,>=2025.1.6->poetry)
#17 1.967   Downloading pbs_installer-2025.7.2-py3-none-any.whl.metadata (990 bytes)
#17 2.015 Collecting pkginfo<2.0,>=1.12 (from poetry)
#17 2.025   Downloading pkginfo-1.12.1.2-py3-none-any.whl.metadata (13 kB)
#17 2.075 Collecting platformdirs<5,>=3.0.0 (from poetry)
#17 2.084   Downloading platformdirs-4.3.8-py3-none-any.whl.metadata (12 kB)
#17 2.135 Collecting poetry-core==2.1.3 (from poetry)
#17 2.145   Downloading poetry_core-2.1.3-py3-none-any.whl.metadata (3.5 kB)
#17 2.182 Collecting pyproject-hooks<2.0.0,>=1.0.0 (from poetry)
#17 2.191   Downloading pyproject_hooks-1.2.0-py3-none-any.whl.metadata (1.3 kB)
#17 2.254 Collecting requests<3.0,>=2.26 (from poetry)
#17 2.264   Downloading requests-2.32.4-py3-none-any.whl.metadata (4.9 kB)
#17 2.312 Collecting requests-toolbelt<2.0.0,>=1.0.0 (from poetry)
#17 2.322   Downloading requests_toolbelt-1.0.0-py2.py3-none-any.whl.metadata (14 kB)
#17 2.366 Collecting shellingham<2.0,>=1.5 (from poetry)
#17 2.377   Downloading shellingham-1.5.4-py2.py3-none-any.whl.metadata (3.5 kB)
#17 2.433 Collecting tomlkit<1.0.0,>=0.11.4 (from poetry)
#17 2.442   Downloading tomlkit-0.13.3-py3-none-any.whl.metadata (2.8 kB)
#17 2.497 Collecting trove-classifiers>=2022.5.19 (from poetry)
#17 2.509   Downloading trove_classifiers-2025.5.9.12-py3-none-any.whl.metadata (2.3 kB)
#17 2.617 Collecting virtualenv<21.0.0,>=20.26.6 (from poetry)
#17 2.627   Downloading virtualenv-20.31.2-py3-none-any.whl.metadata (4.5 kB)
#17 2.762 Collecting msgpack<2.0.0,>=0.5.2 (from cachecontrol<0.15.0,>=0.14.0->cachecontrol[filecache]<0.15.0,>=0.14.0->poetry)
#17 2.771   Downloading msgpack-1.1.1-cp311-cp311-manylinux_2_17_x86_64.manylinux2014_x86_64.whl.metadata (8.4 kB)
#17 2.834 Collecting filelock>=3.8.0 (from cachecontrol[filecache]<0.15.0,>=0.14.0->poetry)
#17 2.843   Downloading filelock-3.18.0-py3-none-any.whl.metadata (2.9 kB)
#17 2.882 Collecting crashtest<0.5.0,>=0.4.1 (from cleo<3.0.0,>=2.1.0->poetry)
#17 2.893   Downloading crashtest-0.4.1-py3-none-any.whl.metadata (1.1 kB)
#17 3.584 Collecting rapidfuzz<4.0.0,>=3.0.0 (from cleo<3.0.0,>=2.1.0->poetry)
#17 3.615   Downloading rapidfuzz-3.13.0-cp311-cp311-manylinux_2_17_x86_64.manylinux2014_x86_64.whl.metadata (12 kB)
#17 4.002 Collecting urllib3>=1.25 (from dulwich<0.23.0,>=0.22.6->poetry)
#17 4.012   Downloading urllib3-2.5.0-py3-none-any.whl.metadata (6.5 kB)
#17 4.592 Collecting SecretStorage>=3.2 (from keyring<26.0.0,>=25.1.0->poetry)
#17 4.601   Downloading SecretStorage-3.3.3-py3-none-any.whl.metadata (4.0 kB)
#17 4.946 Collecting jeepney>=0.4.2 (from keyring<26.0.0,>=25.1.0->poetry)
#17 4.955   Downloading jeepney-0.9.0-py3-none-any.whl.metadata (1.2 kB)
#17 5.281 Collecting importlib_metadata>=4.11.4 (from keyring<26.0.0,>=25.1.0->poetry)
#17 5.318   Downloading importlib_metadata-8.7.0-py3-none-any.whl.metadata (4.8 kB)
#17 5.615 Collecting jaraco.classes (from keyring<26.0.0,>=25.1.0->poetry)
#17 5.626   Downloading jaraco.classes-3.4.0-py3-none-any.whl.metadata (2.6 kB)
#17 5.966 Collecting jaraco.functools (from keyring<26.0.0,>=25.1.0->poetry)
#17 5.975   Downloading jaraco_functools-4.2.1-py3-none-any.whl.metadata (2.9 kB)
#17 6.351 Collecting jaraco.context (from keyring<26.0.0,>=25.1.0->poetry)
#17 6.361   Downloading jaraco.context-6.0.1-py3-none-any.whl.metadata (4.1 kB)
#17 6.569 Collecting httpx<1,>=0.27.0 (from pbs-installer[download,install]<2026.0.0,>=2025.1.6->poetry)
#17 6.577   Downloading httpx-0.28.1-py3-none-any.whl.metadata (7.1 kB)
#17 6.988 Collecting zstandard>=0.21.0 (from pbs-installer[download,install]<2026.0.0,>=2025.1.6->poetry)
#17 7.023   Downloading zstandard-0.23.0-cp311-cp311-manylinux_2_17_x86_64.manylinux2014_x86_64.whl.metadata (3.0 kB)
#17 7.342 Collecting anyio (from httpx<1,>=0.27.0->pbs-installer[download,install]<2026.0.0,>=2025.1.6->poetry)
#17 7.353   Downloading anyio-4.9.0-py3-none-any.whl.metadata (4.7 kB)
#17 7.390 Collecting certifi (from httpx<1,>=0.27.0->pbs-installer[download,install]<2026.0.0,>=2025.1.6->poetry)
#17 7.399   Downloading certifi-2025.6.15-py3-none-any.whl.metadata (2.4 kB)
#17 7.451 Collecting httpcore==1.* (from httpx<1,>=0.27.0->pbs-installer[download,install]<2026.0.0,>=2025.1.6->poetry)
#17 7.460   Downloading httpcore-1.0.9-py3-none-any.whl.metadata (21 kB)
#17 7.502 Collecting idna (from httpx<1,>=0.27.0->pbs-installer[download,install]<2026.0.0,>=2025.1.6->poetry)
#17 7.516   Downloading idna-3.10-py3-none-any.whl.metadata (10 kB)
#17 7.719 Collecting h11>=0.16 (from httpcore==1.*->httpx<1,>=0.27.0->pbs-installer[download,install]<2026.0.0,>=2025.1.6->poetry)
#17 7.728   Downloading h11-0.16.0-py3-none-any.whl.metadata (8.3 kB)
#17 7.934 Collecting charset_normalizer<4,>=2 (from requests<3.0,>=2.26->poetry)
#17 7.943   Downloading charset_normalizer-3.4.2-cp311-cp311-manylinux_2_17_x86_64.manylinux2014_x86_64.whl.metadata (35 kB)
#17 8.121 Collecting distlib<1,>=0.3.7 (from virtualenv<21.0.0,>=20.26.6->poetry)
#17 8.131   Downloading distlib-0.3.9-py2.py3-none-any.whl.metadata (5.2 kB)
#17 8.193 Collecting zipp>=3.20 (from importlib_metadata>=4.11.4->keyring<26.0.0,>=25.1.0->poetry)
#17 8.207   Downloading zipp-3.23.0-py3-none-any.whl.metadata (3.6 kB)
#17 8.445 Collecting cryptography>=2.0 (from SecretStorage>=3.2->keyring<26.0.0,>=25.1.0->poetry)
#17 8.455   Downloading cryptography-45.0.5-cp311-abi3-manylinux_2_34_x86_64.whl.metadata (5.7 kB)
#17 8.640 Collecting cffi>=1.14 (from cryptography>=2.0->SecretStorage>=3.2->keyring<26.0.0,>=25.1.0->poetry)
#17 8.649   Downloading cffi-1.17.1-cp311-cp311-manylinux_2_17_x86_64.manylinux2014_x86_64.whl.metadata (1.5 kB)
#17 8.682 Collecting pycparser (from cffi>=1.14->cryptography>=2.0->SecretStorage>=3.2->keyring<26.0.0,>=25.1.0->poetry)
#17 8.691   Downloading pycparser-2.22-py3-none-any.whl.metadata (943 bytes)
#17 8.736 Collecting sniffio>=1.1 (from anyio->httpx<1,>=0.27.0->pbs-installer[download,install]<2026.0.0,>=2025.1.6->poetry)
#17 8.747   Downloading sniffio-1.3.1-py3-none-any.whl.metadata (3.9 kB)
#17 8.786 Collecting typing_extensions>=4.5 (from anyio->httpx<1,>=0.27.0->pbs-installer[download,install]<2026.0.0,>=2025.1.6->poetry)
#17 8.794   Downloading typing_extensions-4.14.0-py3-none-any.whl.metadata (3.0 kB)
#17 8.851 Collecting more-itertools (from jaraco.classes->keyring<26.0.0,>=25.1.0->poetry)
#17 8.860   Downloading more_itertools-10.7.0-py3-none-any.whl.metadata (37 kB)
#17 8.904 Collecting backports.tarfile (from jaraco.context->keyring<26.0.0,>=25.1.0->poetry)
#17 8.916   Downloading backports.tarfile-1.2.0-py3-none-any.whl.metadata (2.0 kB)
#17 8.945 Downloading poetry-2.1.3-py3-none-any.whl (278 kB)
#17 8.985 Downloading poetry_core-2.1.3-py3-none-any.whl (332 kB)
#17 9.018 Downloading build-1.2.2.post1-py3-none-any.whl (22 kB)
#17 9.036 Downloading cachecontrol-0.14.3-py3-none-any.whl (21 kB)
#17 9.054 Downloading cleo-2.1.0-py3-none-any.whl (78 kB)
#17 9.073 Downloading crashtest-0.4.1-py3-none-any.whl (7.6 kB)
#17 9.095 Downloading dulwich-0.22.8-cp311-cp311-manylinux_2_17_x86_64.manylinux2014_x86_64.whl (1.0 MB)
#17 9.121    ━━━━━━━━━━━━━━━━━━━━━━━━━━━━━━━━━━━━━━━━ 1.0/1.0 MB 33.3 MB/s eta 0:00:00
#17 9.131 Downloading fastjsonschema-2.21.1-py3-none-any.whl (23 kB)
#17 9.227 Downloading findpython-0.6.3-py3-none-any.whl (20 kB)
#17 9.411 Downloading installer-0.7.0-py3-none-any.whl (453 kB)
#17 9.521 Downloading keyring-25.6.0-py3-none-any.whl (39 kB)
#17 9.545 Downloading msgpack-1.1.1-cp311-cp311-manylinux_2_17_x86_64.manylinux2014_x86_64.whl (429 kB)
#17 9.570 Downloading pbs_installer-2025.7.2-py3-none-any.whl (59 kB)
#17 9.590 Downloading httpx-0.28.1-py3-none-any.whl (73 kB)
#17 9.612 Downloading httpcore-1.0.9-py3-none-any.whl (78 kB)
#17 9.711 Downloading pkginfo-1.12.1.2-py3-none-any.whl (32 kB)
#17 9.908 Downloading platformdirs-4.3.8-py3-none-any.whl (18 kB)
#17 10.02 Downloading pyproject_hooks-1.2.0-py3-none-any.whl (10 kB)
#17 10.21 Downloading rapidfuzz-3.13.0-cp311-cp311-manylinux_2_17_x86_64.manylinux2014_x86_64.whl (3.1 MB)
#17 10.33    ━━━━━━━━━━━━━━━━━━━━━━━━━━━━━━━━━━━━━━━━ 3.1/3.1 MB 24.6 MB/s eta 0:00:00
#17 10.34 Downloading requests-2.32.4-py3-none-any.whl (64 kB)
#17 10.51 Downloading charset_normalizer-3.4.2-cp311-cp311-manylinux_2_17_x86_64.manylinux2014_x86_64.whl (147 kB)
#17 10.62 Downloading idna-3.10-py3-none-any.whl (70 kB)
#17 10.82 Downloading requests_toolbelt-1.0.0-py2.py3-none-any.whl (54 kB)
#17 11.02 Downloading shellingham-1.5.4-py2.py3-none-any.whl (9.8 kB)
#17 11.13 Downloading tomlkit-0.13.3-py3-none-any.whl (38 kB)
#17 11.17 Downloading urllib3-2.5.0-py3-none-any.whl (129 kB)
#17 11.19 Downloading virtualenv-20.31.2-py3-none-any.whl (6.1 MB)
#17 11.43    ━━━━━━━━━━━━━━━━━━━━━━━━━━━━━━━━━━━━━━━━ 6.1/6.1 MB 25.5 MB/s eta 0:00:00
#17 11.51 Downloading distlib-0.3.9-py2.py3-none-any.whl (468 kB)
#17 11.62 Downloading filelock-3.18.0-py3-none-any.whl (16 kB)
#17 11.73 Downloading certifi-2025.6.15-py3-none-any.whl (157 kB)
#17 11.75 Downloading h11-0.16.0-py3-none-any.whl (37 kB)
#17 11.77 Downloading importlib_metadata-8.7.0-py3-none-any.whl (27 kB)
#17 11.79 Downloading jeepney-0.9.0-py3-none-any.whl (49 kB)
#17 11.82 Downloading packaging-25.0-py3-none-any.whl (66 kB)
#17 11.84 Downloading SecretStorage-3.3.3-py3-none-any.whl (15 kB)
#17 11.86 Downloading cryptography-45.0.5-cp311-abi3-manylinux_2_34_x86_64.whl (4.5 MB)
#17 11.90    ━━━━━━━━━━━━━━━━━━━━━━━━━━━━━━━━━━━━━━━━ 4.5/4.5 MB 121.7 MB/s eta 0:00:00
#17 11.91 Downloading cffi-1.17.1-cp311-cp311-manylinux_2_17_x86_64.manylinux2014_x86_64.whl (467 kB)
#17 12.02 Downloading trove_classifiers-2025.5.9.12-py3-none-any.whl (14 kB)
#17 12.04 Downloading zipp-3.23.0-py3-none-any.whl (10 kB)
#17 12.06 Downloading zstandard-0.23.0-cp311-cp311-manylinux_2_17_x86_64.manylinux2014_x86_64.whl (5.4 MB)
#17 12.12    ━━━━━━━━━━━━━━━━━━━━━━━━━━━━━━━━━━━━━━━━ 5.4/5.4 MB 94.2 MB/s eta 0:00:00
#17 12.13 Downloading anyio-4.9.0-py3-none-any.whl (100 kB)
#17 12.14 Downloading sniffio-1.3.1-py3-none-any.whl (10 kB)
#17 12.16 Downloading typing_extensions-4.14.0-py3-none-any.whl (43 kB)
#17 12.17 Downloading jaraco.classes-3.4.0-py3-none-any.whl (6.8 kB)
#17 12.29 Downloading jaraco.context-6.0.1-py3-none-any.whl (6.8 kB)
#17 12.42 Downloading backports.tarfile-1.2.0-py3-none-any.whl (30 kB)
#17 12.80 Downloading jaraco_functools-4.2.1-py3-none-any.whl (10 kB)
#17 13.31 Downloading more_itertools-10.7.0-py3-none-any.whl (65 kB)
#17 13.73 Downloading pycparser-2.22-py3-none-any.whl (117 kB)
#17 14.63 Installing collected packages: trove-classifiers, fastjsonschema, distlib, zstandard, zipp, urllib3, typing_extensions, tomlkit, sniffio, shellingham, rapidfuzz, pyproject-hooks, pycparser, poetry-core, platformdirs, pkginfo, pbs-installer, packaging, msgpack, more-itertools, jeepney, installer, idna, h11, filelock, crashtest, charset_normalizer, certifi, backports.tarfile, virtualenv, requests, jaraco.functools, jaraco.context, jaraco.classes, importlib_metadata, httpcore, findpython, dulwich, cleo, cffi, build, anyio, requests-toolbelt, httpx, cryptography, cachecontrol, SecretStorage, keyring, poetry
#17 20.34 
#17 20.35 Successfully installed SecretStorage-3.3.3 anyio-4.9.0 backports.tarfile-1.2.0 build-1.2.2.post1 cachecontrol-0.14.3 certifi-2025.6.15 cffi-1.17.1 charset_normalizer-3.4.2 cleo-2.1.0 crashtest-0.4.1 cryptography-45.0.5 distlib-0.3.9 dulwich-0.22.8 fastjsonschema-2.21.1 filelock-3.18.0 findpython-0.6.3 h11-0.16.0 httpcore-1.0.9 httpx-0.28.1 idna-3.10 importlib_metadata-8.7.0 installer-0.7.0 jaraco.classes-3.4.0 jaraco.context-6.0.1 jaraco.functools-4.2.1 jeepney-0.9.0 keyring-25.6.0 more-itertools-10.7.0 msgpack-1.1.1 packaging-25.0 pbs-installer-2025.7.2 pkginfo-1.12.1.2 platformdirs-4.3.8 poetry-2.1.3 poetry-core-2.1.3 pycparser-2.22 pyproject-hooks-1.2.0 rapidfuzz-3.13.0 requests-2.32.4 requests-toolbelt-1.0.0 shellingham-1.5.4 sniffio-1.3.1 tomlkit-0.13.3 trove-classifiers-2025.5.9.12 typing_extensions-4.14.0 urllib3-2.5.0 virtualenv-20.31.2 zipp-3.23.0 zstandard-0.23.0
#17 20.35 WARNING: Running pip as the 'root' user can result in broken permissions and conflicting behaviour with the system package manager, possibly rendering your system unusable. It is recommended to use a virtual environment instead: https://pip.pypa.io/warnings/venv. Use the --root-user-action option if you know what you are doing and want to suppress this warning.
#17 DONE 29.5s
#18 [builder 12/17] COPY autogpt_platform/autogpt_libs /app/autogpt_platform/autogpt_libs
#18 DONE 0.1s
#19 [builder 13/17] COPY autogpt_platform/backend/poetry.lock autogpt_platform/backend/pyproject.toml /app/autogpt_platform/backend/
#19 DONE 0.1s
#20 [builder 14/17] WORKDIR /app/autogpt_platform/backend
#20 DONE 0.0s
#21 [builder 15/17] RUN poetry install --no-ansi --no-root
#21 1.183 Skipping virtualenv creation, as specified in config file.
#21 1.474 Installing dependencies from lock file
#21 2.171 
#21 2.171 Package operations: 173 installs, 12 updates, 0 removals
#21 2.171 
#21 2.172   - Installing protobuf (5.29.5)
#21 2.173   - Installing pyasn1 (0.6.1)
#21 2.341   - Installing cachetools (5.5.2)
#21 2.341   - Downgrading certifi (2025.6.15 -> 2025.4.26)
#21 2.341   - Installing frozenlist (1.6.0)
#21 2.343   - Installing googleapis-common-protos (1.70.0)
#21 2.345   - Installing grpcio (1.72.1)
#21 2.345   - Installing hpack (4.1.0)
#21 2.347   - Installing hyperframe (6.1.0)
#21 2.348   - Installing iniconfig (2.1.0)
#21 2.349   - Installing multidict (6.4.4)
#21 2.350   - Installing pluggy (1.6.0)
#21 2.351   - Installing propcache (0.3.1)
#21 2.353   - Installing pyasn1-modules (0.4.2)
#21 2.355   - Installing rsa (4.9.1)
#21 2.356   - Downgrading urllib3 (2.5.0 -> 2.4.0)
#21 3.679   - Installing aiohappyeyeballs (2.6.1)
#21 3.679   - Installing aiosignal (1.3.2)
#21 3.679   - Installing annotated-types (0.7.0)
#21 3.680   - Installing attrs (25.3.0)
#21 3.681   - Installing google-auth (2.40.2)
#21 3.682   - Installing grpcio-status (1.71.0)
#21 3.684   - Installing h2 (4.2.0)
#21 3.684   - Installing proto-plus (1.26.1)
#21 3.685   - Installing pydantic-core (2.33.2)
#21 3.686   - Installing pytest (8.3.5)
#21 3.687   - Downgrading requests (2.32.4 -> 2.32.3)
#21 3.687   - Installing six (1.17.0)
#21 3.688   - Installing typing-inspection (0.4.1)
#21 3.691   - Installing wrapt (1.17.2)
#21 3.691   - Installing yarl (1.20.0)
#21 3.691   - Downgrading zipp (3.23.0 -> 3.22.0)
#21 4.860   - Installing aiohttp (3.12.6)
#21 4.860   - Downgrading cryptography (45.0.5 -> 43.0.3)
#21 4.862   - Installing deprecated (1.2.18)
#21 4.863   - Installing deprecation (2.1.0)
#21 4.864   - Installing google-api-core (2.25.0)
#21 4.864   - Downgrading importlib-metadata (8.7.0 -> 8.6.1)
#21 4.864   - Installing pydantic (2.11.5)
#21 4.865   - Installing pyjwt (2.10.1)
#21 4.866   - Installing pyparsing (3.2.3)
#21 4.867   - Installing pytest-mock (3.14.1)
#21 4.867   - Installing python-dateutil (2.9.0.post0)
#21 4.870   - Installing rpds-py (0.25.1)
#21 4.870   - Installing strenum (0.4.15)
#21 4.871   - Installing websockets (14.2)
#21 8.796   - Installing backoff (2.2.1)
#21 8.796   - Installing click (8.2.1)
#21 8.796   - Installing distro (1.9.0)
#21 8.797   - Installing dnspython (2.7.0)
#21 8.798   - Installing expiringdict (1.2.2)
#21 8.799   - Installing google-cloud-appengine-logging (1.6.1)
#21 8.799   - Installing google-cloud-audit-log (0.3.2)
#21 8.800   - Installing google-cloud-core (2.4.3)
#21 8.801   - Installing google-crc32c (1.7.1)
#21 8.801   - Installing gotrue (2.12.0)
#21 8.804   - Installing greenlet (3.2.2)
#21 8.805   - Installing grpc-google-iam-v1 (0.14.2)
#21 8.806   - Installing httplib2 (0.22.0)
#21 8.806   - Downgrading jaraco-functools (4.2.1 -> 4.1.0)
#21 8.807   - Installing jiter (0.10.0)
#21 8.807   - Installing launchdarkly-eventsource (1.2.4)
#21 8.809   - Installing markupsafe (3.0.2)
#21 8.810   - Downgrading msgpack (1.1.1 -> 1.1.0)
#21 8.814   - Installing mypy-extensions (1.1.0)
#21 8.817   - Installing numpy (2.2.6)
#21 9.144   - Installing oauthlib (3.2.2)
#21 9.156   - Installing opentelemetry-api (1.33.1)
#21 9.170   - Installing pamqp (3.3.0)
#21 9.173   - Installing pathspec (0.12.1)
#21 9.207   - Installing pillow (11.2.1)
#21 9.209   - Installing pinecone-plugin-interface (0.0.7)
#21 9.223   - Installing portalocker (2.10.1)
#21 9.230   - Installing postgrest (1.0.2)
#21 9.255   - Installing pyrfc3339 (2.0.1)
#21 9.332   - Installing python-dotenv (1.1.0)
#21 9.435   - Installing realtime (2.4.3)
#21 9.446   - Installing referencing (0.36.2)
#21 9.481   - Installing regex (2024.11.6)
#21 9.527   - Installing semver (3.0.4)
#21 9.750   - Installing starlette (0.46.2)
#21 9.757   - Installing storage3 (0.11.3)
#21 9.760   - Installing supafunc (0.9.4)
#21 9.800   - Installing tqdm (4.67.1)
#21 9.806   - Installing webencodings (0.5.1)
#21 11.53   - Installing aiormq (6.8.1)
#21 11.53   - Installing anthropic (0.51.0)
#21 11.53   - Installing black (24.10.0)
#21 11.53   - Installing colorama (0.4.6)
#21 11.53   - Installing decorator (5.2.1)
#21 11.53   - Installing defusedxml (0.7.1)
#21 11.53   - Installing e2b (1.5.0)
#21 11.53   - Installing email-validator (2.2.0)
#21 11.53   - Installing exceptiongroup (1.3.0)
#21 11.53   - Installing fastapi (0.115.12)
#21 11.53   - Installing google-auth-httplib2 (0.2.0)
#21 11.53   - Installing google-cloud-logging (3.12.1)
#21 11.53   - Installing google-resumable-media (2.7.2)
#21 11.53   - Installing httptools (0.6.4)
#21 11.54   - Installing imageio (2.37.0)
#21 11.54   - Installing imageio-ffmpeg (0.6.0)
#21 11.54   - Installing jinja2 (3.1.6)
#21 11.54   - Installing jsonschema-specifications (2025.4.1)
#21 11.54   - Installing launchdarkly-server-sdk (9.11.1)
#21 11.54   - Installing mccabe (0.7.0)
#21 11.70   - Installing nodeenv (1.9.1)
#21 11.76   - Installing openai (1.82.1)
#21 11.77   - Installing pastel (0.2.1)
#21 11.78   - Downgrading pbs-installer (2025.7.2 -> 2025.5.17)
#21 11.83   - Installing pinecone-plugin-inference (3.1.0)
#21 11.83   - Downgrading poetry-core (2.1.3 -> 2.1.1)
#21 11.84   - Installing posthog (4.2.0)
#21 11.87   - Installing prawcore (2.4.0)
#21 11.91   - Installing proglog (0.1.12)
#21 11.93   - Installing pycares (4.8.0)
#21 11.94   - Installing pycodestyle (2.13.0)
#21 11.96   - Installing pydantic-settings (2.9.1)
#21 12.11   - Installing pyflakes (3.3.2)
#21 12.16   - Installing pytest-asyncio (0.26.0)
#21 12.20   - Installing pytz (2025.2)
#21 12.24   - Installing pyyaml (6.0.2)
#21 12.24   - Installing qdrant-client (1.14.2)
#21 12.43   - Installing requests-oauthlib (2.0.0)
#21 12.45   - Installing sgmllib3k (1.0.0)
#21 12.50   - Installing sqlalchemy (2.0.41)
#21 12.64   - Installing supabase (2.15.1)
#21 12.74   - Installing tiktoken (0.9.0)
#21 12.75   - Installing tinycss2 (1.4.0)
#21 12.84   - Downgrading tomlkit (0.13.3 -> 0.13.2)
#21 12.90   - Installing tzlocal (5.3.1)
#21 12.94   - Installing update-checker (0.18.0)
#21 13.13   - Installing uritemplate (4.2.0)
#21 13.15   - Installing uvicorn (0.34.3)
#21 13.26   - Installing uvloop (0.21.0)
#21 13.48   - Installing watchdog (6.0.0)
#21 13.63   - Installing watchfiles (1.0.5)
#21 13.84   - Installing websocket-client (1.8.0)
#21 17.35   - Installing aio-pika (9.5.5)
#21 17.35   - Installing aiodns (3.4.0)
#21 17.35   - Installing aiofiles (24.1.0)
#21 17.35   - Installing apscheduler (3.11.0)
#21 17.35   - Installing bleach (6.2.0)
#21 17.35   - Installing discord-py (2.5.2)
#21 17.35   - Installing e2b-code-interpreter (1.5.0)
#21 17.36   - Installing faker (33.3.1)
#21 17.36   - Installing feedparser (6.0.11)
#21 17.36   - Installing flake8 (7.2.0)
#21 17.36   - Installing google-api-python-client (2.170.0)
#21 17.36   - Installing google-auth-oauthlib (1.2.2)
#21 17.36   - Installing google-cloud-storage (3.1.0)
#21 17.36   - Installing googlemaps (4.10.0)
#21 17.36   - Installing gravitasml (0.1.3)
#21 17.36   - Installing groq (0.24.0)
#21 17.36   - Installing isort (5.13.2)
#21 17.36   - Installing jsonref (1.1.0)
#21 17.37   - Installing jsonschema (4.24.0)
#21 17.37   - Installing mem0ai (0.1.102)
#21 17.52   - Installing moviepy (2.2.1)
#21 17.56   - Installing ollama (0.4.9)
#21 17.60   - Installing pika (1.3.2)
#21 17.60   - Installing pinecone (5.4.2)
#21 17.62   - Installing poethepoet (0.34.0)
#21 17.62   - Downgrading poetry (2.1.3 -> 2.1.1)
#21 17.70   - Installing postmarker (1.0)
#21 17.79   - Installing praw (7.8.1)
#21 17.79   - Installing prisma (0.15.0)
#21 17.80   - Installing prometheus-client (0.21.1)
#21 17.84   - Installing psutil (7.0.0)
#21 17.85   - Installing psycopg2-binary (2.9.10)
#21 17.88   - Installing pyclamd (0.4.0)
#21 17.94   - Installing pyright (1.1.401)
#21 18.04   - Installing pytest-snapshot (0.9.0)
#21 18.16   - Installing pytest-watcher (0.4.3)
#21 18.23   - Installing python-multipart (0.0.20)
#21 18.33   - Installing redis (5.2.1)
#21 18.36   - Installing replicate (1.0.7)
#21 18.40   - Installing ruff (0.11.12)
#21 18.45   - Installing sentry-sdk (2.29.1)
#21 18.54   - Installing stripe (11.6.0)
#21 18.55   - Installing tenacity (9.1.2)
#21 18.55   - Installing todoist-api-python (2.1.7)
#21 18.65   - Installing tweepy (4.15.0)
#21 18.70   - Installing youtube-transcript-api (0.6.3)
#21 18.83 Installing /usr/local/lib/python3.11/site-packages/LICENSE over existing file
#21 18.87   - Installing zerobouncesdk (1.1.1)
#21 24.34   - Installing autogpt-libs (0.2.0 /app/autogpt_platform/autogpt_libs)
#21 DONE 27.3s
#22 [builder 16/17] COPY autogpt_platform/backend/schema.prisma ./
#22 DONE 0.3s
#23 [builder 17/17] RUN poetry run prisma generate
#23 1.234 Skipping virtualenv creation, as specified in config file.
#23 2.310 Installing Prisma CLI
#23 2.718  * Install prebuilt node (24.3.0) ..... done.
#23 14.57 Prisma schema loaded from schema.prisma
#23 16.74 
#23 16.74 ✔ Generated Prisma Client Python (v0.15.0) to ./../../../usr/local/lib/python3.11/site-packages/prisma in 379ms
#23 16.74 
#23 DONE 19.3s
#24 [server_dependencies  4/12] COPY --from=builder /app /app
#24 DONE 0.1s
#25 [server_dependencies  5/12] COPY --from=builder /usr/local/lib/python3.11 /usr/local/lib/python3.11
#25 DONE 10.1s
#26 [server_dependencies  6/12] COPY --from=builder /usr/local/bin /usr/local/bin
#26 DONE 24.3s
#27 [server_dependencies  7/12] COPY --from=builder /root/.cache/prisma-python/binaries /root/.cache/prisma-python/binaries
#27 DONE 0.7s
#28 [server_dependencies  8/12] RUN mkdir -p /app/autogpt_platform/autogpt_libs
#28 DONE 0.1s
#29 [server_dependencies  9/12] RUN mkdir -p /app/autogpt_platform/backend
#29 DONE 0.2s
#30 [server_dependencies 10/12] COPY autogpt_platform/autogpt_libs /app/autogpt_platform/autogpt_libs
#30 DONE 0.4s
#31 [server_dependencies 11/12] COPY autogpt_platform/backend/poetry.lock autogpt_platform/backend/pyproject.toml /app/autogpt_platform/backend/
#31 DONE 0.0s
#32 [server_dependencies 12/12] WORKDIR /app/autogpt_platform/backend
#32 DONE 0.1s
#33 [server 1/2] COPY autogpt_platform/backend /app/autogpt_platform/backend
#33 DONE 0.1s
#34 [server 2/2] RUN poetry install --no-ansi --only-root
#34 1.631 Skipping virtualenv creation, as specified in config file.
#34 2.237 Installing dependencies from lock file
#34 2.812 
#34 2.812 Installing the current project: autogpt-platform-backend (0.4.9)
#34 DONE 3.9s
#35 exporting to docker image format
#35 exporting layers
#35 exporting layers 24.0s done
#35 exporting manifest sha256:43057b061816b3eb6114cf2957b31cd37ec103b88fd2f15c8397e3bcfd3bd828 0.0s done
#35 exporting config sha256:cacc89ef1b0cdba29c78ce10c83f802f07f34c08401286974c9139020da2ddec done
#35 DONE 27.0s
#36 exporting cache to client directory
#36 preparing build cache for export
#36 writing cache manifest sha256:ea97ea38059ec989e405ea8885bf7424b73230e763183c1d8661a8aaea1c5de4
#36 writing cache manifest sha256:ea97ea38059ec989e405ea8885bf7424b73230e763183c1d8661a8aaea1c5de4 0.6s done
#36 DONE 63.8s
Pushing image to registry...
Upload succeeded
==> Deploying...
Skipping virtualenv creation, as specified in config file.
==> No open ports detected, continuing to scan...
==> Docs on specifying a port: https://render.com/docs/web-services#port-binding
/usr/local/lib/python3.11/site-packages/qdrant_client/http/models/models.py:758: DeprecationWarning: invalid escape sequence '\&'
  description="Check that the field is empty, alternative syntax for `is_empty: \&quot;field_name\&quot;`",
/usr/local/lib/python3.11/site-packages/qdrant_client/http/models/models.py:762: DeprecationWarning: invalid escape sequence '\&'
  description="Check that the field is null, alternative syntax for `is_null: \&quot;field_name\&quot;`",
/usr/local/lib/python3.11/site-packages/discord/player.py:29: DeprecationWarning: 'audioop' is deprecated and slated for removal in Python 3.13
  import audioop
/usr/local/lib/python3.11/site-packages/tweepy/api.py:300: DeprecationWarning: invalid escape sequence '\['
  """home_timeline(*, count, since_id, max_id, trim_user, \
/usr/local/lib/python3.11/site-packages/tweepy/api.py:340: DeprecationWarning: invalid escape sequence '\['
  """mentions_timeline(*, count, since_id, max_id, trim_user, \
/usr/local/lib/python3.11/site-packages/tweepy/api.py:375: DeprecationWarning: invalid escape sequence '\['
  """user_timeline(*, user_id, screen_name, since_id, count, max_id, \
/usr/local/lib/python3.11/site-packages/tweepy/api.py:425: DeprecationWarning: invalid escape sequence '\['
  """get_favorites(*, user_id, screen_name, count, since_id, max_id, \
/usr/local/lib/python3.11/site-packages/tweepy/api.py:466: DeprecationWarning: invalid escape sequence '\['
  """lookup_statuses(id, *, include_entities, trim_user, map, \
/usr/local/lib/python3.11/site-packages/tweepy/api.py:608: DeprecationWarning: invalid escape sequence '\['
  """get_retweeter_ids(id, *, count, cursor, stringify_ids)
/usr/local/lib/python3.11/site-packages/tweepy/api.py:643: DeprecationWarning: invalid escape sequence '\['
  """get_retweets(id, *, count, trim_user)
/usr/local/lib/python3.11/site-packages/tweepy/api.py:676: DeprecationWarning: invalid escape sequence '\['
  """get_retweets_of_me(*, count, since_id, max_id, trim_user, \
/usr/local/lib/python3.11/site-packages/tweepy/api.py:1120: DeprecationWarning: invalid escape sequence '\ '
  """search_tweets(q, *, geocode, lang, locale, result_type, count, \
/usr/local/lib/python3.11/site-packages/tweepy/api.py:1232: DeprecationWarning: invalid escape sequence '\['
  """get_lists(*, user_id, screen_name, reverse)
/usr/local/lib/python3.11/site-packages/tweepy/api.py:1277: DeprecationWarning: invalid escape sequence '\['
  """get_list_members(*, list_id, slug, owner_screen_name, owner_id, \
/usr/local/lib/python3.11/site-packages/tweepy/api.py:1374: DeprecationWarning: invalid escape sequence '\['
  """get_list_memberships(*, user_id, screen_name, count, cursor, \
/usr/local/lib/python3.11/site-packages/tweepy/api.py:1417: DeprecationWarning: invalid escape sequence '\['
  """get_list_ownerships(*, user_id, screen_name, count, cursor)
/usr/local/lib/python3.11/site-packages/tweepy/api.py:1484: DeprecationWarning: invalid escape sequence '\['
  """list_timeline( \
/usr/local/lib/python3.11/site-packages/tweepy/api.py:1535: DeprecationWarning: invalid escape sequence '\['
  """get_list_subscribers( \
/usr/local/lib/python3.11/site-packages/tweepy/api.py:1634: DeprecationWarning: invalid escape sequence '\['
  """get_list_subscriptions(*, user_id, screen_name, count, cursor)
/usr/local/lib/python3.11/site-packages/tweepy/api.py:2002: DeprecationWarning: invalid escape sequence '\['
  """get_follower_ids(*, user_id, screen_name, cursor, stringify_ids, \
/usr/local/lib/python3.11/site-packages/tweepy/api.py:2041: DeprecationWarning: invalid escape sequence '\['
  """get_followers(*, user_id, screen_name, cursor, count, skip_status, \
/usr/local/lib/python3.11/site-packages/tweepy/api.py:2083: DeprecationWarning: invalid escape sequence '\['
  """get_friend_ids(*, user_id, screen_name, cursor, stringify_ids, \
/usr/local/lib/python3.11/site-packages/tweepy/api.py:2122: DeprecationWarning: invalid escape sequence '\['
  """get_friends(*, user_id, screen_name, cursor, count, skip_status, \
/usr/local/lib/python3.11/site-packages/tweepy/api.py:2164: DeprecationWarning: invalid escape sequence '\['
  """incoming_friendships(*, cursor, stringify_ids)
/usr/local/lib/python3.11/site-packages/tweepy/api.py:2195: DeprecationWarning: invalid escape sequence '\['
  """lookup_friendships(*, screen_name, user_id)
/usr/local/lib/python3.11/site-packages/tweepy/api.py:2224: DeprecationWarning: invalid escape sequence '\['
  """no_retweets_friendships(*, stringify_ids)
/usr/local/lib/python3.11/site-packages/tweepy/api.py:2251: DeprecationWarning: invalid escape sequence '\['
  """outgoing_friendships(*, cursor, stringify_ids)
/usr/local/lib/python3.11/site-packages/tweepy/api.py:2318: DeprecationWarning: invalid escape sequence '\['
  """lookup_users(*, screen_name, user_id, include_entities, tweet_mode)
/usr/local/lib/python3.11/site-packages/tweepy/api.py:2365: DeprecationWarning: invalid escape sequence '\['
  """search_users(q, *, page, count, include_entities)
/usr/local/lib/python3.11/site-packages/tweepy/api.py:2584: DeprecationWarning: invalid escape sequence '\['
  """get_saved_searches()
/usr/local/lib/python3.11/site-packages/tweepy/api.py:2899: DeprecationWarning: invalid escape sequence '\['
  """get_blocked_ids(*, stringify_ids, cursor)
/usr/local/lib/python3.11/site-packages/tweepy/api.py:2931: DeprecationWarning: invalid escape sequence '\['
  """get_blocks(*, include_entities, skip_status, cursor)
/usr/local/lib/python3.11/site-packages/tweepy/api.py:2965: DeprecationWarning: invalid escape sequence '\['
  """get_muted_ids(*, stringify_ids, cursor)
/usr/local/lib/python3.11/site-packages/tweepy/api.py:2996: DeprecationWarning: invalid escape sequence '\['
  """get_mutes(*, cursor, include_entities, skip_status)
/usr/local/lib/python3.11/site-packages/tweepy/api.py:3211: DeprecationWarning: invalid escape sequence '\['
  """get_direct_messages(*, count, cursor)
/usr/local/lib/python3.11/site-packages/tweepy/api.py:3880: DeprecationWarning: invalid escape sequence '\['
  """reverse_geocode(lat, long, *, accuracy, granularity, max_results)
/usr/local/lib/python3.11/site-packages/tweepy/api.py:3921: DeprecationWarning: invalid escape sequence '\['
  """search_geo(*, lat, long, query, ip, granularity, max_results)
2025-07-03 05:11:20,465 WARNING  Postmark server API token not found, email sending disabled
2025-07-03 05:11:20,952 INFO  [NotificationManager] started with PID 47
2025-07-03 05:11:20,954 INFO  [DatabaseManager] started with PID 48
2025-07-03 05:11:20,954 INFO  [AgentServer] Starting...
/usr/local/lib/python3.11/site-packages/websockets/legacy/__init__.py:6: DeprecationWarning: websockets.legacy is deprecated; see https://websockets.readthedocs.io/en/stable/howto/upgrade.html for upgrade instructions
  warnings.warn(  # deprecated in 14.0 - 2024-11-09
/usr/local/lib/python3.11/site-packages/uvicorn/protocols/websockets/websockets_impl.py:17: DeprecationWarning: websockets.server.WebSocketServerProtocol is deprecated
  from websockets.server import WebSocketServerProtocol
2025-07-03 05:11:23,652 INFO  Started server process [1]
2025-07-03 05:11:23,652 INFO  Waiting for application startup.
2025-07-03 05:11:23,654 INFO  [PID-1|THREAD-1|AgentServer|Prisma-b33dc250-3f50-4ddc-837e-4e851cb00e15] Acquiring connection started...
2025-07-03 05:11:28,750 INFO  [PID-1|THREAD-1|AgentServer|Prisma-b33dc250-3f50-4ddc-837e-4e851cb00e15] Acquiring connection completed successfully.
2025-07-03 05:11:29,356 ERROR  Traceback (most recent call last):
  File "/usr/local/lib/python3.11/site-packages/starlette/routing.py", line 692, in lifespan
    async with self.lifespan_context(app) as maybe_state:
  File "/usr/local/lib/python3.11/contextlib.py", line 210, in __aenter__
    return await anext(self.gen)
           ^^^^^^^^^^^^^^^^^^^^^
  File "/usr/local/lib/python3.11/site-packages/fastapi/routing.py", line 133, in merged_lifespan
    async with original_context(app) as maybe_original_state:
  File "/usr/local/lib/python3.11/contextlib.py", line 210, in __aenter__
    return await anext(self.gen)
           ^^^^^^^^^^^^^^^^^^^^^
  File "/usr/local/lib/python3.11/site-packages/fastapi/routing.py", line 133, in merged_lifespan
    async with original_context(app) as maybe_original_state:
  File "/usr/local/lib/python3.11/contextlib.py", line 210, in __aenter__
    return await anext(self.gen)
           ^^^^^^^^^^^^^^^^^^^^^
  File "/usr/local/lib/python3.11/site-packages/fastapi/routing.py", line 133, in merged_lifespan
    async with original_context(app) as maybe_original_state:
  File "/usr/local/lib/python3.11/contextlib.py", line 210, in __aenter__
    return await anext(self.gen)
           ^^^^^^^^^^^^^^^^^^^^^
  File "/usr/local/lib/python3.11/site-packages/fastapi/routing.py", line 133, in merged_lifespan
    async with original_context(app) as maybe_original_state:
  File "/usr/local/lib/python3.11/contextlib.py", line 210, in __aenter__
    return await anext(self.gen)
           ^^^^^^^^^^^^^^^^^^^^^
  File "/usr/local/lib/python3.11/site-packages/fastapi/routing.py", line 133, in merged_lifespan
    async with original_context(app) as maybe_original_state:
  File "/usr/local/lib/python3.11/contextlib.py", line 210, in __aenter__
    return await anext(self.gen)
           ^^^^^^^^^^^^^^^^^^^^^
  File "/usr/local/lib/python3.11/site-packages/fastapi/routing.py", line 133, in merged_lifespan
    async with original_context(app) as maybe_original_state:
  File "/usr/local/lib/python3.11/contextlib.py", line 210, in __aenter__
    return await anext(self.gen)
           ^^^^^^^^^^^^^^^^^^^^^
  File "/usr/local/lib/python3.11/site-packages/fastapi/routing.py", line 133, in merged_lifespan
    async with original_context(app) as maybe_original_state:
  File "/usr/local/lib/python3.11/contextlib.py", line 210, in __aenter__
    return await anext(self.gen)
           ^^^^^^^^^^^^^^^^^^^^^
  File "/usr/local/lib/python3.11/site-packages/fastapi/routing.py", line 133, in merged_lifespan
    async with original_context(app) as maybe_original_state:
  File "/usr/local/lib/python3.11/contextlib.py", line 210, in __aenter__
    return await anext(self.gen)
           ^^^^^^^^^^^^^^^^^^^^^
  File "/app/autogpt_platform/backend/backend/server/rest_api.py", line 64, in lifespan_context
    await backend.data.block.initialize_blocks()
  File "/app/autogpt_platform/backend/backend/data/block.py", line 517, in initialize_blocks
    existing_block = await AgentBlock.prisma().find_first(
                     ^^^^^^^^^^^^^^^^^^^^^^^^^^^^^^^^^^^^^
  File "/usr/local/lib/python3.11/site-packages/prisma/actions.py", line 9809, in find_first
    resp = await self._client._execute(
           ^^^^^^^^^^^^^^^^^^^^^^^^^^^^
  File "/usr/local/lib/python3.11/site-packages/prisma/_base_client.py", line 543, in _execute
    return await self._engine.query(builder.build(), tx_id=self._tx_id)
           ^^^^^^^^^^^^^^^^^^^^^^^^^^^^^^^^^^^^^^^^^^^^^^^^^^^^^^^^^^^^
  File "/usr/local/lib/python3.11/site-packages/prisma/engine/_query.py", line 402, in query
    return await self.request(
           ^^^^^^^^^^^^^^^^^^^
  File "/usr/local/lib/python3.11/site-packages/prisma/engine/_http.py", line 233, in request
    return self._process_response_data(data=data, response=response)
           ^^^^^^^^^^^^^^^^^^^^^^^^^^^^^^^^^^^^^^^^^^^^^^^^^^^^^^^^^
  File "/usr/local/lib/python3.11/site-packages/prisma/engine/_http.py", line 87, in _process_response_data
    return utils.handle_response_errors(response, errors_data)
           ^^^^^^^^^^^^^^^^^^^^^^^^^^^^^^^^^^^^^^^^^^^^^^^^^^^
  File "/usr/local/lib/python3.11/site-packages/prisma/engine/utils.py", line 175, in handle_response_errors
    raise exc(error)
prisma.errors.TableNotFoundError: The table `public.AgentBlock` does not exist in the current database.
2025-07-03 05:11:30,251 ERROR  Application startup failed. Exiting.
2025-07-03 05:11:30,255 WARNING  [AgentServer] Terminated: 3; quitting...
2025-07-03 05:11:30,255 INFO  [AgentServer] ⏳ Shutting down Agent Server...
2025-07-03 05:11:30,255 INFO  [AgentServer] Terminated.
2025-07-03 05:11:30,356 INFO  [NotificationManager] with PID 47 stopped
2025-07-03 05:11:30,457 INFO  [DatabaseManager] with PID 48 stopped
==> No open ports detected on 0.0.0.0, continuing to scan...
==> Docs on specifying a port: https://render.com/docs/web-services#port-binding
Skipping virtualenv creation, as specified in config file.
==> No open ports detected on 0.0.0.0, continuing to scan...
==> Docs on specifying a port: https://render.com/docs/web-services#port-binding
/usr/local/lib/python3.11/site-packages/qdrant_client/http/models/models.py:758: DeprecationWarning: invalid escape sequence '\&'
  description="Check that the field is empty, alternative syntax for `is_empty: \&quot;field_name\&quot;`",
/usr/local/lib/python3.11/site-packages/qdrant_client/http/models/models.py:762: DeprecationWarning: invalid escape sequence '\&'
  description="Check that the field is null, alternative syntax for `is_null: \&quot;field_name\&quot;`",
/usr/local/lib/python3.11/site-packages/discord/player.py:29: DeprecationWarning: 'audioop' is deprecated and slated for removal in Python 3.13
  import audioop
/usr/local/lib/python3.11/site-packages/tweepy/api.py:300: DeprecationWarning: invalid escape sequence '\['
  """home_timeline(*, count, since_id, max_id, trim_user, \
/usr/local/lib/python3.11/site-packages/tweepy/api.py:340: DeprecationWarning: invalid escape sequence '\['
  """mentions_timeline(*, count, since_id, max_id, trim_user, \
/usr/local/lib/python3.11/site-packages/tweepy/api.py:375: DeprecationWarning: invalid escape sequence '\['
  """user_timeline(*, user_id, screen_name, since_id, count, max_id, \
/usr/local/lib/python3.11/site-packages/tweepy/api.py:425: DeprecationWarning: invalid escape sequence '\['
  """get_favorites(*, user_id, screen_name, count, since_id, max_id, \
/usr/local/lib/python3.11/site-packages/tweepy/api.py:466: DeprecationWarning: invalid escape sequence '\['
  """lookup_statuses(id, *, include_entities, trim_user, map, \
/usr/local/lib/python3.11/site-packages/tweepy/api.py:608: DeprecationWarning: invalid escape sequence '\['
  """get_retweeter_ids(id, *, count, cursor, stringify_ids)
/usr/local/lib/python3.11/site-packages/tweepy/api.py:643: DeprecationWarning: invalid escape sequence '\['
  """get_retweets(id, *, count, trim_user)
/usr/local/lib/python3.11/site-packages/tweepy/api.py:676: DeprecationWarning: invalid escape sequence '\['
  """get_retweets_of_me(*, count, since_id, max_id, trim_user, \
/usr/local/lib/python3.11/site-packages/tweepy/api.py:1120: DeprecationWarning: invalid escape sequence '\ '
  """search_tweets(q, *, geocode, lang, locale, result_type, count, \
/usr/local/lib/python3.11/site-packages/tweepy/api.py:1232: DeprecationWarning: invalid escape sequence '\['
  """get_lists(*, user_id, screen_name, reverse)
/usr/local/lib/python3.11/site-packages/tweepy/api.py:1277: DeprecationWarning: invalid escape sequence '\['
  """get_list_members(*, list_id, slug, owner_screen_name, owner_id, \
/usr/local/lib/python3.11/site-packages/tweepy/api.py:1374: DeprecationWarning: invalid escape sequence '\['
  """get_list_memberships(*, user_id, screen_name, count, cursor, \
/usr/local/lib/python3.11/site-packages/tweepy/api.py:1417: DeprecationWarning: invalid escape sequence '\['
  """get_list_ownerships(*, user_id, screen_name, count, cursor)
/usr/local/lib/python3.11/site-packages/tweepy/api.py:1484: DeprecationWarning: invalid escape sequence '\['
  """list_timeline( \
/usr/local/lib/python3.11/site-packages/tweepy/api.py:1535: DeprecationWarning: invalid escape sequence '\['
  """get_list_subscribers( \
/usr/local/lib/python3.11/site-packages/tweepy/api.py:1634: DeprecationWarning: invalid escape sequence '\['
  """get_list_subscriptions(*, user_id, screen_name, count, cursor)
/usr/local/lib/python3.11/site-packages/tweepy/api.py:2002: DeprecationWarning: invalid escape sequence '\['
  """get_follower_ids(*, user_id, screen_name, cursor, stringify_ids, \
/usr/local/lib/python3.11/site-packages/tweepy/api.py:2041: DeprecationWarning: invalid escape sequence '\['
  """get_followers(*, user_id, screen_name, cursor, count, skip_status, \
/usr/local/lib/python3.11/site-packages/tweepy/api.py:2083: DeprecationWarning: invalid escape sequence '\['
  """get_friend_ids(*, user_id, screen_name, cursor, stringify_ids, \
/usr/local/lib/python3.11/site-packages/tweepy/api.py:2122: DeprecationWarning: invalid escape sequence '\['
  """get_friends(*, user_id, screen_name, cursor, count, skip_status, \
/usr/local/lib/python3.11/site-packages/tweepy/api.py:2164: DeprecationWarning: invalid escape sequence '\['
  """incoming_friendships(*, cursor, stringify_ids)
/usr/local/lib/python3.11/site-packages/tweepy/api.py:2195: DeprecationWarning: invalid escape sequence '\['
  """lookup_friendships(*, screen_name, user_id)
/usr/local/lib/python3.11/site-packages/tweepy/api.py:2224: DeprecationWarning: invalid escape sequence '\['
  """no_retweets_friendships(*, stringify_ids)
/usr/local/lib/python3.11/site-packages/tweepy/api.py:2251: DeprecationWarning: invalid escape sequence '\['
  """outgoing_friendships(*, cursor, stringify_ids)
/usr/local/lib/python3.11/site-packages/tweepy/api.py:2318: DeprecationWarning: invalid escape sequence '\['
  """lookup_users(*, screen_name, user_id, include_entities, tweet_mode)
/usr/local/lib/python3.11/site-packages/tweepy/api.py:2365: DeprecationWarning: invalid escape sequence '\['
  """search_users(q, *, page, count, include_entities)
/usr/local/lib/python3.11/site-packages/tweepy/api.py:2584: DeprecationWarning: invalid escape sequence '\['
  """get_saved_searches()
/usr/local/lib/python3.11/site-packages/tweepy/api.py:2899: DeprecationWarning: invalid escape sequence '\['
  """get_blocked_ids(*, stringify_ids, cursor)
/usr/local/lib/python3.11/site-packages/tweepy/api.py:2931: DeprecationWarning: invalid escape sequence '\['
  """get_blocks(*, include_entities, skip_status, cursor)
/usr/local/lib/python3.11/site-packages/tweepy/api.py:2965: DeprecationWarning: invalid escape sequence '\['
  """get_muted_ids(*, stringify_ids, cursor)
/usr/local/lib/python3.11/site-packages/tweepy/api.py:2996: DeprecationWarning: invalid escape sequence '\['
  """get_mutes(*, cursor, include_entities, skip_status)
/usr/local/lib/python3.11/site-packages/tweepy/api.py:3211: DeprecationWarning: invalid escape sequence '\['
  """get_direct_messages(*, count, cursor)
/usr/local/lib/python3.11/site-packages/tweepy/api.py:3880: DeprecationWarning: invalid escape sequence '\['
  """reverse_geocode(lat, long, *, accuracy, granularity, max_results)
/usr/local/lib/python3.11/site-packages/tweepy/api.py:3921: DeprecationWarning: invalid escape sequence '\['
  """search_geo(*, lat, long, query, ip, granularity, max_results)
2025-07-03 05:13:19,641 WARNING  Postmark server API token not found, email sending disabled
2025-07-03 05:13:19,941 INFO  [NotificationManager] started with PID 47
2025-07-03 05:13:19,943 INFO  [DatabaseManager] started with PID 48
2025-07-03 05:13:19,943 INFO  [AgentServer] Starting...
/usr/local/lib/python3.11/site-packages/websockets/legacy/__init__.py:6: DeprecationWarning: websockets.legacy is deprecated; see https://websockets.readthedocs.io/en/stable/howto/upgrade.html for upgrade instructions
  warnings.warn(  # deprecated in 14.0 - 2024-11-09
/usr/local/lib/python3.11/site-packages/uvicorn/protocols/websockets/websockets_impl.py:17: DeprecationWarning: websockets.server.WebSocketServerProtocol is deprecated
  from websockets.server import WebSocketServerProtocol
2025-07-03 05:13:22,437 INFO  Started server process [1]
2025-07-03 05:13:22,437 INFO  Waiting for application startup.
2025-07-03 05:13:22,438 INFO  [PID-1|THREAD-1|AgentServer|Prisma-83265cc9-b193-4d39-8e13-c92e66ac3067] Acquiring connection started...
2025-07-03 05:13:24,936 INFO  [PID-1|THREAD-1|AgentServer|Prisma-83265cc9-b193-4d39-8e13-c92e66ac3067] Acquiring connection completed successfully.
2025-07-03 05:13:25,338 ERROR  Traceback (most recent call last):
  File "/usr/local/lib/python3.11/site-packages/starlette/routing.py", line 692, in lifespan
    async with self.lifespan_context(app) as maybe_state:
  File "/usr/local/lib/python3.11/contextlib.py", line 210, in __aenter__
    return await anext(self.gen)
           ^^^^^^^^^^^^^^^^^^^^^
  File "/usr/local/lib/python3.11/site-packages/fastapi/routing.py", line 133, in merged_lifespan
    async with original_context(app) as maybe_original_state:
  File "/usr/local/lib/python3.11/contextlib.py", line 210, in __aenter__
    return await anext(self.gen)
           ^^^^^^^^^^^^^^^^^^^^^
  File "/usr/local/lib/python3.11/site-packages/fastapi/routing.py", line 133, in merged_lifespan
    async with original_context(app) as maybe_original_state:
  File "/usr/local/lib/python3.11/contextlib.py", line 210, in __aenter__
    return await anext(self.gen)
           ^^^^^^^^^^^^^^^^^^^^^
  File "/usr/local/lib/python3.11/site-packages/fastapi/routing.py", line 133, in merged_lifespan
    async with original_context(app) as maybe_original_state:
  File "/usr/local/lib/python3.11/contextlib.py", line 210, in __aenter__
    return await anext(self.gen)
           ^^^^^^^^^^^^^^^^^^^^^
  File "/usr/local/lib/python3.11/site-packages/fastapi/routing.py", line 133, in merged_lifespan
    async with original_context(app) as maybe_original_state:
  File "/usr/local/lib/python3.11/contextlib.py", line 210, in __aenter__
    return await anext(self.gen)
           ^^^^^^^^^^^^^^^^^^^^^
  File "/usr/local/lib/python3.11/site-packages/fastapi/routing.py", line 133, in merged_lifespan
    async with original_context(app) as maybe_original_state:
  File "/usr/local/lib/python3.11/contextlib.py", line 210, in __aenter__
    return await anext(self.gen)
           ^^^^^^^^^^^^^^^^^^^^^
  File "/usr/local/lib/python3.11/site-packages/fastapi/routing.py", line 133, in merged_lifespan
    async with original_context(app) as maybe_original_state:
  File "/usr/local/lib/python3.11/contextlib.py", line 210, in __aenter__
    return await anext(self.gen)
           ^^^^^^^^^^^^^^^^^^^^^
  File "/usr/local/lib/python3.11/site-packages/fastapi/routing.py", line 133, in merged_lifespan
    async with original_context(app) as maybe_original_state:
  File "/usr/local/lib/python3.11/contextlib.py", line 210, in __aenter__
    return await anext(self.gen)
           ^^^^^^^^^^^^^^^^^^^^^
  File "/usr/local/lib/python3.11/site-packages/fastapi/routing.py", line 133, in merged_lifespan
    async with original_context(app) as maybe_original_state:
  File "/usr/local/lib/python3.11/contextlib.py", line 210, in __aenter__
    return await anext(self.gen)
           ^^^^^^^^^^^^^^^^^^^^^
  File "/app/autogpt_platform/backend/backend/server/rest_api.py", line 64, in lifespan_context
    await backend.data.block.initialize_blocks()
  File "/app/autogpt_platform/backend/backend/data/block.py", line 517, in initialize_blocks
    existing_block = await AgentBlock.prisma().find_first(
                     ^^^^^^^^^^^^^^^^^^^^^^^^^^^^^^^^^^^^^
  File "/usr/local/lib/python3.11/site-packages/prisma/actions.py", line 9809, in find_first
    resp = await self._client._execute(
           ^^^^^^^^^^^^^^^^^^^^^^^^^^^^
  File "/usr/local/lib/python3.11/site-packages/prisma/_base_client.py", line 543, in _execute
    return await self._engine.query(builder.build(), tx_id=self._tx_id)
           ^^^^^^^^^^^^^^^^^^^^^^^^^^^^^^^^^^^^^^^^^^^^^^^^^^^^^^^^^^^^
  File "/usr/local/lib/python3.11/site-packages/prisma/engine/_query.py", line 402, in query
    return await self.request(
           ^^^^^^^^^^^^^^^^^^^
  File "/usr/local/lib/python3.11/site-packages/prisma/engine/_http.py", line 233, in request
    return self._process_response_data(data=data, response=response)
           ^^^^^^^^^^^^^^^^^^^^^^^^^^^^^^^^^^^^^^^^^^^^^^^^^^^^^^^^^
  File "/usr/local/lib/python3.11/site-packages/prisma/engine/_http.py", line 87, in _process_response_data
    return utils.handle_response_errors(response, errors_data)
           ^^^^^^^^^^^^^^^^^^^^^^^^^^^^^^^^^^^^^^^^^^^^^^^^^^^
  File "/usr/local/lib/python3.11/site-packages/prisma/engine/utils.py", line 175, in handle_response_errors
    raise exc(error)
prisma.errors.TableNotFoundError: The table `public.AgentBlock` does not exist in the current database.
2025-07-03 05:13:25,942 ERROR  Application startup failed. Exiting.
2025-07-03 05:13:26,039 WARNING  [AgentServer] Terminated: 3; quitting...
2025-07-03 05:13:26,040 INFO  [AgentServer] ⏳ Shutting down Agent Server...
2025-07-03 05:13:26,040 INFO  [AgentServer] Terminated.
2025-07-03 05:13:26,139 INFO  [NotificationManager] with PID 47 stopped
2025-07-03 05:13:26,142 INFO  [DatabaseManager] with PID 48 stopped
==> No open ports detected on 0.0.0.0, continuing to scan...
==> Docs on specifying a port: https://render.com/docs/web-services#port-binding
Skipping virtualenv creation, as specified in config file.
==> No open ports detected on 0.0.0.0, continuing to scan...
==> Docs on specifying a port: https://render.com/docs/web-services#port-binding
==> Port scan timeout reached, no open ports detected on 0.0.0.0. Detected open ports on localhost -- did you mean to bind one of these to 0.0.0.0?
==> Docs on specifying a port: https://render.com/docs/web-services#port-binding
/usr/local/lib/python3.11/site-packages/qdrant_client/http/models/models.py:758: DeprecationWarning: invalid escape sequence '\&'
  description="Check that the field is empty, alternative syntax for `is_empty: \&quot;field_name\&quot;`",
/usr/local/lib/python3.11/site-packages/qdrant_client/http/models/models.py:762: DeprecationWarning: invalid escape sequence '\&'
  description="Check that the field is null, alternative syntax for `is_null: \&quot;field_name\&quot;`",
/usr/local/lib/python3.11/site-packages/discord/player.py:29: DeprecationWarning: 'audioop' is deprecated and slated for removal in Python 3.13
  import audioop
/usr/local/lib/python3.11/site-packages/tweepy/api.py:300: DeprecationWarning: invalid escape sequence '\['
  """home_timeline(*, count, since_id, max_id, trim_user, \
/usr/local/lib/python3.11/site-packages/tweepy/api.py:340: DeprecationWarning: invalid escape sequence '\['
  """mentions_timeline(*, count, since_id, max_id, trim_user, \
/usr/local/lib/python3.11/site-packages/tweepy/api.py:375: DeprecationWarning: invalid escape sequence '\['
  """user_timeline(*, user_id, screen_name, since_id, count, max_id, \
/usr/local/lib/python3.11/site-packages/tweepy/api.py:425: DeprecationWarning: invalid escape sequence '\['
  """get_favorites(*, user_id, screen_name, count, since_id, max_id, \
/usr/local/lib/python3.11/site-packages/tweepy/api.py:466: DeprecationWarning: invalid escape sequence '\['
  """lookup_statuses(id, *, include_entities, trim_user, map, \
/usr/local/lib/python3.11/site-packages/tweepy/api.py:608: DeprecationWarning: invalid escape sequence '\['
  """get_retweeter_ids(id, *, count, cursor, stringify_ids)
/usr/local/lib/python3.11/site-packages/tweepy/api.py:643: DeprecationWarning: invalid escape sequence '\['
  """get_retweets(id, *, count, trim_user)
/usr/local/lib/python3.11/site-packages/tweepy/api.py:676: DeprecationWarning: invalid escape sequence '\['
  """get_retweets_of_me(*, count, since_id, max_id, trim_user, \
/usr/local/lib/python3.11/site-packages/tweepy/api.py:1120: DeprecationWarning: invalid escape sequence '\ '
  """search_tweets(q, *, geocode, lang, locale, result_type, count, \
/usr/local/lib/python3.11/site-packages/tweepy/api.py:1232: DeprecationWarning: invalid escape sequence '\['
  """get_lists(*, user_id, screen_name, reverse)
/usr/local/lib/python3.11/site-packages/tweepy/api.py:1277: DeprecationWarning: invalid escape sequence '\['
  """get_list_members(*, list_id, slug, owner_screen_name, owner_id, \
/usr/local/lib/python3.11/site-packages/tweepy/api.py:1374: DeprecationWarning: invalid escape sequence '\['
  """get_list_memberships(*, user_id, screen_name, count, cursor, \
/usr/local/lib/python3.11/site-packages/tweepy/api.py:1417: DeprecationWarning: invalid escape sequence '\['
  """get_list_ownerships(*, user_id, screen_name, count, cursor)
/usr/local/lib/python3.11/site-packages/tweepy/api.py:1484: DeprecationWarning: invalid escape sequence '\['
  """list_timeline( \
/usr/local/lib/python3.11/site-packages/tweepy/api.py:1535: DeprecationWarning: invalid escape sequence '\['
  """get_list_subscribers( \
/usr/local/lib/python3.11/site-packages/tweepy/api.py:1634: DeprecationWarning: invalid escape sequence '\['
  """get_list_subscriptions(*, user_id, screen_name, count, cursor)
/usr/local/lib/python3.11/site-packages/tweepy/api.py:2002: DeprecationWarning: invalid escape sequence '\['
  """get_follower_ids(*, user_id, screen_name, cursor, stringify_ids, \
/usr/local/lib/python3.11/site-packages/tweepy/api.py:2041: DeprecationWarning: invalid escape sequence '\['
  """get_followers(*, user_id, screen_name, cursor, count, skip_status, \
/usr/local/lib/python3.11/site-packages/tweepy/api.py:2083: DeprecationWarning: invalid escape sequence '\['
  """get_friend_ids(*, user_id, screen_name, cursor, stringify_ids, \
/usr/local/lib/python3.11/site-packages/tweepy/api.py:2122: DeprecationWarning: invalid escape sequence '\['
  """get_friends(*, user_id, screen_name, cursor, count, skip_status, \
/usr/local/lib/python3.11/site-packages/tweepy/api.py:2164: DeprecationWarning: invalid escape sequence '\['
  """incoming_friendships(*, cursor, stringify_ids)
/usr/local/lib/python3.11/site-packages/tweepy/api.py:2195: DeprecationWarning: invalid escape sequence '\['
  """lookup_friendships(*, screen_name, user_id)
/usr/local/lib/python3.11/site-packages/tweepy/api.py:2224: DeprecationWarning: invalid escape sequence '\['
  """no_retweets_friendships(*, stringify_ids)
/usr/local/lib/python3.11/site-packages/tweepy/api.py:2251: DeprecationWarning: invalid escape sequence '\['
  """outgoing_friendships(*, cursor, stringify_ids)
/usr/local/lib/python3.11/site-packages/tweepy/api.py:2318: DeprecationWarning: invalid escape sequence '\['
  """lookup_users(*, screen_name, user_id, include_entities, tweet_mode)
/usr/local/lib/python3.11/site-packages/tweepy/api.py:2365: DeprecationWarning: invalid escape sequence '\['
  """search_users(q, *, page, count, include_entities)
/usr/local/lib/python3.11/site-packages/tweepy/api.py:2584: DeprecationWarning: invalid escape sequence '\['
  """get_saved_searches()
/usr/local/lib/python3.11/site-packages/tweepy/api.py:2899: DeprecationWarning: invalid escape sequence '\['
  """get_blocked_ids(*, stringify_ids, cursor)
/usr/local/lib/python3.11/site-packages/tweepy/api.py:2931: DeprecationWarning: invalid escape sequence '\['
  """get_blocks(*, include_entities, skip_status, cursor)
/usr/local/lib/python3.11/site-packages/tweepy/api.py:2965: DeprecationWarning: invalid escape sequence '\['
  """get_muted_ids(*, stringify_ids, cursor)
/usr/local/lib/python3.11/site-packages/tweepy/api.py:2996: DeprecationWarning: invalid escape sequence '\['
  """get_mutes(*, cursor, include_entities, skip_status)
/usr/local/lib/python3.11/site-packages/tweepy/api.py:3211: DeprecationWarning: invalid escape sequence '\['
  """get_direct_messages(*, count, cursor)
/usr/local/lib/python3.11/site-packages/tweepy/api.py:3880: DeprecationWarning: invalid escape sequence '\['
  """reverse_geocode(lat, long, *, accuracy, granularity, max_results)
/usr/local/lib/python3.11/site-packages/tweepy/api.py:3921: DeprecationWarning: invalid escape sequence '\['
  """search_geo(*, lat, long, query, ip, granularity, max_results)
2025-07-03 05:15:25,330 WARNING  Postmark server API token not found, email sending disabled
2025-07-03 05:15:25,721 INFO  [NotificationManager] started with PID 47
2025-07-03 05:15:25,723 INFO  [DatabaseManager] started with PID 48
2025-07-03 05:15:25,723 INFO  [AgentServer] Starting...
/usr/local/lib/python3.11/site-packages/websockets/legacy/__init__.py:6: DeprecationWarning: websockets.legacy is deprecated; see https://websockets.readthedocs.io/en/stable/howto/upgrade.html for upgrade instructions
  warnings.warn(  # deprecated in 14.0 - 2024-11-09
/usr/local/lib/python3.11/site-packages/uvicorn/protocols/websockets/websockets_impl.py:17: DeprecationWarning: websockets.server.WebSocketServerProtocol is deprecated
  from websockets.server import WebSocketServerProtocol
2025-07-03 05:15:28,227 INFO  Started server process [1]
2025-07-03 05:15:28,318 INFO  Waiting for application startup.
2025-07-03 05:15:28,319 INFO  [PID-1|THREAD-1|AgentServer|Prisma-4cb57012-56b3-4114-b51a-3b656917f272] Acquiring connection started...
2025-07-03 05:15:31,123 INFO  [PID-1|THREAD-1|AgentServer|Prisma-4cb57012-56b3-4114-b51a-3b656917f272] Acquiring connection completed successfully.
2025-07-03 05:15:31,617 ERROR  Traceback (most recent call last):
  File "/usr/local/lib/python3.11/site-packages/starlette/routing.py", line 692, in lifespan
    async with self.lifespan_context(app) as maybe_state:
  File "/usr/local/lib/python3.11/contextlib.py", line 210, in __aenter__
    return await anext(self.gen)
           ^^^^^^^^^^^^^^^^^^^^^
  File "/usr/local/lib/python3.11/site-packages/fastapi/routing.py", line 133, in merged_lifespan
    async with original_context(app) as maybe_original_state:
  File "/usr/local/lib/python3.11/contextlib.py", line 210, in __aenter__
    return await anext(self.gen)
           ^^^^^^^^^^^^^^^^^^^^^
  File "/usr/local/lib/python3.11/site-packages/fastapi/routing.py", line 133, in merged_lifespan
    async with original_context(app) as maybe_original_state:
  File "/usr/local/lib/python3.11/contextlib.py", line 210, in __aenter__
    return await anext(self.gen)
           ^^^^^^^^^^^^^^^^^^^^^
  File "/usr/local/lib/python3.11/site-packages/fastapi/routing.py", line 133, in merged_lifespan
    async with original_context(app) as maybe_original_state:
  File "/usr/local/lib/python3.11/contextlib.py", line 210, in __aenter__
    return await anext(self.gen)
           ^^^^^^^^^^^^^^^^^^^^^
  File "/usr/local/lib/python3.11/site-packages/fastapi/routing.py", line 133, in merged_lifespan
    async with original_context(app) as maybe_original_state:
  File "/usr/local/lib/python3.11/contextlib.py", line 210, in __aenter__
    return await anext(self.gen)
           ^^^^^^^^^^^^^^^^^^^^^
  File "/usr/local/lib/python3.11/site-packages/fastapi/routing.py", line 133, in merged_lifespan
    async with original_context(app) as maybe_original_state:
  File "/usr/local/lib/python3.11/contextlib.py", line 210, in __aenter__
    return await anext(self.gen)
           ^^^^^^^^^^^^^^^^^^^^^
  File "/usr/local/lib/python3.11/site-packages/fastapi/routing.py", line 133, in merged_lifespan
    async with original_context(app) as maybe_original_state:
  File "/usr/local/lib/python3.11/contextlib.py", line 210, in __aenter__
    return await anext(self.gen)
           ^^^^^^^^^^^^^^^^^^^^^
  File "/usr/local/lib/python3.11/site-packages/fastapi/routing.py", line 133, in merged_lifespan
    async with original_context(app) as maybe_original_state:
  File "/usr/local/lib/python3.11/contextlib.py", line 210, in __aenter__
    return await anext(self.gen)
           ^^^^^^^^^^^^^^^^^^^^^
  File "/usr/local/lib/python3.11/site-packages/fastapi/routing.py", line 133, in merged_lifespan
    async with original_context(app) as maybe_original_state:
  File "/usr/local/lib/python3.11/contextlib.py", line 210, in __aenter__
    return await anext(self.gen)
           ^^^^^^^^^^^^^^^^^^^^^
  File "/app/autogpt_platform/backend/backend/server/rest_api.py", line 64, in lifespan_context
    await backend.data.block.initialize_blocks()
  File "/app/autogpt_platform/backend/backend/data/block.py", line 517, in initialize_blocks
    existing_block = await AgentBlock.prisma().find_first(
                     ^^^^^^^^^^^^^^^^^^^^^^^^^^^^^^^^^^^^^
  File "/usr/local/lib/python3.11/site-packages/prisma/actions.py", line 9809, in find_first
    resp = await self._client._execute(
           ^^^^^^^^^^^^^^^^^^^^^^^^^^^^
  File "/usr/local/lib/python3.11/site-packages/prisma/_base_client.py", line 543, in _execute
    return await self._engine.query(builder.build(), tx_id=self._tx_id)
           ^^^^^^^^^^^^^^^^^^^^^^^^^^^^^^^^^^^^^^^^^^^^^^^^^^^^^^^^^^^^
  File "/usr/local/lib/python3.11/site-packages/prisma/engine/_query.py", line 402, in query
    return await self.request(
           ^^^^^^^^^^^^^^^^^^^
  File "/usr/local/lib/python3.11/site-packages/prisma/engine/_http.py", line 233, in request
    return self._process_response_data(data=data, response=response)
           ^^^^^^^^^^^^^^^^^^^^^^^^^^^^^^^^^^^^^^^^^^^^^^^^^^^^^^^^^
  File "/usr/local/lib/python3.11/site-packages/prisma/engine/_http.py", line 87, in _process_response_data
    return utils.handle_response_errors(response, errors_data)
           ^^^^^^^^^^^^^^^^^^^^^^^^^^^^^^^^^^^^^^^^^^^^^^^^^^^
  File "/usr/local/lib/python3.11/site-packages/prisma/engine/utils.py", line 175, in handle_response_errors
    raise exc(error)
prisma.errors.TableNotFoundError: The table `public.AgentBlock` does not exist in the current database.
2025-07-03 05:15:32,021 ERROR  Application startup failed. Exiting.
2025-07-03 05:15:32,024 WARNING  [AgentServer] Terminated: 3; quitting...
2025-07-03 05:15:32,025 INFO  [AgentServer] ⏳ Shutting down Agent Server...
2025-07-03 05:15:32,025 INFO  [AgentServer] Terminated.
2025-07-03 05:15:32,119 INFO  [NotificationManager] with PID 47 stopped
2025-07-03 05:15:32,134 INFO  [DatabaseManager] with PID 48 stopped
Skipping virtualenv creation, as specified in config file.
/usr/local/lib/python3.11/site-packages/qdrant_client/http/models/models.py:758: DeprecationWarning: invalid escape sequence '\&'
  description="Check that the field is empty, alternative syntax for `is_empty: \&quot;field_name\&quot;`",
/usr/local/lib/python3.11/site-packages/qdrant_client/http/models/models.py:762: DeprecationWarning: invalid escape sequence '\&'
  description="Check that the field is null, alternative syntax for `is_null: \&quot;field_name\&quot;`",
/usr/local/lib/python3.11/site-packages/discord/player.py:29: DeprecationWarning: 'audioop' is deprecated and slated for removal in Python 3.13
  import audioop
/usr/local/lib/python3.11/site-packages/tweepy/api.py:300: DeprecationWarning: invalid escape sequence '\['
  """home_timeline(*, count, since_id, max_id, trim_user, \
/usr/local/lib/python3.11/site-packages/tweepy/api.py:340: DeprecationWarning: invalid escape sequence '\['
  """mentions_timeline(*, count, since_id, max_id, trim_user, \
/usr/local/lib/python3.11/site-packages/tweepy/api.py:375: DeprecationWarning: invalid escape sequence '\['
  """user_timeline(*, user_id, screen_name, since_id, count, max_id, \
/usr/local/lib/python3.11/site-packages/tweepy/api.py:425: DeprecationWarning: invalid escape sequence '\['
  """get_favorites(*, user_id, screen_name, count, since_id, max_id, \
/usr/local/lib/python3.11/site-packages/tweepy/api.py:466: DeprecationWarning: invalid escape sequence '\['
  """lookup_statuses(id, *, include_entities, trim_user, map, \
/usr/local/lib/python3.11/site-packages/tweepy/api.py:608: DeprecationWarning: invalid escape sequence '\['
  """get_retweeter_ids(id, *, count, cursor, stringify_ids)
/usr/local/lib/python3.11/site-packages/tweepy/api.py:643: DeprecationWarning: invalid escape sequence '\['
  """get_retweets(id, *, count, trim_user)
/usr/local/lib/python3.11/site-packages/tweepy/api.py:676: DeprecationWarning: invalid escape sequence '\['
  """get_retweets_of_me(*, count, since_id, max_id, trim_user, \
/usr/local/lib/python3.11/site-packages/tweepy/api.py:1120: DeprecationWarning: invalid escape sequence '\ '
  """search_tweets(q, *, geocode, lang, locale, result_type, count, \
/usr/local/lib/python3.11/site-packages/tweepy/api.py:1232: DeprecationWarning: invalid escape sequence '\['
  """get_lists(*, user_id, screen_name, reverse)
/usr/local/lib/python3.11/site-packages/tweepy/api.py:1277: DeprecationWarning: invalid escape sequence '\['
  """get_list_members(*, list_id, slug, owner_screen_name, owner_id, \
/usr/local/lib/python3.11/site-packages/tweepy/api.py:1374: DeprecationWarning: invalid escape sequence '\['
  """get_list_memberships(*, user_id, screen_name, count, cursor, \
/usr/local/lib/python3.11/site-packages/tweepy/api.py:1417: DeprecationWarning: invalid escape sequence '\['
  """get_list_ownerships(*, user_id, screen_name, count, cursor)
/usr/local/lib/python3.11/site-packages/tweepy/api.py:1484: DeprecationWarning: invalid escape sequence '\['
  """list_timeline( \
/usr/local/lib/python3.11/site-packages/tweepy/api.py:1535: DeprecationWarning: invalid escape sequence '\['
  """get_list_subscribers( \
/usr/local/lib/python3.11/site-packages/tweepy/api.py:1634: DeprecationWarning: invalid escape sequence '\['
  """get_list_subscriptions(*, user_id, screen_name, count, cursor)
/usr/local/lib/python3.11/site-packages/tweepy/api.py:2002: DeprecationWarning: invalid escape sequence '\['
  """get_follower_ids(*, user_id, screen_name, cursor, stringify_ids, \
/usr/local/lib/python3.11/site-packages/tweepy/api.py:2041: DeprecationWarning: invalid escape sequence '\['
  """get_followers(*, user_id, screen_name, cursor, count, skip_status, \
/usr/local/lib/python3.11/site-packages/tweepy/api.py:2083: DeprecationWarning: invalid escape sequence '\['
  """get_friend_ids(*, user_id, screen_name, cursor, stringify_ids, \
/usr/local/lib/python3.11/site-packages/tweepy/api.py:2122: DeprecationWarning: invalid escape sequence '\['
  """get_friends(*, user_id, screen_name, cursor, count, skip_status, \
/usr/local/lib/python3.11/site-packages/tweepy/api.py:2164: DeprecationWarning: invalid escape sequence '\['
  """incoming_friendships(*, cursor, stringify_ids)
/usr/local/lib/python3.11/site-packages/tweepy/api.py:2195: DeprecationWarning: invalid escape sequence '\['
  """lookup_friendships(*, screen_name, user_id)
/usr/local/lib/python3.11/site-packages/tweepy/api.py:2224: DeprecationWarning: invalid escape sequence '\['
  """no_retweets_friendships(*, stringify_ids)
/usr/local/lib/python3.11/site-packages/tweepy/api.py:2251: DeprecationWarning: invalid escape sequence '\['
  """outgoing_friendships(*, cursor, stringify_ids)
/usr/local/lib/python3.11/site-packages/tweepy/api.py:2318: DeprecationWarning: invalid escape sequence '\['
  """lookup_users(*, screen_name, user_id, include_entities, tweet_mode)
/usr/local/lib/python3.11/site-packages/tweepy/api.py:2365: DeprecationWarning: invalid escape sequence '\['
  """search_users(q, *, page, count, include_entities)
/usr/local/lib/python3.11/site-packages/tweepy/api.py:2584: DeprecationWarning: invalid escape sequence '\['
  """get_saved_searches()
/usr/local/lib/python3.11/site-packages/tweepy/api.py:2899: DeprecationWarning: invalid escape sequence '\['
  """get_blocked_ids(*, stringify_ids, cursor)
/usr/local/lib/python3.11/site-packages/tweepy/api.py:2931: DeprecationWarning: invalid escape sequence '\['
  """get_blocks(*, include_entities, skip_status, cursor)
/usr/local/lib/python3.11/site-packages/tweepy/api.py:2965: DeprecationWarning: invalid escape sequence '\['
  """get_muted_ids(*, stringify_ids, cursor)
/usr/local/lib/python3.11/site-packages/tweepy/api.py:2996: DeprecationWarning: invalid escape sequence '\['
  """get_mutes(*, cursor, include_entities, skip_status)
/usr/local/lib/python3.11/site-packages/tweepy/api.py:3211: DeprecationWarning: invalid escape sequence '\['
  """get_direct_messages(*, count, cursor)
/usr/local/lib/python3.11/site-packages/tweepy/api.py:3880: DeprecationWarning: invalid escape sequence '\['
  """reverse_geocode(lat, long, *, accuracy, granularity, max_results)
/usr/local/lib/python3.11/site-packages/tweepy/api.py:3921: DeprecationWarning: invalid escape sequence '\['
  """search_geo(*, lat, long, query, ip, granularity, max_results)
2025-07-03 05:17:53,468 WARNING  Postmark server API token not found, email sending disabled
2025-07-03 05:17:53,781 INFO  [NotificationManager] started with PID 27
2025-07-03 05:17:53,864 INFO  [DatabaseManager] started with PID 28
2025-07-03 05:17:53,864 INFO  [AgentServer] Starting...
/usr/local/lib/python3.11/site-packages/websockets/legacy/__init__.py:6: DeprecationWarning: websockets.legacy is deprecated; see https://websockets.readthedocs.io/en/stable/howto/upgrade.html for upgrade instructions
  warnings.warn(  # deprecated in 14.0 - 2024-11-09
/usr/local/lib/python3.11/site-packages/uvicorn/protocols/websockets/websockets_impl.py:17: DeprecationWarning: websockets.server.WebSocketServerProtocol is deprecated
  from websockets.server import WebSocketServerProtocol
2025-07-03 05:17:56,173 INFO  Started server process [1]
2025-07-03 05:17:56,263 INFO  Waiting for application startup.
2025-07-03 05:17:56,264 INFO  [PID-1|THREAD-1|AgentServer|Prisma-4c7f727b-4af0-44de-a05e-4ddb039d6fb4] Acquiring connection started...
2025-07-03 05:17:59,266 INFO  [PID-1|THREAD-1|AgentServer|Prisma-4c7f727b-4af0-44de-a05e-4ddb039d6fb4] Acquiring connection completed successfully.
2025-07-03 05:17:59,667 ERROR  Traceback (most recent call last):
  File "/usr/local/lib/python3.11/site-packages/starlette/routing.py", line 692, in lifespan
    async with self.lifespan_context(app) as maybe_state:
  File "/usr/local/lib/python3.11/contextlib.py", line 210, in __aenter__
    return await anext(self.gen)
           ^^^^^^^^^^^^^^^^^^^^^
  File "/usr/local/lib/python3.11/site-packages/fastapi/routing.py", line 133, in merged_lifespan
    async with original_context(app) as maybe_original_state:
  File "/usr/local/lib/python3.11/contextlib.py", line 210, in __aenter__
    return await anext(self.gen)
           ^^^^^^^^^^^^^^^^^^^^^
  File "/usr/local/lib/python3.11/site-packages/fastapi/routing.py", line 133, in merged_lifespan
    async with original_context(app) as maybe_original_state:
  File "/usr/local/lib/python3.11/contextlib.py", line 210, in __aenter__
    return await anext(self.gen)
           ^^^^^^^^^^^^^^^^^^^^^
  File "/usr/local/lib/python3.11/site-packages/fastapi/routing.py", line 133, in merged_lifespan
    async with original_context(app) as maybe_original_state:
  File "/usr/local/lib/python3.11/contextlib.py", line 210, in __aenter__
    return await anext(self.gen)
           ^^^^^^^^^^^^^^^^^^^^^
  File "/usr/local/lib/python3.11/site-packages/fastapi/routing.py", line 133, in merged_lifespan
    async with original_context(app) as maybe_original_state:
  File "/usr/local/lib/python3.11/contextlib.py", line 210, in __aenter__
    return await anext(self.gen)
           ^^^^^^^^^^^^^^^^^^^^^
  File "/usr/local/lib/python3.11/site-packages/fastapi/routing.py", line 133, in merged_lifespan
    async with original_context(app) as maybe_original_state:
  File "/usr/local/lib/python3.11/contextlib.py", line 210, in __aenter__
    return await anext(self.gen)
           ^^^^^^^^^^^^^^^^^^^^^
  File "/usr/local/lib/python3.11/site-packages/fastapi/routing.py", line 133, in merged_lifespan
    async with original_context(app) as maybe_original_state:
  File "/usr/local/lib/python3.11/contextlib.py", line 210, in __aenter__
    return await anext(self.gen)
           ^^^^^^^^^^^^^^^^^^^^^
  File "/usr/local/lib/python3.11/site-packages/fastapi/routing.py", line 133, in merged_lifespan
    async with original_context(app) as maybe_original_state:
  File "/usr/local/lib/python3.11/contextlib.py", line 210, in __aenter__
    return await anext(self.gen)
           ^^^^^^^^^^^^^^^^^^^^^
  File "/usr/local/lib/python3.11/site-packages/fastapi/routing.py", line 133, in merged_lifespan
    async with original_context(app) as maybe_original_state:
  File "/usr/local/lib/python3.11/contextlib.py", line 210, in __aenter__
    return await anext(self.gen)
           ^^^^^^^^^^^^^^^^^^^^^
  File "/app/autogpt_platform/backend/backend/server/rest_api.py", line 64, in lifespan_context
    await backend.data.block.initialize_blocks()
  File "/app/autogpt_platform/backend/backend/data/block.py", line 517, in initialize_blocks
    existing_block = await AgentBlock.prisma().find_first(
                     ^^^^^^^^^^^^^^^^^^^^^^^^^^^^^^^^^^^^^
  File "/usr/local/lib/python3.11/site-packages/prisma/actions.py", line 9809, in find_first
    resp = await self._client._execute(
           ^^^^^^^^^^^^^^^^^^^^^^^^^^^^
  File "/usr/local/lib/python3.11/site-packages/prisma/_base_client.py", line 543, in _execute
    return await self._engine.query(builder.build(), tx_id=self._tx_id)
           ^^^^^^^^^^^^^^^^^^^^^^^^^^^^^^^^^^^^^^^^^^^^^^^^^^^^^^^^^^^^
  File "/usr/local/lib/python3.11/site-packages/prisma/engine/_query.py", line 402, in query
    return await self.request(
           ^^^^^^^^^^^^^^^^^^^
  File "/usr/local/lib/python3.11/site-packages/prisma/engine/_http.py", line 233, in request
    return self._process_response_data(data=data, response=response)
           ^^^^^^^^^^^^^^^^^^^^^^^^^^^^^^^^^^^^^^^^^^^^^^^^^^^^^^^^^
  File "/usr/local/lib/python3.11/site-packages/prisma/engine/_http.py", line 87, in _process_response_data
    return utils.handle_response_errors(response, errors_data)
           ^^^^^^^^^^^^^^^^^^^^^^^^^^^^^^^^^^^^^^^^^^^^^^^^^^^
  File "/usr/local/lib/python3.11/site-packages/prisma/engine/utils.py", line 175, in handle_response_errors
    raise exc(error)
prisma.errors.TableNotFoundError: The table `public.AgentBlock` does not exist in the current database.
2025-07-03 05:18:00,365 ERROR  Application startup failed. Exiting.
2025-07-03 05:18:00,368 WARNING  [AgentServer] Terminated: 3; quitting...
2025-07-03 05:18:00,463 INFO  [AgentServer] ⏳ Shutting down Agent Server...
2025-07-03 05:18:00,464 INFO  [AgentServer] Terminated.
2025-07-03 05:18:00,468 INFO  [NotificationManager] with PID 27 stopped
2025-07-03 05:18:00,570 INFO  [DatabaseManager] with PID 28 stopped
Skipping virtualenv creation, as specified in config file.
/usr/local/lib/python3.11/site-packages/qdrant_client/http/models/models.py:758: DeprecationWarning: invalid escape sequence '\&'
  description="Check that the field is empty, alternative syntax for `is_empty: \&quot;field_name\&quot;`",
/usr/local/lib/python3.11/site-packages/qdrant_client/http/models/models.py:762: DeprecationWarning: invalid escape sequence '\&'
  description="Check that the field is null, alternative syntax for `is_null: \&quot;field_name\&quot;`",
/usr/local/lib/python3.11/site-packages/discord/player.py:29: DeprecationWarning: 'audioop' is deprecated and slated for removal in Python 3.13
  import audioop
/usr/local/lib/python3.11/site-packages/tweepy/api.py:300: DeprecationWarning: invalid escape sequence '\['
  """home_timeline(*, count, since_id, max_id, trim_user, \
/usr/local/lib/python3.11/site-packages/tweepy/api.py:340: DeprecationWarning: invalid escape sequence '\['
  """mentions_timeline(*, count, since_id, max_id, trim_user, \
/usr/local/lib/python3.11/site-packages/tweepy/api.py:375: DeprecationWarning: invalid escape sequence '\['
  """user_timeline(*, user_id, screen_name, since_id, count, max_id, \
/usr/local/lib/python3.11/site-packages/tweepy/api.py:425: DeprecationWarning: invalid escape sequence '\['
  """get_favorites(*, user_id, screen_name, count, since_id, max_id, \
/usr/local/lib/python3.11/site-packages/tweepy/api.py:466: DeprecationWarning: invalid escape sequence '\['
  """lookup_statuses(id, *, include_entities, trim_user, map, \
/usr/local/lib/python3.11/site-packages/tweepy/api.py:608: DeprecationWarning: invalid escape sequence '\['
  """get_retweeter_ids(id, *, count, cursor, stringify_ids)
/usr/local/lib/python3.11/site-packages/tweepy/api.py:643: DeprecationWarning: invalid escape sequence '\['
  """get_retweets(id, *, count, trim_user)
/usr/local/lib/python3.11/site-packages/tweepy/api.py:676: DeprecationWarning: invalid escape sequence '\['
  """get_retweets_of_me(*, count, since_id, max_id, trim_user, \
/usr/local/lib/python3.11/site-packages/tweepy/api.py:1120: DeprecationWarning: invalid escape sequence '\ '
  """search_tweets(q, *, geocode, lang, locale, result_type, count, \
/usr/local/lib/python3.11/site-packages/tweepy/api.py:1232: DeprecationWarning: invalid escape sequence '\['
  """get_lists(*, user_id, screen_name, reverse)
/usr/local/lib/python3.11/site-packages/tweepy/api.py:1277: DeprecationWarning: invalid escape sequence '\['
  """get_list_members(*, list_id, slug, owner_screen_name, owner_id, \
/usr/local/lib/python3.11/site-packages/tweepy/api.py:1374: DeprecationWarning: invalid escape sequence '\['
  """get_list_memberships(*, user_id, screen_name, count, cursor, \
/usr/local/lib/python3.11/site-packages/tweepy/api.py:1417: DeprecationWarning: invalid escape sequence '\['
  """get_list_ownerships(*, user_id, screen_name, count, cursor)
/usr/local/lib/python3.11/site-packages/tweepy/api.py:1484: DeprecationWarning: invalid escape sequence '\['
  """list_timeline( \
/usr/local/lib/python3.11/site-packages/tweepy/api.py:1535: DeprecationWarning: invalid escape sequence '\['
  """get_list_subscribers( \
/usr/local/lib/python3.11/site-packages/tweepy/api.py:1634: DeprecationWarning: invalid escape sequence '\['
  """get_list_subscriptions(*, user_id, screen_name, count, cursor)
/usr/local/lib/python3.11/site-packages/tweepy/api.py:2002: DeprecationWarning: invalid escape sequence '\['
  """get_follower_ids(*, user_id, screen_name, cursor, stringify_ids, \
/usr/local/lib/python3.11/site-packages/tweepy/api.py:2041: DeprecationWarning: invalid escape sequence '\['
  """get_followers(*, user_id, screen_name, cursor, count, skip_status, \
/usr/local/lib/python3.11/site-packages/tweepy/api.py:2083: DeprecationWarning: invalid escape sequence '\['
  """get_friend_ids(*, user_id, screen_name, cursor, stringify_ids, \
/usr/local/lib/python3.11/site-packages/tweepy/api.py:2122: DeprecationWarning: invalid escape sequence '\['
  """get_friends(*, user_id, screen_name, cursor, count, skip_status, \
/usr/local/lib/python3.11/site-packages/tweepy/api.py:2164: DeprecationWarning: invalid escape sequence '\['
  """incoming_friendships(*, cursor, stringify_ids)
/usr/local/lib/python3.11/site-packages/tweepy/api.py:2195: DeprecationWarning: invalid escape sequence '\['
  """lookup_friendships(*, screen_name, user_id)
/usr/local/lib/python3.11/site-packages/tweepy/api.py:2224: DeprecationWarning: invalid escape sequence '\['
  """no_retweets_friendships(*, stringify_ids)
/usr/local/lib/python3.11/site-packages/tweepy/api.py:2251: DeprecationWarning: invalid escape sequence '\['
  """outgoing_friendships(*, cursor, stringify_ids)
/usr/local/lib/python3.11/site-packages/tweepy/api.py:2318: DeprecationWarning: invalid escape sequence '\['
  """lookup_users(*, screen_name, user_id, include_entities, tweet_mode)
/usr/local/lib/python3.11/site-packages/tweepy/api.py:2365: DeprecationWarning: invalid escape sequence '\['
  """search_users(q, *, page, count, include_entities)
/usr/local/lib/python3.11/site-packages/tweepy/api.py:2584: DeprecationWarning: invalid escape sequence '\['
  """get_saved_searches()
/usr/local/lib/python3.11/site-packages/tweepy/api.py:2899: DeprecationWarning: invalid escape sequence '\['
  """get_blocked_ids(*, stringify_ids, cursor)
/usr/local/lib/python3.11/site-packages/tweepy/api.py:2931: DeprecationWarning: invalid escape sequence '\['
  """get_blocks(*, include_entities, skip_status, cursor)
/usr/local/lib/python3.11/site-packages/tweepy/api.py:2965: DeprecationWarning: invalid escape sequence '\['
  """get_muted_ids(*, stringify_ids, cursor)
/usr/local/lib/python3.11/site-packages/tweepy/api.py:2996: DeprecationWarning: invalid escape sequence '\['
  """get_mutes(*, cursor, include_entities, skip_status)
/usr/local/lib/python3.11/site-packages/tweepy/api.py:3211: DeprecationWarning: invalid escape sequence '\['
  """get_direct_messages(*, count, cursor)
/usr/local/lib/python3.11/site-packages/tweepy/api.py:3880: DeprecationWarning: invalid escape sequence '\['
  """reverse_geocode(lat, long, *, accuracy, granularity, max_results)
/usr/local/lib/python3.11/site-packages/tweepy/api.py:3921: DeprecationWarning: invalid escape sequence '\['
  """search_geo(*, lat, long, query, ip, granularity, max_results)
2025-07-03 05:20:45,732 WARNING  Postmark server API token not found, email sending disabled
2025-07-03 05:20:46,031 INFO  [NotificationManager] started with PID 28
2025-07-03 05:20:46,032 INFO  [DatabaseManager] started with PID 29
2025-07-03 05:20:46,032 INFO  [AgentServer] Starting...
/usr/local/lib/python3.11/site-packages/websockets/legacy/__init__.py:6: DeprecationWarning: websockets.legacy is deprecated; see https://websockets.readthedocs.io/en/stable/howto/upgrade.html for upgrade instructions
  warnings.warn(  # deprecated in 14.0 - 2024-11-09
/usr/local/lib/python3.11/site-packages/uvicorn/protocols/websockets/websockets_impl.py:17: DeprecationWarning: websockets.server.WebSocketServerProtocol is deprecated
  from websockets.server import WebSocketServerProtocol
2025-07-03 05:20:48,661 INFO  Started server process [1]
2025-07-03 05:20:48,661 INFO  Waiting for application startup.
2025-07-03 05:20:48,721 INFO  [PID-1|THREAD-1|AgentServer|Prisma-a772fe0d-0ad8-4fb2-b2ac-7c6c09915b38] Acquiring connection started...
2025-07-03 05:20:52,721 INFO  [PID-1|THREAD-1|AgentServer|Prisma-a772fe0d-0ad8-4fb2-b2ac-7c6c09915b38] Acquiring connection completed successfully.
2025-07-03 05:20:53,224 ERROR  Traceback (most recent call last):
  File "/usr/local/lib/python3.11/site-packages/starlette/routing.py", line 692, in lifespan
    async with self.lifespan_context(app) as maybe_state:
  File "/usr/local/lib/python3.11/contextlib.py", line 210, in __aenter__
    return await anext(self.gen)
           ^^^^^^^^^^^^^^^^^^^^^
  File "/usr/local/lib/python3.11/site-packages/fastapi/routing.py", line 133, in merged_lifespan
    async with original_context(app) as maybe_original_state:
  File "/usr/local/lib/python3.11/contextlib.py", line 210, in __aenter__
    return await anext(self.gen)
           ^^^^^^^^^^^^^^^^^^^^^
  File "/usr/local/lib/python3.11/site-packages/fastapi/routing.py", line 133, in merged_lifespan
    async with original_context(app) as maybe_original_state:
  File "/usr/local/lib/python3.11/contextlib.py", line 210, in __aenter__
    return await anext(self.gen)
           ^^^^^^^^^^^^^^^^^^^^^
  File "/usr/local/lib/python3.11/site-packages/fastapi/routing.py", line 133, in merged_lifespan
    async with original_context(app) as maybe_original_state:
  File "/usr/local/lib/python3.11/contextlib.py", line 210, in __aenter__
    return await anext(self.gen)
           ^^^^^^^^^^^^^^^^^^^^^
  File "/usr/local/lib/python3.11/site-packages/fastapi/routing.py", line 133, in merged_lifespan
    async with original_context(app) as maybe_original_state:
  File "/usr/local/lib/python3.11/contextlib.py", line 210, in __aenter__
    return await anext(self.gen)
           ^^^^^^^^^^^^^^^^^^^^^
  File "/usr/local/lib/python3.11/site-packages/fastapi/routing.py", line 133, in merged_lifespan
    async with original_context(app) as maybe_original_state:
  File "/usr/local/lib/python3.11/contextlib.py", line 210, in __aenter__
    return await anext(self.gen)
           ^^^^^^^^^^^^^^^^^^^^^
  File "/usr/local/lib/python3.11/site-packages/fastapi/routing.py", line 133, in merged_lifespan
    async with original_context(app) as maybe_original_state:
  File "/usr/local/lib/python3.11/contextlib.py", line 210, in __aenter__
    return await anext(self.gen)
           ^^^^^^^^^^^^^^^^^^^^^
  File "/usr/local/lib/python3.11/site-packages/fastapi/routing.py", line 133, in merged_lifespan
    async with original_context(app) as maybe_original_state:
  File "/usr/local/lib/python3.11/contextlib.py", line 210, in __aenter__
    return await anext(self.gen)
           ^^^^^^^^^^^^^^^^^^^^^
  File "/usr/local/lib/python3.11/site-packages/fastapi/routing.py", line 133, in merged_lifespan
    async with original_context(app) as maybe_original_state:
  File "/usr/local/lib/python3.11/contextlib.py", line 210, in __aenter__
    return await anext(self.gen)
           ^^^^^^^^^^^^^^^^^^^^^
  File "/app/autogpt_platform/backend/backend/server/rest_api.py", line 64, in lifespan_context
    await backend.data.block.initialize_blocks()
  File "/app/autogpt_platform/backend/backend/data/block.py", line 517, in initialize_blocks
    existing_block = await AgentBlock.prisma().find_first(
                     ^^^^^^^^^^^^^^^^^^^^^^^^^^^^^^^^^^^^^
  File "/usr/local/lib/python3.11/site-packages/prisma/actions.py", line 9809, in find_first
    resp = await self._client._execute(
           ^^^^^^^^^^^^^^^^^^^^^^^^^^^^
  File "/usr/local/lib/python3.11/site-packages/prisma/_base_client.py", line 543, in _execute
    return await self._engine.query(builder.build(), tx_id=self._tx_id)
           ^^^^^^^^^^^^^^^^^^^^^^^^^^^^^^^^^^^^^^^^^^^^^^^^^^^^^^^^^^^^
  File "/usr/local/lib/python3.11/site-packages/prisma/engine/_query.py", line 402, in query
    return await self.request(
           ^^^^^^^^^^^^^^^^^^^
  File "/usr/local/lib/python3.11/site-packages/prisma/engine/_http.py", line 233, in request
    return self._process_response_data(data=data, response=response)
           ^^^^^^^^^^^^^^^^^^^^^^^^^^^^^^^^^^^^^^^^^^^^^^^^^^^^^^^^^
  File "/usr/local/lib/python3.11/site-packages/prisma/engine/_http.py", line 87, in _process_response_data
    return utils.handle_response_errors(response, errors_data)
           ^^^^^^^^^^^^^^^^^^^^^^^^^^^^^^^^^^^^^^^^^^^^^^^^^^^
  File "/usr/local/lib/python3.11/site-packages/prisma/engine/utils.py", line 175, in handle_response_errors
    raise exc(error)
prisma.errors.TableNotFoundError: The table `public.AgentBlock` does not exist in the current database.
2025-07-03 05:20:53,826 ERROR  Application startup failed. Exiting.
2025-07-03 05:20:53,923 WARNING  [AgentServer] Terminated: 3; quitting...
2025-07-03 05:20:53,923 INFO  [AgentServer] ⏳ Shutting down Agent Server...
2025-07-03 05:20:53,923 INFO  [AgentServer] Terminated.
2025-07-03 05:20:54,021 INFO  [NotificationManager] with PID 28 stopped
2025-07-03 05:20:54,030 INFO  [DatabaseManager] with PID 29 stopped
Skipping virtualenv creation, as specified in config file.
/usr/local/lib/python3.11/site-packages/qdrant_client/http/models/models.py:758: DeprecationWarning: invalid escape sequence '\&'
  description="Check that the field is empty, alternative syntax for `is_empty: \&quot;field_name\&quot;`",
/usr/local/lib/python3.11/site-packages/qdrant_client/http/models/models.py:762: DeprecationWarning: invalid escape sequence '\&'
  description="Check that the field is null, alternative syntax for `is_null: \&quot;field_name\&quot;`",
/usr/local/lib/python3.11/site-packages/discord/player.py:29: DeprecationWarning: 'audioop' is deprecated and slated for removal in Python 3.13
  import audioop
/usr/local/lib/python3.11/site-packages/tweepy/api.py:300: DeprecationWarning: invalid escape sequence '\['
  """home_timeline(*, count, since_id, max_id, trim_user, \
/usr/local/lib/python3.11/site-packages/tweepy/api.py:340: DeprecationWarning: invalid escape sequence '\['
  """mentions_timeline(*, count, since_id, max_id, trim_user, \
/usr/local/lib/python3.11/site-packages/tweepy/api.py:375: DeprecationWarning: invalid escape sequence '\['
  """user_timeline(*, user_id, screen_name, since_id, count, max_id, \
/usr/local/lib/python3.11/site-packages/tweepy/api.py:425: DeprecationWarning: invalid escape sequence '\['
  """get_favorites(*, user_id, screen_name, count, since_id, max_id, \
/usr/local/lib/python3.11/site-packages/tweepy/api.py:466: DeprecationWarning: invalid escape sequence '\['
  """lookup_statuses(id, *, include_entities, trim_user, map, \
/usr/local/lib/python3.11/site-packages/tweepy/api.py:608: DeprecationWarning: invalid escape sequence '\['
  """get_retweeter_ids(id, *, count, cursor, stringify_ids)
/usr/local/lib/python3.11/site-packages/tweepy/api.py:643: DeprecationWarning: invalid escape sequence '\['
  """get_retweets(id, *, count, trim_user)
/usr/local/lib/python3.11/site-packages/tweepy/api.py:676: DeprecationWarning: invalid escape sequence '\['
  """get_retweets_of_me(*, count, since_id, max_id, trim_user, \
/usr/local/lib/python3.11/site-packages/tweepy/api.py:1120: DeprecationWarning: invalid escape sequence '\ '
  """search_tweets(q, *, geocode, lang, locale, result_type, count, \
/usr/local/lib/python3.11/site-packages/tweepy/api.py:1232: DeprecationWarning: invalid escape sequence '\['
  """get_lists(*, user_id, screen_name, reverse)
/usr/local/lib/python3.11/site-packages/tweepy/api.py:1277: DeprecationWarning: invalid escape sequence '\['
  """get_list_members(*, list_id, slug, owner_screen_name, owner_id, \
/usr/local/lib/python3.11/site-packages/tweepy/api.py:1374: DeprecationWarning: invalid escape sequence '\['
  """get_list_memberships(*, user_id, screen_name, count, cursor, \
/usr/local/lib/python3.11/site-packages/tweepy/api.py:1417: DeprecationWarning: invalid escape sequence '\['
  """get_list_ownerships(*, user_id, screen_name, count, cursor)
/usr/local/lib/python3.11/site-packages/tweepy/api.py:1484: DeprecationWarning: invalid escape sequence '\['
  """list_timeline( \
/usr/local/lib/python3.11/site-packages/tweepy/api.py:1535: DeprecationWarning: invalid escape sequence '\['
  """get_list_subscribers( \
/usr/local/lib/python3.11/site-packages/tweepy/api.py:1634: DeprecationWarning: invalid escape sequence '\['
  """get_list_subscriptions(*, user_id, screen_name, count, cursor)
/usr/local/lib/python3.11/site-packages/tweepy/api.py:2002: DeprecationWarning: invalid escape sequence '\['
  """get_follower_ids(*, user_id, screen_name, cursor, stringify_ids, \
/usr/local/lib/python3.11/site-packages/tweepy/api.py:2041: DeprecationWarning: invalid escape sequence '\['
  """get_followers(*, user_id, screen_name, cursor, count, skip_status, \
/usr/local/lib/python3.11/site-packages/tweepy/api.py:2083: DeprecationWarning: invalid escape sequence '\['
  """get_friend_ids(*, user_id, screen_name, cursor, stringify_ids, \
/usr/local/lib/python3.11/site-packages/tweepy/api.py:2122: DeprecationWarning: invalid escape sequence '\['
  """get_friends(*, user_id, screen_name, cursor, count, skip_status, \
/usr/local/lib/python3.11/site-packages/tweepy/api.py:2164: DeprecationWarning: invalid escape sequence '\['
  """incoming_friendships(*, cursor, stringify_ids)
/usr/local/lib/python3.11/site-packages/tweepy/api.py:2195: DeprecationWarning: invalid escape sequence '\['
  """lookup_friendships(*, screen_name, user_id)
/usr/local/lib/python3.11/site-packages/tweepy/api.py:2224: DeprecationWarning: invalid escape sequence '\['
  """no_retweets_friendships(*, stringify_ids)
/usr/local/lib/python3.11/site-packages/tweepy/api.py:2251: DeprecationWarning: invalid escape sequence '\['
  """outgoing_friendships(*, cursor, stringify_ids)
/usr/local/lib/python3.11/site-packages/tweepy/api.py:2318: DeprecationWarning: invalid escape sequence '\['
  """lookup_users(*, screen_name, user_id, include_entities, tweet_mode)
/usr/local/lib/python3.11/site-packages/tweepy/api.py:2365: DeprecationWarning: invalid escape sequence '\['
  """search_users(q, *, page, count, include_entities)
/usr/local/lib/python3.11/site-packages/tweepy/api.py:2584: DeprecationWarning: invalid escape sequence '\['
  """get_saved_searches()
/usr/local/lib/python3.11/site-packages/tweepy/api.py:2899: DeprecationWarning: invalid escape sequence '\['
  """get_blocked_ids(*, stringify_ids, cursor)
/usr/local/lib/python3.11/site-packages/tweepy/api.py:2931: DeprecationWarning: invalid escape sequence '\['
  """get_blocks(*, include_entities, skip_status, cursor)
/usr/local/lib/python3.11/site-packages/tweepy/api.py:2965: DeprecationWarning: invalid escape sequence '\['
  """get_muted_ids(*, stringify_ids, cursor)
/usr/local/lib/python3.11/site-packages/tweepy/api.py:2996: DeprecationWarning: invalid escape sequence '\['
  """get_mutes(*, cursor, include_entities, skip_status)
/usr/local/lib/python3.11/site-packages/tweepy/api.py:3211: DeprecationWarning: invalid escape sequence '\['
  """get_direct_messages(*, count, cursor)
/usr/local/lib/python3.11/site-packages/tweepy/api.py:3880: DeprecationWarning: invalid escape sequence '\['
  """reverse_geocode(lat, long, *, accuracy, granularity, max_results)
/usr/local/lib/python3.11/site-packages/tweepy/api.py:3921: DeprecationWarning: invalid escape sequence '\['
  """search_geo(*, lat, long, query, ip, granularity, max_results)
2025-07-03 05:24:12,136 WARNING  Postmark server API token not found, email sending disabled
2025-07-03 05:24:12,526 INFO  [NotificationManager] started with PID 28
2025-07-03 05:24:12,528 INFO  [DatabaseManager] started with PID 29
2025-07-03 05:24:12,528 INFO  [AgentServer] Starting...
/usr/local/lib/python3.11/site-packages/websockets/legacy/__init__.py:6: DeprecationWarning: websockets.legacy is deprecated; see https://websockets.readthedocs.io/en/stable/howto/upgrade.html for upgrade instructions
  warnings.warn(  # deprecated in 14.0 - 2024-11-09
/usr/local/lib/python3.11/site-packages/uvicorn/protocols/websockets/websockets_impl.py:17: DeprecationWarning: websockets.server.WebSocketServerProtocol is deprecated
  from websockets.server import WebSocketServerProtocol
2025-07-03 05:24:15,026 INFO  Started server process [1]
2025-07-03 05:24:15,124 INFO  Waiting for application startup.
2025-07-03 05:24:15,125 INFO  [PID-1|THREAD-1|AgentServer|Prisma-b2a445e3-6af5-47a4-8ea8-65997dbb51df] Acquiring connection started...
2025-07-03 05:24:17,627 INFO  [PID-1|THREAD-1|AgentServer|Prisma-b2a445e3-6af5-47a4-8ea8-65997dbb51df] Acquiring connection completed successfully.
2025-07-03 05:24:18,026 ERROR  Traceback (most recent call last):
  File "/usr/local/lib/python3.11/site-packages/starlette/routing.py", line 692, in lifespan
    async with self.lifespan_context(app) as maybe_state:
  File "/usr/local/lib/python3.11/contextlib.py", line 210, in __aenter__
    return await anext(self.gen)
           ^^^^^^^^^^^^^^^^^^^^^
  File "/usr/local/lib/python3.11/site-packages/fastapi/routing.py", line 133, in merged_lifespan
    async with original_context(app) as maybe_original_state:
  File "/usr/local/lib/python3.11/contextlib.py", line 210, in __aenter__
    return await anext(self.gen)
           ^^^^^^^^^^^^^^^^^^^^^
  File "/usr/local/lib/python3.11/site-packages/fastapi/routing.py", line 133, in merged_lifespan
    async with original_context(app) as maybe_original_state:
  File "/usr/local/lib/python3.11/contextlib.py", line 210, in __aenter__
    return await anext(self.gen)
           ^^^^^^^^^^^^^^^^^^^^^
  File "/usr/local/lib/python3.11/site-packages/fastapi/routing.py", line 133, in merged_lifespan
    async with original_context(app) as maybe_original_state:
  File "/usr/local/lib/python3.11/contextlib.py", line 210, in __aenter__
    return await anext(self.gen)
           ^^^^^^^^^^^^^^^^^^^^^
  File "/usr/local/lib/python3.11/site-packages/fastapi/routing.py", line 133, in merged_lifespan
    async with original_context(app) as maybe_original_state:
  File "/usr/local/lib/python3.11/contextlib.py", line 210, in __aenter__
    return await anext(self.gen)
           ^^^^^^^^^^^^^^^^^^^^^
  File "/usr/local/lib/python3.11/site-packages/fastapi/routing.py", line 133, in merged_lifespan
    async with original_context(app) as maybe_original_state:
  File "/usr/local/lib/python3.11/contextlib.py", line 210, in __aenter__
    return await anext(self.gen)
           ^^^^^^^^^^^^^^^^^^^^^
  File "/usr/local/lib/python3.11/site-packages/fastapi/routing.py", line 133, in merged_lifespan
    async with original_context(app) as maybe_original_state:
  File "/usr/local/lib/python3.11/contextlib.py", line 210, in __aenter__
    return await anext(self.gen)
           ^^^^^^^^^^^^^^^^^^^^^
  File "/usr/local/lib/python3.11/site-packages/fastapi/routing.py", line 133, in merged_lifespan
    async with original_context(app) as maybe_original_state:
  File "/usr/local/lib/python3.11/contextlib.py", line 210, in __aenter__
    return await anext(self.gen)
           ^^^^^^^^^^^^^^^^^^^^^
  File "/usr/local/lib/python3.11/site-packages/fastapi/routing.py", line 133, in merged_lifespan
    async with original_context(app) as maybe_original_state:
  File "/usr/local/lib/python3.11/contextlib.py", line 210, in __aenter__
    return await anext(self.gen)
           ^^^^^^^^^^^^^^^^^^^^^
  File "/app/autogpt_platform/backend/backend/server/rest_api.py", line 64, in lifespan_context
    await backend.data.block.initialize_blocks()
  File "/app/autogpt_platform/backend/backend/data/block.py", line 517, in initialize_blocks
    existing_block = await AgentBlock.prisma().find_first(
                     ^^^^^^^^^^^^^^^^^^^^^^^^^^^^^^^^^^^^^
  File "/usr/local/lib/python3.11/site-packages/prisma/actions.py", line 9809, in find_first
    resp = await self._client._execute(
           ^^^^^^^^^^^^^^^^^^^^^^^^^^^^
  File "/usr/local/lib/python3.11/site-packages/prisma/_base_client.py", line 543, in _execute
    return await self._engine.query(builder.build(), tx_id=self._tx_id)
           ^^^^^^^^^^^^^^^^^^^^^^^^^^^^^^^^^^^^^^^^^^^^^^^^^^^^^^^^^^^^
  File "/usr/local/lib/python3.11/site-packages/prisma/engine/_query.py", line 402, in query
    return await self.request(
           ^^^^^^^^^^^^^^^^^^^
  File "/usr/local/lib/python3.11/site-packages/prisma/engine/_http.py", line 233, in request
    return self._process_response_data(data=data, response=response)
           ^^^^^^^^^^^^^^^^^^^^^^^^^^^^^^^^^^^^^^^^^^^^^^^^^^^^^^^^^
  File "/usr/local/lib/python3.11/site-packages/prisma/engine/_http.py", line 87, in _process_response_data
    return utils.handle_response_errors(response, errors_data)
           ^^^^^^^^^^^^^^^^^^^^^^^^^^^^^^^^^^^^^^^^^^^^^^^^^^^
  File "/usr/local/lib/python3.11/site-packages/prisma/engine/utils.py", line 175, in handle_response_errors
    raise exc(error)
prisma.errors.TableNotFoundError: The table `public.AgentBlock` does not exist in the current database.
2025-07-03 05:24:18,625 ERROR  Application startup failed. Exiting.
2025-07-03 05:24:18,628 WARNING  [AgentServer] Terminated: 3; quitting...
2025-07-03 05:24:18,628 INFO  [AgentServer] ⏳ Shutting down Agent Server...
2025-07-03 05:24:18,628 INFO  [AgentServer] Terminated.
2025-07-03 05:24:18,726 INFO  [NotificationManager] with PID 28 stopped
2025-07-03 05:24:18,730 INFO  [DatabaseManager] with PID 29 stopped
==> Timed out: Port scan timeout reached, no open ports detected on 0.0.0.0. Detected open ports on localhost -- did you mean to bind one of these to 0.0.0.0?
==> Common ways to troubleshoot your deploy: https://render.com/docs/troubleshooting-deploys